2023-09-06 01:57:26,381 INFO    StreamThr :44780 [internal.py:wandb_internal():86] W&B internal server running at pid: 44780, started at: 2023-09-06 01:57:26.381138
2023-09-06 01:57:26,383 DEBUG   HandlerThread:44780 [handler.py:handle_request():144] handle_request: status
2023-09-06 01:57:26,385 INFO    WriterThread:44780 [datastore.py:open_for_write():85] open: /root/BitFlip/DQNwithHer/outputs/2023-09-06/01-57-24/wandb/run-20230906_015726-qc2wnas8/run-qc2wnas8.wandb
2023-09-06 01:57:26,388 DEBUG   SenderThread:44780 [sender.py:send():379] send: header
2023-09-06 01:57:26,413 DEBUG   SenderThread:44780 [sender.py:send():379] send: run
2023-09-06 01:57:27,167 INFO    SenderThread:44780 [dir_watcher.py:__init__():211] watching files in: /root/BitFlip/DQNwithHer/outputs/2023-09-06/01-57-24/wandb/run-20230906_015726-qc2wnas8/files
2023-09-06 01:57:27,167 INFO    SenderThread:44780 [sender.py:_start_run_threads():1121] run started: qc2wnas8 with start time 1693936646.380544
2023-09-06 01:57:27,176 DEBUG   SenderThread:44780 [sender.py:send_request():406] send_request: summary_record
2023-09-06 01:57:27,176 INFO    SenderThread:44780 [sender.py:_save_file():1375] saving file wandb-summary.json with policy end
2023-09-06 01:57:27,183 DEBUG   HandlerThread:44780 [handler.py:handle_request():144] handle_request: check_version
2023-09-06 01:57:27,184 DEBUG   SenderThread:44780 [sender.py:send_request():406] send_request: check_version
2023-09-06 01:57:27,499 DEBUG   HandlerThread:44780 [handler.py:handle_request():144] handle_request: run_start
2023-09-06 01:57:27,516 DEBUG   HandlerThread:44780 [system_info.py:__init__():31] System info init
2023-09-06 01:57:27,516 DEBUG   HandlerThread:44780 [system_info.py:__init__():46] System info init done
2023-09-06 01:57:27,516 INFO    HandlerThread:44780 [system_monitor.py:start():181] Starting system monitor
2023-09-06 01:57:27,516 INFO    SystemMonitor:44780 [system_monitor.py:_start():145] Starting system asset monitoring threads
2023-09-06 01:57:27,518 INFO    HandlerThread:44780 [system_monitor.py:probe():201] Collecting system info
2023-09-06 01:57:27,519 INFO    SystemMonitor:44780 [interfaces.py:start():190] Started cpu monitoring
2023-09-06 01:57:27,521 INFO    SystemMonitor:44780 [interfaces.py:start():190] Started disk monitoring
2023-09-06 01:57:27,523 INFO    SystemMonitor:44780 [interfaces.py:start():190] Started gpu monitoring
2023-09-06 01:57:27,534 INFO    SystemMonitor:44780 [interfaces.py:start():190] Started memory monitoring
2023-09-06 01:57:27,537 INFO    SystemMonitor:44780 [interfaces.py:start():190] Started network monitoring
2023-09-06 01:57:27,580 DEBUG   HandlerThread:44780 [system_info.py:probe():195] Probing system
2023-09-06 01:57:27,592 DEBUG   HandlerThread:44780 [system_info.py:_probe_git():180] Probing git
2023-09-06 01:57:27,611 DEBUG   HandlerThread:44780 [system_info.py:_probe_git():188] Probing git done
2023-09-06 01:57:27,612 DEBUG   HandlerThread:44780 [system_info.py:probe():240] Probing system done
2023-09-06 01:57:27,612 DEBUG   HandlerThread:44780 [system_monitor.py:probe():210] {'os': 'Linux-5.4.0-132-generic-x86_64-with-glibc2.35', 'python': '3.9.17', 'heartbeatAt': '2023-09-05T17:57:27.580878', 'startedAt': '2023-09-05T17:57:26.371877', 'docker': None, 'cuda': None, 'args': ('minimal_size=64', 'length=8', 'use_wandb=true', 'epsilon=0.9', 'delta_epsilon=1e-5', 'lr=1e-4'), 'state': 'running', 'program': '/root/BitFlip/DQNwithHer/main.py', 'codePath': 'DQNwithHer/main.py', 'git': {'remote': 'git@github.com:chjchjchjchjchj/BitFlip.git', 'commit': 'de64834fe3b96021cf8ea4590011ec505c48b8c7'}, 'email': 'chjchjchjchjchj2001@gmail.com', 'root': '/root/BitFlip', 'host': 'autodl-container-b06911993c-7c1fab7a', 'username': 'root', 'executable': '/root/miniconda3/envs/ling/bin/python', 'cpu_count': 64, 'cpu_count_logical': 128, 'cpu_freq': {'current': 1165.9395234374992, 'min': 800.0, 'max': 3500.0}, 'cpu_freq_per_core': [{'current': 953.167, 'min': 800.0, 'max': 3500.0}, {'current': 799.014, 'min': 800.0, 'max': 3500.0}, {'current': 800.0, 'min': 800.0, 'max': 3500.0}, {'current': 857.014, 'min': 800.0, 'max': 3500.0}, {'current': 2600.0, 'min': 800.0, 'max': 3500.0}, {'current': 800.0, 'min': 800.0, 'max': 3500.0}, {'current': 900.0, 'min': 800.0, 'max': 3500.0}, {'current': 3075.397, 'min': 800.0, 'max': 3500.0}, {'current': 800.0, 'min': 800.0, 'max': 3500.0}, {'current': 799.94, 'min': 800.0, 'max': 3500.0}, {'current': 799.931, 'min': 800.0, 'max': 3500.0}, {'current': 1845.048, 'min': 800.0, 'max': 3500.0}, {'current': 1084.745, 'min': 800.0, 'max': 3500.0}, {'current': 926.02, 'min': 800.0, 'max': 3500.0}, {'current': 800.026, 'min': 800.0, 'max': 3500.0}, {'current': 799.834, 'min': 800.0, 'max': 3500.0}, {'current': 1091.992, 'min': 800.0, 'max': 3500.0}, {'current': 798.954, 'min': 800.0, 'max': 3500.0}, {'current': 800.626, 'min': 800.0, 'max': 3500.0}, {'current': 800.657, 'min': 800.0, 'max': 3500.0}, {'current': 800.985, 'min': 800.0, 'max': 3500.0}, {'current': 2500.0, 'min': 800.0, 'max': 3500.0}, {'current': 800.0, 'min': 800.0, 'max': 3500.0}, {'current': 1787.352, 'min': 800.0, 'max': 3500.0}, {'current': 868.965, 'min': 800.0, 'max': 3500.0}, {'current': 800.04, 'min': 800.0, 'max': 3500.0}, {'current': 863.058, 'min': 800.0, 'max': 3500.0}, {'current': 800.953, 'min': 800.0, 'max': 3500.0}, {'current': 799.969, 'min': 800.0, 'max': 3500.0}, {'current': 895.884, 'min': 800.0, 'max': 3500.0}, {'current': 800.334, 'min': 800.0, 'max': 3500.0}, {'current': 800.642, 'min': 800.0, 'max': 3500.0}, {'current': 1670.588, 'min': 800.0, 'max': 3500.0}, {'current': 1910.075, 'min': 800.0, 'max': 3500.0}, {'current': 846.402, 'min': 800.0, 'max': 3500.0}, {'current': 800.647, 'min': 800.0, 'max': 3500.0}, {'current': 800.321, 'min': 800.0, 'max': 3500.0}, {'current': 800.928, 'min': 800.0, 'max': 3500.0}, {'current': 1649.797, 'min': 800.0, 'max': 3500.0}, {'current': 1617.9, 'min': 800.0, 'max': 3500.0}, {'current': 800.917, 'min': 800.0, 'max': 3500.0}, {'current': 3164.109, 'min': 800.0, 'max': 3500.0}, {'current': 800.941, 'min': 800.0, 'max': 3500.0}, {'current': 1607.278, 'min': 800.0, 'max': 3500.0}, {'current': 1631.044, 'min': 800.0, 'max': 3500.0}, {'current': 1673.342, 'min': 800.0, 'max': 3500.0}, {'current': 800.625, 'min': 800.0, 'max': 3500.0}, {'current': 1611.588, 'min': 800.0, 'max': 3500.0}, {'current': 1288.403, 'min': 800.0, 'max': 3500.0}, {'current': 1309.518, 'min': 800.0, 'max': 3500.0}, {'current': 1608.727, 'min': 800.0, 'max': 3500.0}, {'current': 800.936, 'min': 800.0, 'max': 3500.0}, {'current': 800.912, 'min': 800.0, 'max': 3500.0}, {'current': 800.306, 'min': 800.0, 'max': 3500.0}, {'current': 1606.332, 'min': 800.0, 'max': 3500.0}, {'current': 1077.246, 'min': 800.0, 'max': 3500.0}, {'current': 1286.29, 'min': 800.0, 'max': 3500.0}, {'current': 799.334, 'min': 800.0, 'max': 3500.0}, {'current': 1135.103, 'min': 800.0, 'max': 3500.0}, {'current': 1645.435, 'min': 800.0, 'max': 3500.0}, {'current': 801.892, 'min': 800.0, 'max': 3500.0}, {'current': 872.99, 'min': 800.0, 'max': 3500.0}, {'current': 800.0, 'min': 800.0, 'max': 3500.0}, {'current': 2600.002, 'min': 800.0, 'max': 3500.0}, {'current': 1099.845, 'min': 800.0, 'max': 3500.0}, {'current': 900.0, 'min': 800.0, 'max': 3500.0}, {'current': 800.988, 'min': 800.0, 'max': 3500.0}, {'current': 844.79, 'min': 800.0, 'max': 3500.0}, {'current': 2600.002, 'min': 800.0, 'max': 3500.0}, {'current': 800.0, 'min': 800.0, 'max': 3500.0}, {'current': 900.0, 'min': 800.0, 'max': 3500.0}, {'current': 3021.211, 'min': 800.0, 'max': 3500.0}, {'current': 800.968, 'min': 800.0, 'max': 3500.0}, {'current': 800.0, 'min': 800.0, 'max': 3500.0}, {'current': 800.0, 'min': 800.0, 'max': 3500.0}, {'current': 1332.949, 'min': 800.0, 'max': 3500.0}, {'current': 1600.145, 'min': 800.0, 'max': 3500.0}, {'current': 800.0, 'min': 800.0, 'max': 3500.0}, {'current': 800.0, 'min': 800.0, 'max': 3500.0}, {'current': 798.986, 'min': 800.0, 'max': 3500.0}, {'current': 800.0, 'min': 800.0, 'max': 3500.0}, {'current': 800.0, 'min': 800.0, 'max': 3500.0}, {'current': 800.452, 'min': 800.0, 'max': 3500.0}, {'current': 801.0, 'min': 800.0, 'max': 3500.0}, {'current': 801.275, 'min': 800.0, 'max': 3500.0}, {'current': 2548.437, 'min': 800.0, 'max': 3500.0}, {'current': 799.203, 'min': 800.0, 'max': 3500.0}, {'current': 1763.829, 'min': 800.0, 'max': 3500.0}, {'current': 899.167, 'min': 800.0, 'max': 3500.0}, {'current': 801.034, 'min': 800.0, 'max': 3500.0}, {'current': 841.689, 'min': 800.0, 'max': 3500.0}, {'current': 801.377, 'min': 800.0, 'max': 3500.0}, {'current': 800.933, 'min': 800.0, 'max': 3500.0}, {'current': 900.0, 'min': 800.0, 'max': 3500.0}, {'current': 801.003, 'min': 800.0, 'max': 3500.0}, {'current': 800.949, 'min': 800.0, 'max': 3500.0}, {'current': 1599.164, 'min': 800.0, 'max': 3500.0}, {'current': 1400.886, 'min': 800.0, 'max': 3500.0}, {'current': 854.078, 'min': 800.0, 'max': 3500.0}, {'current': 800.944, 'min': 800.0, 'max': 3500.0}, {'current': 801.381, 'min': 800.0, 'max': 3500.0}, {'current': 800.0, 'min': 800.0, 'max': 3500.0}, {'current': 1703.107, 'min': 800.0, 'max': 3500.0}, {'current': 1602.758, 'min': 800.0, 'max': 3500.0}, {'current': 800.295, 'min': 800.0, 'max': 3500.0}, {'current': 2869.612, 'min': 800.0, 'max': 3500.0}, {'current': 801.352, 'min': 800.0, 'max': 3500.0}, {'current': 1602.614, 'min': 800.0, 'max': 3500.0}, {'current': 1604.452, 'min': 800.0, 'max': 3500.0}, {'current': 1599.099, 'min': 800.0, 'max': 3500.0}, {'current': 800.804, 'min': 800.0, 'max': 3500.0}, {'current': 1604.507, 'min': 800.0, 'max': 3500.0}, {'current': 1050.519, 'min': 800.0, 'max': 3500.0}, {'current': 1598.616, 'min': 800.0, 'max': 3500.0}, {'current': 1603.83, 'min': 800.0, 'max': 3500.0}, {'current': 799.958, 'min': 800.0, 'max': 3500.0}, {'current': 2492.71, 'min': 800.0, 'max': 3500.0}, {'current': 801.321, 'min': 800.0, 'max': 3500.0}, {'current': 1600.492, 'min': 800.0, 'max': 3500.0}, {'current': 1602.877, 'min': 800.0, 'max': 3500.0}, {'current': 1599.262, 'min': 800.0, 'max': 3500.0}, {'current': 800.0, 'min': 800.0, 'max': 3500.0}, {'current': 1581.774, 'min': 800.0, 'max': 3500.0}, {'current': 1698.599, 'min': 800.0, 'max': 3500.0}, {'current': 800.095, 'min': 800.0, 'max': 3500.0}, {'current': 900.0, 'min': 800.0, 'max': 3500.0}, {'current': 801.018, 'min': 800.0, 'max': 3500.0}, {'current': 2600.0, 'min': 800.0, 'max': 3500.0}], 'disk': {'total': 30.0, 'used': 11.083431243896484}, 'gpu': 'NVIDIA GeForce RTX 3090', 'gpu_count': 4, 'gpu_devices': [{'name': 'NVIDIA GeForce RTX 3090', 'memory_total': 25769803776}, {'name': 'NVIDIA GeForce RTX 3090', 'memory_total': 25769803776}, {'name': 'NVIDIA GeForce RTX 3090', 'memory_total': 25769803776}, {'name': 'NVIDIA GeForce RTX 3090', 'memory_total': 25769803776}], 'memory': {'total': 377.53807830810547}}
2023-09-06 01:57:27,612 INFO    HandlerThread:44780 [system_monitor.py:probe():211] Finished collecting system info
2023-09-06 01:57:27,612 INFO    HandlerThread:44780 [system_monitor.py:probe():214] Publishing system info
2023-09-06 01:57:27,612 DEBUG   HandlerThread:44780 [system_info.py:_save_pip():51] Saving list of pip packages installed into the current environment
2023-09-06 01:57:27,613 DEBUG   HandlerThread:44780 [system_info.py:_save_pip():67] Saving pip packages done
2023-09-06 01:57:27,613 DEBUG   HandlerThread:44780 [system_info.py:_save_conda():74] Saving list of conda packages installed into the current environment
2023-09-06 01:57:27,621 ERROR   HandlerThread:44780 [system_info.py:_save_conda():85] Error saving conda packages: [Errno 2] No such file or directory: 'conda'
Traceback (most recent call last):
  File "/root/miniconda3/envs/ling/lib/python3.9/site-packages/wandb/sdk/internal/system/system_info.py", line 81, in _save_conda
    subprocess.call(
  File "/root/miniconda3/envs/ling/lib/python3.9/subprocess.py", line 349, in call
    with Popen(*popenargs, **kwargs) as p:
  File "/root/miniconda3/envs/ling/lib/python3.9/subprocess.py", line 951, in __init__
    self._execute_child(args, executable, preexec_fn, close_fds,
  File "/root/miniconda3/envs/ling/lib/python3.9/subprocess.py", line 1837, in _execute_child
    raise child_exception_type(errno_num, err_msg, err_filename)
FileNotFoundError: [Errno 2] No such file or directory: 'conda'
2023-09-06 01:57:27,622 DEBUG   HandlerThread:44780 [system_info.py:_save_conda():86] Saving conda packages done
2023-09-06 01:57:27,623 INFO    HandlerThread:44780 [system_monitor.py:probe():216] Finished publishing system info
2023-09-06 01:57:27,630 DEBUG   SenderThread:44780 [sender.py:send():379] send: files
2023-09-06 01:57:27,630 INFO    SenderThread:44780 [sender.py:_save_file():1375] saving file wandb-metadata.json with policy now
2023-09-06 01:57:27,642 DEBUG   HandlerThread:44780 [handler.py:handle_request():144] handle_request: stop_status
2023-09-06 01:57:27,643 DEBUG   SenderThread:44780 [sender.py:send_request():406] send_request: stop_status
2023-09-06 01:57:28,087 DEBUG   SenderThread:44780 [sender.py:send():379] send: telemetry
2023-09-06 01:57:28,174 INFO    Thread-12 :44780 [dir_watcher.py:_on_file_created():271] file/dir created: /root/BitFlip/DQNwithHer/outputs/2023-09-06/01-57-24/wandb/run-20230906_015726-qc2wnas8/files/wandb-metadata.json
2023-09-06 01:57:28,174 INFO    Thread-12 :44780 [dir_watcher.py:_on_file_created():271] file/dir created: /root/BitFlip/DQNwithHer/outputs/2023-09-06/01-57-24/wandb/run-20230906_015726-qc2wnas8/files/conda-environment.yaml
2023-09-06 01:57:28,175 INFO    Thread-12 :44780 [dir_watcher.py:_on_file_created():271] file/dir created: /root/BitFlip/DQNwithHer/outputs/2023-09-06/01-57-24/wandb/run-20230906_015726-qc2wnas8/files/requirements.txt
2023-09-06 01:57:28,175 INFO    Thread-12 :44780 [dir_watcher.py:_on_file_created():271] file/dir created: /root/BitFlip/DQNwithHer/outputs/2023-09-06/01-57-24/wandb/run-20230906_015726-qc2wnas8/files/wandb-summary.json
2023-09-06 01:57:28,176 INFO    Thread-12 :44780 [dir_watcher.py:_on_file_created():271] file/dir created: /root/BitFlip/DQNwithHer/outputs/2023-09-06/01-57-24/wandb/run-20230906_015726-qc2wnas8/files/output.log
2023-09-06 01:57:29,968 DEBUG   HandlerThread:44780 [handler.py:handle_request():144] handle_request: partial_history
2023-09-06 01:57:29,973 DEBUG   SenderThread:44780 [sender.py:send():379] send: history
2023-09-06 01:57:29,974 DEBUG   SenderThread:44780 [sender.py:send_request():406] send_request: summary_record
2023-09-06 01:57:29,975 INFO    SenderThread:44780 [sender.py:_save_file():1375] saving file wandb-summary.json with policy end
2023-09-06 01:57:30,169 INFO    Thread-12 :44780 [dir_watcher.py:_on_file_modified():288] file/dir modified: /root/BitFlip/DQNwithHer/outputs/2023-09-06/01-57-24/wandb/run-20230906_015726-qc2wnas8/files/output.log
2023-09-06 01:57:30,170 INFO    Thread-12 :44780 [dir_watcher.py:_on_file_modified():288] file/dir modified: /root/BitFlip/DQNwithHer/outputs/2023-09-06/01-57-24/wandb/run-20230906_015726-qc2wnas8/files/wandb-summary.json
2023-09-06 01:57:31,480 DEBUG   HandlerThread:44780 [handler.py:handle_request():144] handle_request: status_report
2023-09-06 01:57:32,170 INFO    Thread-12 :44780 [dir_watcher.py:_on_file_modified():288] file/dir modified: /root/BitFlip/DQNwithHer/outputs/2023-09-06/01-57-24/wandb/run-20230906_015726-qc2wnas8/files/output.log
2023-09-06 01:57:34,171 INFO    Thread-12 :44780 [dir_watcher.py:_on_file_modified():288] file/dir modified: /root/BitFlip/DQNwithHer/outputs/2023-09-06/01-57-24/wandb/run-20230906_015726-qc2wnas8/files/output.log
2023-09-06 01:57:36,172 INFO    Thread-12 :44780 [dir_watcher.py:_on_file_modified():288] file/dir modified: /root/BitFlip/DQNwithHer/outputs/2023-09-06/01-57-24/wandb/run-20230906_015726-qc2wnas8/files/output.log
2023-09-06 01:57:36,509 DEBUG   HandlerThread:44780 [handler.py:handle_request():144] handle_request: status_report
2023-09-06 01:57:38,173 INFO    Thread-12 :44780 [dir_watcher.py:_on_file_modified():288] file/dir modified: /root/BitFlip/DQNwithHer/outputs/2023-09-06/01-57-24/wandb/run-20230906_015726-qc2wnas8/files/output.log
2023-09-06 01:57:40,175 INFO    Thread-12 :44780 [dir_watcher.py:_on_file_modified():288] file/dir modified: /root/BitFlip/DQNwithHer/outputs/2023-09-06/01-57-24/wandb/run-20230906_015726-qc2wnas8/files/output.log
2023-09-06 01:57:41,537 DEBUG   HandlerThread:44780 [handler.py:handle_request():144] handle_request: status_report
2023-09-06 01:57:42,175 INFO    Thread-12 :44780 [dir_watcher.py:_on_file_modified():288] file/dir modified: /root/BitFlip/DQNwithHer/outputs/2023-09-06/01-57-24/wandb/run-20230906_015726-qc2wnas8/files/output.log
2023-09-06 01:57:42,642 DEBUG   HandlerThread:44780 [handler.py:handle_request():144] handle_request: stop_status
2023-09-06 01:57:42,643 DEBUG   SenderThread:44780 [sender.py:send_request():406] send_request: stop_status
2023-09-06 01:57:44,177 INFO    Thread-12 :44780 [dir_watcher.py:_on_file_modified():288] file/dir modified: /root/BitFlip/DQNwithHer/outputs/2023-09-06/01-57-24/wandb/run-20230906_015726-qc2wnas8/files/output.log
2023-09-06 01:57:46,177 INFO    Thread-12 :44780 [dir_watcher.py:_on_file_modified():288] file/dir modified: /root/BitFlip/DQNwithHer/outputs/2023-09-06/01-57-24/wandb/run-20230906_015726-qc2wnas8/files/output.log
2023-09-06 01:57:46,584 DEBUG   HandlerThread:44780 [handler.py:handle_request():144] handle_request: status_report
2023-09-06 01:57:48,178 INFO    Thread-12 :44780 [dir_watcher.py:_on_file_modified():288] file/dir modified: /root/BitFlip/DQNwithHer/outputs/2023-09-06/01-57-24/wandb/run-20230906_015726-qc2wnas8/files/output.log
2023-09-06 01:57:50,179 INFO    Thread-12 :44780 [dir_watcher.py:_on_file_modified():288] file/dir modified: /root/BitFlip/DQNwithHer/outputs/2023-09-06/01-57-24/wandb/run-20230906_015726-qc2wnas8/files/output.log
2023-09-06 01:57:51,661 DEBUG   HandlerThread:44780 [handler.py:handle_request():144] handle_request: status_report
2023-09-06 01:57:52,180 INFO    Thread-12 :44780 [dir_watcher.py:_on_file_modified():288] file/dir modified: /root/BitFlip/DQNwithHer/outputs/2023-09-06/01-57-24/wandb/run-20230906_015726-qc2wnas8/files/output.log
2023-09-06 01:57:54,181 INFO    Thread-12 :44780 [dir_watcher.py:_on_file_modified():288] file/dir modified: /root/BitFlip/DQNwithHer/outputs/2023-09-06/01-57-24/wandb/run-20230906_015726-qc2wnas8/files/output.log
2023-09-06 01:57:54,293 DEBUG   HandlerThread:44780 [handler.py:handle_request():144] handle_request: partial_history
2023-09-06 01:57:54,295 DEBUG   SenderThread:44780 [sender.py:send():379] send: history
2023-09-06 01:57:54,296 DEBUG   SenderThread:44780 [sender.py:send_request():406] send_request: summary_record
2023-09-06 01:57:54,297 INFO    SenderThread:44780 [sender.py:_save_file():1375] saving file wandb-summary.json with policy end
2023-09-06 01:57:55,182 INFO    Thread-12 :44780 [dir_watcher.py:_on_file_modified():288] file/dir modified: /root/BitFlip/DQNwithHer/outputs/2023-09-06/01-57-24/wandb/run-20230906_015726-qc2wnas8/files/wandb-summary.json
2023-09-06 01:57:56,182 INFO    Thread-12 :44780 [dir_watcher.py:_on_file_modified():288] file/dir modified: /root/BitFlip/DQNwithHer/outputs/2023-09-06/01-57-24/wandb/run-20230906_015726-qc2wnas8/files/output.log
2023-09-06 01:57:56,776 DEBUG   HandlerThread:44780 [handler.py:handle_request():144] handle_request: status_report
2023-09-06 01:57:57,183 INFO    Thread-12 :44780 [dir_watcher.py:_on_file_modified():288] file/dir modified: /root/BitFlip/DQNwithHer/outputs/2023-09-06/01-57-24/wandb/run-20230906_015726-qc2wnas8/files/config.yaml
2023-09-06 01:57:57,642 DEBUG   HandlerThread:44780 [handler.py:handle_request():144] handle_request: stop_status
2023-09-06 01:57:57,643 DEBUG   SenderThread:44780 [sender.py:send_request():406] send_request: stop_status
2023-09-06 01:57:58,184 INFO    Thread-12 :44780 [dir_watcher.py:_on_file_modified():288] file/dir modified: /root/BitFlip/DQNwithHer/outputs/2023-09-06/01-57-24/wandb/run-20230906_015726-qc2wnas8/files/output.log
2023-09-06 01:58:00,191 INFO    Thread-12 :44780 [dir_watcher.py:_on_file_modified():288] file/dir modified: /root/BitFlip/DQNwithHer/outputs/2023-09-06/01-57-24/wandb/run-20230906_015726-qc2wnas8/files/output.log
2023-09-06 01:58:02,219 DEBUG   HandlerThread:44780 [handler.py:handle_request():144] handle_request: status_report
2023-09-06 01:58:03,193 INFO    Thread-12 :44780 [dir_watcher.py:_on_file_modified():288] file/dir modified: /root/BitFlip/DQNwithHer/outputs/2023-09-06/01-57-24/wandb/run-20230906_015726-qc2wnas8/files/output.log
2023-09-06 01:58:05,194 INFO    Thread-12 :44780 [dir_watcher.py:_on_file_modified():288] file/dir modified: /root/BitFlip/DQNwithHer/outputs/2023-09-06/01-57-24/wandb/run-20230906_015726-qc2wnas8/files/output.log
2023-09-06 01:58:07,195 INFO    Thread-12 :44780 [dir_watcher.py:_on_file_modified():288] file/dir modified: /root/BitFlip/DQNwithHer/outputs/2023-09-06/01-57-24/wandb/run-20230906_015726-qc2wnas8/files/output.log
2023-09-06 01:58:07,344 DEBUG   HandlerThread:44780 [handler.py:handle_request():144] handle_request: status_report
2023-09-06 01:58:09,196 INFO    Thread-12 :44780 [dir_watcher.py:_on_file_modified():288] file/dir modified: /root/BitFlip/DQNwithHer/outputs/2023-09-06/01-57-24/wandb/run-20230906_015726-qc2wnas8/files/output.log
2023-09-06 01:58:11,197 INFO    Thread-12 :44780 [dir_watcher.py:_on_file_modified():288] file/dir modified: /root/BitFlip/DQNwithHer/outputs/2023-09-06/01-57-24/wandb/run-20230906_015726-qc2wnas8/files/output.log
2023-09-06 01:58:12,395 DEBUG   HandlerThread:44780 [handler.py:handle_request():144] handle_request: status_report
2023-09-06 01:58:12,643 DEBUG   HandlerThread:44780 [handler.py:handle_request():144] handle_request: stop_status
2023-09-06 01:58:12,644 DEBUG   SenderThread:44780 [sender.py:send_request():406] send_request: stop_status
2023-09-06 01:58:13,198 INFO    Thread-12 :44780 [dir_watcher.py:_on_file_modified():288] file/dir modified: /root/BitFlip/DQNwithHer/outputs/2023-09-06/01-57-24/wandb/run-20230906_015726-qc2wnas8/files/output.log
2023-09-06 01:58:15,199 INFO    Thread-12 :44780 [dir_watcher.py:_on_file_modified():288] file/dir modified: /root/BitFlip/DQNwithHer/outputs/2023-09-06/01-57-24/wandb/run-20230906_015726-qc2wnas8/files/output.log
2023-09-06 01:58:17,200 INFO    Thread-12 :44780 [dir_watcher.py:_on_file_modified():288] file/dir modified: /root/BitFlip/DQNwithHer/outputs/2023-09-06/01-57-24/wandb/run-20230906_015726-qc2wnas8/files/output.log
2023-09-06 01:58:17,405 DEBUG   HandlerThread:44780 [handler.py:handle_request():144] handle_request: status_report
2023-09-06 01:58:19,201 INFO    Thread-12 :44780 [dir_watcher.py:_on_file_modified():288] file/dir modified: /root/BitFlip/DQNwithHer/outputs/2023-09-06/01-57-24/wandb/run-20230906_015726-qc2wnas8/files/output.log
2023-09-06 01:58:20,260 DEBUG   HandlerThread:44780 [handler.py:handle_request():144] handle_request: partial_history
2023-09-06 01:58:20,262 DEBUG   SenderThread:44780 [sender.py:send():379] send: history
2023-09-06 01:58:20,263 DEBUG   SenderThread:44780 [sender.py:send_request():406] send_request: summary_record
2023-09-06 01:58:20,263 INFO    SenderThread:44780 [sender.py:_save_file():1375] saving file wandb-summary.json with policy end
2023-09-06 01:58:21,210 INFO    Thread-12 :44780 [dir_watcher.py:_on_file_modified():288] file/dir modified: /root/BitFlip/DQNwithHer/outputs/2023-09-06/01-57-24/wandb/run-20230906_015726-qc2wnas8/files/output.log
2023-09-06 01:58:21,210 INFO    Thread-12 :44780 [dir_watcher.py:_on_file_modified():288] file/dir modified: /root/BitFlip/DQNwithHer/outputs/2023-09-06/01-57-24/wandb/run-20230906_015726-qc2wnas8/files/wandb-summary.json
2023-09-06 01:58:22,210 INFO    Thread-12 :44780 [dir_watcher.py:_on_file_modified():288] file/dir modified: /root/BitFlip/DQNwithHer/outputs/2023-09-06/01-57-24/wandb/run-20230906_015726-qc2wnas8/files/output.log
2023-09-06 01:58:22,462 DEBUG   HandlerThread:44780 [handler.py:handle_request():144] handle_request: status_report
2023-09-06 01:58:23,211 INFO    Thread-12 :44780 [dir_watcher.py:_on_file_modified():288] file/dir modified: /root/BitFlip/DQNwithHer/outputs/2023-09-06/01-57-24/wandb/run-20230906_015726-qc2wnas8/files/output.log
2023-09-06 01:58:25,212 INFO    Thread-12 :44780 [dir_watcher.py:_on_file_modified():288] file/dir modified: /root/BitFlip/DQNwithHer/outputs/2023-09-06/01-57-24/wandb/run-20230906_015726-qc2wnas8/files/output.log
2023-09-06 01:58:27,213 INFO    Thread-12 :44780 [dir_watcher.py:_on_file_modified():288] file/dir modified: /root/BitFlip/DQNwithHer/outputs/2023-09-06/01-57-24/wandb/run-20230906_015726-qc2wnas8/files/output.log
2023-09-06 01:58:27,466 DEBUG   HandlerThread:44780 [handler.py:handle_request():144] handle_request: status_report
2023-09-06 01:58:27,538 DEBUG   SystemMonitor:44780 [system_monitor.py:_start():159] Starting system metrics aggregation loop
2023-09-06 01:58:27,545 DEBUG   SenderThread:44780 [sender.py:send():379] send: stats
2023-09-06 01:58:27,643 DEBUG   HandlerThread:44780 [handler.py:handle_request():144] handle_request: stop_status
2023-09-06 01:58:27,643 DEBUG   SenderThread:44780 [sender.py:send_request():406] send_request: stop_status
2023-09-06 01:58:29,214 INFO    Thread-12 :44780 [dir_watcher.py:_on_file_modified():288] file/dir modified: /root/BitFlip/DQNwithHer/outputs/2023-09-06/01-57-24/wandb/run-20230906_015726-qc2wnas8/files/output.log
2023-09-06 01:58:31,215 INFO    Thread-12 :44780 [dir_watcher.py:_on_file_modified():288] file/dir modified: /root/BitFlip/DQNwithHer/outputs/2023-09-06/01-57-24/wandb/run-20230906_015726-qc2wnas8/files/output.log
2023-09-06 01:58:32,532 DEBUG   HandlerThread:44780 [handler.py:handle_request():144] handle_request: status_report
2023-09-06 01:58:33,216 INFO    Thread-12 :44780 [dir_watcher.py:_on_file_modified():288] file/dir modified: /root/BitFlip/DQNwithHer/outputs/2023-09-06/01-57-24/wandb/run-20230906_015726-qc2wnas8/files/output.log
2023-09-06 01:58:35,217 INFO    Thread-12 :44780 [dir_watcher.py:_on_file_modified():288] file/dir modified: /root/BitFlip/DQNwithHer/outputs/2023-09-06/01-57-24/wandb/run-20230906_015726-qc2wnas8/files/output.log
2023-09-06 01:58:37,218 INFO    Thread-12 :44780 [dir_watcher.py:_on_file_modified():288] file/dir modified: /root/BitFlip/DQNwithHer/outputs/2023-09-06/01-57-24/wandb/run-20230906_015726-qc2wnas8/files/output.log
2023-09-06 01:58:37,549 DEBUG   HandlerThread:44780 [handler.py:handle_request():144] handle_request: status_report
2023-09-06 01:58:39,219 INFO    Thread-12 :44780 [dir_watcher.py:_on_file_modified():288] file/dir modified: /root/BitFlip/DQNwithHer/outputs/2023-09-06/01-57-24/wandb/run-20230906_015726-qc2wnas8/files/output.log
2023-09-06 01:58:41,220 INFO    Thread-12 :44780 [dir_watcher.py:_on_file_modified():288] file/dir modified: /root/BitFlip/DQNwithHer/outputs/2023-09-06/01-57-24/wandb/run-20230906_015726-qc2wnas8/files/output.log
2023-09-06 01:58:42,612 DEBUG   HandlerThread:44780 [handler.py:handle_request():144] handle_request: status_report
2023-09-06 01:58:42,642 DEBUG   HandlerThread:44780 [handler.py:handle_request():144] handle_request: stop_status
2023-09-06 01:58:42,643 DEBUG   SenderThread:44780 [sender.py:send_request():406] send_request: stop_status
2023-09-06 01:58:43,221 INFO    Thread-12 :44780 [dir_watcher.py:_on_file_modified():288] file/dir modified: /root/BitFlip/DQNwithHer/outputs/2023-09-06/01-57-24/wandb/run-20230906_015726-qc2wnas8/files/output.log
2023-09-06 01:58:45,222 INFO    Thread-12 :44780 [dir_watcher.py:_on_file_modified():288] file/dir modified: /root/BitFlip/DQNwithHer/outputs/2023-09-06/01-57-24/wandb/run-20230906_015726-qc2wnas8/files/output.log
2023-09-06 01:58:47,076 DEBUG   HandlerThread:44780 [handler.py:handle_request():144] handle_request: partial_history
2023-09-06 01:58:47,079 DEBUG   SenderThread:44780 [sender.py:send():379] send: history
2023-09-06 01:58:47,080 DEBUG   SenderThread:44780 [sender.py:send_request():406] send_request: summary_record
2023-09-06 01:58:47,081 INFO    SenderThread:44780 [sender.py:_save_file():1375] saving file wandb-summary.json with policy end
2023-09-06 01:58:47,223 INFO    Thread-12 :44780 [dir_watcher.py:_on_file_modified():288] file/dir modified: /root/BitFlip/DQNwithHer/outputs/2023-09-06/01-57-24/wandb/run-20230906_015726-qc2wnas8/files/output.log
2023-09-06 01:58:47,224 INFO    Thread-12 :44780 [dir_watcher.py:_on_file_modified():288] file/dir modified: /root/BitFlip/DQNwithHer/outputs/2023-09-06/01-57-24/wandb/run-20230906_015726-qc2wnas8/files/wandb-summary.json
2023-09-06 01:58:47,712 DEBUG   HandlerThread:44780 [handler.py:handle_request():144] handle_request: status_report
2023-09-06 01:58:48,224 INFO    Thread-12 :44780 [dir_watcher.py:_on_file_modified():288] file/dir modified: /root/BitFlip/DQNwithHer/outputs/2023-09-06/01-57-24/wandb/run-20230906_015726-qc2wnas8/files/output.log
2023-09-06 01:58:49,224 INFO    Thread-12 :44780 [dir_watcher.py:_on_file_modified():288] file/dir modified: /root/BitFlip/DQNwithHer/outputs/2023-09-06/01-57-24/wandb/run-20230906_015726-qc2wnas8/files/output.log
2023-09-06 01:58:51,226 INFO    Thread-12 :44780 [dir_watcher.py:_on_file_modified():288] file/dir modified: /root/BitFlip/DQNwithHer/outputs/2023-09-06/01-57-24/wandb/run-20230906_015726-qc2wnas8/files/output.log
2023-09-06 01:58:52,786 DEBUG   HandlerThread:44780 [handler.py:handle_request():144] handle_request: status_report
2023-09-06 01:58:53,227 INFO    Thread-12 :44780 [dir_watcher.py:_on_file_modified():288] file/dir modified: /root/BitFlip/DQNwithHer/outputs/2023-09-06/01-57-24/wandb/run-20230906_015726-qc2wnas8/files/output.log
2023-09-06 01:58:55,228 INFO    Thread-12 :44780 [dir_watcher.py:_on_file_modified():288] file/dir modified: /root/BitFlip/DQNwithHer/outputs/2023-09-06/01-57-24/wandb/run-20230906_015726-qc2wnas8/files/output.log
2023-09-06 01:58:57,230 INFO    Thread-12 :44780 [dir_watcher.py:_on_file_modified():288] file/dir modified: /root/BitFlip/DQNwithHer/outputs/2023-09-06/01-57-24/wandb/run-20230906_015726-qc2wnas8/files/output.log
2023-09-06 01:58:57,546 DEBUG   SenderThread:44780 [sender.py:send():379] send: stats
2023-09-06 01:58:57,643 DEBUG   HandlerThread:44780 [handler.py:handle_request():144] handle_request: stop_status
2023-09-06 01:58:57,644 DEBUG   SenderThread:44780 [sender.py:send_request():406] send_request: stop_status
2023-09-06 01:58:57,990 DEBUG   HandlerThread:44780 [handler.py:handle_request():144] handle_request: status_report
2023-09-06 01:58:59,238 INFO    Thread-12 :44780 [dir_watcher.py:_on_file_modified():288] file/dir modified: /root/BitFlip/DQNwithHer/outputs/2023-09-06/01-57-24/wandb/run-20230906_015726-qc2wnas8/files/output.log
2023-09-06 01:59:01,239 INFO    Thread-12 :44780 [dir_watcher.py:_on_file_modified():288] file/dir modified: /root/BitFlip/DQNwithHer/outputs/2023-09-06/01-57-24/wandb/run-20230906_015726-qc2wnas8/files/output.log
2023-09-06 01:59:03,093 DEBUG   HandlerThread:44780 [handler.py:handle_request():144] handle_request: status_report
2023-09-06 01:59:03,240 INFO    Thread-12 :44780 [dir_watcher.py:_on_file_modified():288] file/dir modified: /root/BitFlip/DQNwithHer/outputs/2023-09-06/01-57-24/wandb/run-20230906_015726-qc2wnas8/files/output.log
2023-09-06 01:59:05,241 INFO    Thread-12 :44780 [dir_watcher.py:_on_file_modified():288] file/dir modified: /root/BitFlip/DQNwithHer/outputs/2023-09-06/01-57-24/wandb/run-20230906_015726-qc2wnas8/files/output.log
2023-09-06 01:59:07,242 INFO    Thread-12 :44780 [dir_watcher.py:_on_file_modified():288] file/dir modified: /root/BitFlip/DQNwithHer/outputs/2023-09-06/01-57-24/wandb/run-20230906_015726-qc2wnas8/files/output.log
2023-09-06 01:59:08,224 DEBUG   HandlerThread:44780 [handler.py:handle_request():144] handle_request: status_report
2023-09-06 01:59:09,243 INFO    Thread-12 :44780 [dir_watcher.py:_on_file_modified():288] file/dir modified: /root/BitFlip/DQNwithHer/outputs/2023-09-06/01-57-24/wandb/run-20230906_015726-qc2wnas8/files/output.log
2023-09-06 01:59:11,244 INFO    Thread-12 :44780 [dir_watcher.py:_on_file_modified():288] file/dir modified: /root/BitFlip/DQNwithHer/outputs/2023-09-06/01-57-24/wandb/run-20230906_015726-qc2wnas8/files/output.log
2023-09-06 01:59:12,643 DEBUG   HandlerThread:44780 [handler.py:handle_request():144] handle_request: stop_status
2023-09-06 01:59:12,643 DEBUG   SenderThread:44780 [sender.py:send_request():406] send_request: stop_status
2023-09-06 01:59:13,087 DEBUG   HandlerThread:44780 [handler.py:handle_request():144] handle_request: partial_history
2023-09-06 01:59:13,089 DEBUG   SenderThread:44780 [sender.py:send():379] send: history
2023-09-06 01:59:13,090 DEBUG   SenderThread:44780 [sender.py:send_request():406] send_request: summary_record
2023-09-06 01:59:13,090 INFO    SenderThread:44780 [sender.py:_save_file():1375] saving file wandb-summary.json with policy end
2023-09-06 01:59:13,225 DEBUG   HandlerThread:44780 [handler.py:handle_request():144] handle_request: status_report
2023-09-06 01:59:13,245 INFO    Thread-12 :44780 [dir_watcher.py:_on_file_modified():288] file/dir modified: /root/BitFlip/DQNwithHer/outputs/2023-09-06/01-57-24/wandb/run-20230906_015726-qc2wnas8/files/output.log
2023-09-06 01:59:13,245 INFO    Thread-12 :44780 [dir_watcher.py:_on_file_modified():288] file/dir modified: /root/BitFlip/DQNwithHer/outputs/2023-09-06/01-57-24/wandb/run-20230906_015726-qc2wnas8/files/wandb-summary.json
2023-09-06 01:59:14,245 INFO    Thread-12 :44780 [dir_watcher.py:_on_file_modified():288] file/dir modified: /root/BitFlip/DQNwithHer/outputs/2023-09-06/01-57-24/wandb/run-20230906_015726-qc2wnas8/files/output.log
2023-09-06 01:59:15,246 INFO    Thread-12 :44780 [dir_watcher.py:_on_file_modified():288] file/dir modified: /root/BitFlip/DQNwithHer/outputs/2023-09-06/01-57-24/wandb/run-20230906_015726-qc2wnas8/files/output.log
2023-09-06 01:59:17,247 INFO    Thread-12 :44780 [dir_watcher.py:_on_file_modified():288] file/dir modified: /root/BitFlip/DQNwithHer/outputs/2023-09-06/01-57-24/wandb/run-20230906_015726-qc2wnas8/files/output.log
2023-09-06 01:59:18,345 DEBUG   HandlerThread:44780 [handler.py:handle_request():144] handle_request: status_report
2023-09-06 01:59:19,248 INFO    Thread-12 :44780 [dir_watcher.py:_on_file_modified():288] file/dir modified: /root/BitFlip/DQNwithHer/outputs/2023-09-06/01-57-24/wandb/run-20230906_015726-qc2wnas8/files/output.log
2023-09-06 01:59:21,193 DEBUG   SenderThread:44780 [sender.py:send():379] send: exit
2023-09-06 01:59:21,194 INFO    SenderThread:44780 [sender.py:send_exit():584] handling exit code: 255
2023-09-06 01:59:21,194 INFO    SenderThread:44780 [sender.py:send_exit():586] handling runtime: 113
2023-09-06 01:59:21,194 INFO    SenderThread:44780 [sender.py:_save_file():1375] saving file wandb-summary.json with policy end
2023-09-06 01:59:21,194 INFO    SenderThread:44780 [sender.py:send_exit():592] send defer
2023-09-06 01:59:21,194 DEBUG   HandlerThread:44780 [handler.py:handle_request():144] handle_request: defer
2023-09-06 01:59:21,195 INFO    HandlerThread:44780 [handler.py:handle_request_defer():170] handle defer: 0
2023-09-06 01:59:21,195 DEBUG   SenderThread:44780 [sender.py:send_request():406] send_request: defer
2023-09-06 01:59:21,195 INFO    SenderThread:44780 [sender.py:send_request_defer():608] handle sender defer: 0
2023-09-06 01:59:21,195 INFO    SenderThread:44780 [sender.py:transition_state():612] send defer: 1
2023-09-06 01:59:21,195 DEBUG   HandlerThread:44780 [handler.py:handle_request():144] handle_request: defer
2023-09-06 01:59:21,195 INFO    HandlerThread:44780 [handler.py:handle_request_defer():170] handle defer: 1
2023-09-06 01:59:21,196 DEBUG   SenderThread:44780 [sender.py:send_request():406] send_request: defer
2023-09-06 01:59:21,196 INFO    SenderThread:44780 [sender.py:send_request_defer():608] handle sender defer: 1
2023-09-06 01:59:21,196 INFO    SenderThread:44780 [sender.py:transition_state():612] send defer: 2
2023-09-06 01:59:21,196 DEBUG   HandlerThread:44780 [handler.py:handle_request():144] handle_request: defer
2023-09-06 01:59:21,196 INFO    HandlerThread:44780 [handler.py:handle_request_defer():170] handle defer: 2
2023-09-06 01:59:21,196 INFO    HandlerThread:44780 [system_monitor.py:finish():190] Stopping system monitor
2023-09-06 01:59:21,196 DEBUG   SystemMonitor:44780 [system_monitor.py:_start():166] Finished system metrics aggregation loop
2023-09-06 01:59:21,197 INFO    HandlerThread:44780 [interfaces.py:finish():202] Joined cpu monitor
2023-09-06 01:59:21,197 DEBUG   SystemMonitor:44780 [system_monitor.py:_start():170] Publishing last batch of metrics
2023-09-06 01:59:21,198 INFO    HandlerThread:44780 [interfaces.py:finish():202] Joined disk monitor
2023-09-06 01:59:21,240 INFO    HandlerThread:44780 [interfaces.py:finish():202] Joined gpu monitor
2023-09-06 01:59:21,240 INFO    HandlerThread:44780 [interfaces.py:finish():202] Joined memory monitor
2023-09-06 01:59:21,241 INFO    HandlerThread:44780 [interfaces.py:finish():202] Joined network monitor
2023-09-06 01:59:21,242 DEBUG   SenderThread:44780 [sender.py:send_request():406] send_request: defer
2023-09-06 01:59:21,242 INFO    SenderThread:44780 [sender.py:send_request_defer():608] handle sender defer: 2
2023-09-06 01:59:21,242 INFO    SenderThread:44780 [sender.py:transition_state():612] send defer: 3
2023-09-06 01:59:21,242 DEBUG   SenderThread:44780 [sender.py:send():379] send: stats
2023-09-06 01:59:21,242 DEBUG   HandlerThread:44780 [handler.py:handle_request():144] handle_request: defer
2023-09-06 01:59:21,245 INFO    HandlerThread:44780 [handler.py:handle_request_defer():170] handle defer: 3
2023-09-06 01:59:21,245 DEBUG   SenderThread:44780 [sender.py:send_request():406] send_request: defer
2023-09-06 01:59:21,246 INFO    SenderThread:44780 [sender.py:send_request_defer():608] handle sender defer: 3
2023-09-06 01:59:21,246 INFO    SenderThread:44780 [sender.py:transition_state():612] send defer: 4
2023-09-06 01:59:21,246 DEBUG   HandlerThread:44780 [handler.py:handle_request():144] handle_request: defer
2023-09-06 01:59:21,246 INFO    HandlerThread:44780 [handler.py:handle_request_defer():170] handle defer: 4
2023-09-06 01:59:21,246 DEBUG   SenderThread:44780 [sender.py:send_request():406] send_request: defer
2023-09-06 01:59:21,247 INFO    SenderThread:44780 [sender.py:send_request_defer():608] handle sender defer: 4
2023-09-06 01:59:21,247 INFO    SenderThread:44780 [sender.py:transition_state():612] send defer: 5
2023-09-06 01:59:21,247 DEBUG   HandlerThread:44780 [handler.py:handle_request():144] handle_request: defer
2023-09-06 01:59:21,247 INFO    HandlerThread:44780 [handler.py:handle_request_defer():170] handle defer: 5
2023-09-06 01:59:21,248 DEBUG   SenderThread:44780 [sender.py:send():379] send: summary
2023-09-06 01:59:21,249 INFO    SenderThread:44780 [sender.py:_save_file():1375] saving file wandb-summary.json with policy end
2023-09-06 01:59:21,249 INFO    Thread-12 :44780 [dir_watcher.py:_on_file_modified():288] file/dir modified: /root/BitFlip/DQNwithHer/outputs/2023-09-06/01-57-24/wandb/run-20230906_015726-qc2wnas8/files/output.log
2023-09-06 01:59:21,250 DEBUG   SenderThread:44780 [sender.py:send_request():406] send_request: defer
2023-09-06 01:59:21,251 INFO    Thread-12 :44780 [dir_watcher.py:_on_file_modified():288] file/dir modified: /root/BitFlip/DQNwithHer/outputs/2023-09-06/01-57-24/wandb/run-20230906_015726-qc2wnas8/files/wandb-summary.json
2023-09-06 01:59:21,251 INFO    SenderThread:44780 [sender.py:send_request_defer():608] handle sender defer: 5
2023-09-06 01:59:21,251 INFO    SenderThread:44780 [sender.py:transition_state():612] send defer: 6
2023-09-06 01:59:21,251 DEBUG   HandlerThread:44780 [handler.py:handle_request():144] handle_request: defer
2023-09-06 01:59:21,252 INFO    HandlerThread:44780 [handler.py:handle_request_defer():170] handle defer: 6
2023-09-06 01:59:21,252 DEBUG   SenderThread:44780 [sender.py:send_request():406] send_request: defer
2023-09-06 01:59:21,252 INFO    SenderThread:44780 [sender.py:send_request_defer():608] handle sender defer: 6
2023-09-06 01:59:21,252 INFO    SenderThread:44780 [sender.py:transition_state():612] send defer: 7
2023-09-06 01:59:21,252 DEBUG   HandlerThread:44780 [handler.py:handle_request():144] handle_request: status_report
2023-09-06 01:59:21,253 DEBUG   HandlerThread:44780 [handler.py:handle_request():144] handle_request: defer
2023-09-06 01:59:21,253 INFO    HandlerThread:44780 [handler.py:handle_request_defer():170] handle defer: 7
2023-09-06 01:59:21,253 DEBUG   SenderThread:44780 [sender.py:send_request():406] send_request: defer
2023-09-06 01:59:21,253 INFO    SenderThread:44780 [sender.py:send_request_defer():608] handle sender defer: 7
2023-09-06 01:59:22,194 DEBUG   HandlerThread:44780 [handler.py:handle_request():144] handle_request: poll_exit
2023-09-06 01:59:23,250 INFO    Thread-12 :44780 [dir_watcher.py:_on_file_modified():288] file/dir modified: /root/BitFlip/DQNwithHer/outputs/2023-09-06/01-57-24/wandb/run-20230906_015726-qc2wnas8/files/output.log
2023-09-06 01:59:24,107 INFO    SenderThread:44780 [sender.py:transition_state():612] send defer: 8
2023-09-06 01:59:24,108 DEBUG   SenderThread:44780 [sender.py:send_request():406] send_request: poll_exit
2023-09-06 01:59:24,108 DEBUG   HandlerThread:44780 [handler.py:handle_request():144] handle_request: defer
2023-09-06 01:59:24,108 INFO    HandlerThread:44780 [handler.py:handle_request_defer():170] handle defer: 8
2023-09-06 01:59:24,109 DEBUG   SenderThread:44780 [sender.py:send_request():406] send_request: defer
2023-09-06 01:59:24,109 INFO    SenderThread:44780 [sender.py:send_request_defer():608] handle sender defer: 8
2023-09-06 01:59:24,109 INFO    SenderThread:44780 [job_builder.py:build():281] Attempting to build job artifact
2023-09-06 01:59:24,111 INFO    SenderThread:44780 [job_builder.py:_get_source_type():400] is repo sourced job
2023-09-06 01:59:24,115 INFO    SenderThread:44780 [job_builder.py:build():374] adding wandb-job metadata file
2023-09-06 01:59:24,120 INFO    SenderThread:44780 [sender.py:transition_state():612] send defer: 9
2023-09-06 01:59:24,121 DEBUG   HandlerThread:44780 [handler.py:handle_request():144] handle_request: defer
2023-09-06 01:59:24,121 DEBUG   SenderThread:44780 [sender.py:send():379] send: artifact
2023-09-06 01:59:24,121 INFO    HandlerThread:44780 [handler.py:handle_request_defer():170] handle defer: 9
2023-09-06 01:59:24,251 INFO    Thread-12 :44780 [dir_watcher.py:_on_file_modified():288] file/dir modified: /root/BitFlip/DQNwithHer/outputs/2023-09-06/01-57-24/wandb/run-20230906_015726-qc2wnas8/files/output.log
2023-09-06 01:59:25,699 ERROR   wandb-upload_2:44780 [internal_api.py:upload_file():2496] upload_file exception https://storage.googleapis.com/wandb-artifacts-prod/wandb_artifacts/95199606/559991856/a37748b2bbe2fd6ee2a914aedbbdac1f?Expires=1694023165&GoogleAccessId=gorilla-files-url-signer-man%40wandb-production.iam.gserviceaccount.com&Signature=S%2FAYrLQrFiLPU%2BYjvsekqfpXIshaOehRwQLoe5mPaSk%2BqMcdyFA5%2FX6xxGkhjjAgR4ptXQ5T%2BMoJw2dZMEYKPydxPzbcq4RThDSLusdT1P%2Fn5dbvNilLeKrcgPhOWgcpO7HAw3g60OUAt0cLVJl4ToUOT66Fs6F6GkuSYaeHoLrSUkuLuHpM%2BA6GrN4EX2HTerpuKAF8E4ie1a6q2P9tdJhdCAbjk9MW6yorzJLjO2g6NMvxGtnGDp6RREpHl%2B5PJtfjuoEb8hfMkQGpD4mC8eFo9iUiTAXURai%2BHzv1CV0wMYTLokAsn4MSfRAjMpmoS%2F2TtSShBzhTWaABNaWGQA%3D%3D: ('Connection aborted.', ConnectionResetError(104, 'Connection reset by peer'))
2023-09-06 01:59:25,700 ERROR   wandb-upload_2:44780 [internal_api.py:upload_file():2498] upload_file request headers: {'User-Agent': 'python-requests/2.31.0', 'Accept-Encoding': 'gzip, deflate, br', 'Accept': '*/*', 'Connection': 'keep-alive', 'Content-MD5': 'o3dIsrvi/W7iqRSu272sHw==', 'Content-Type': 'application/json', 'Content-Length': '3078'}
2023-09-06 01:59:25,700 ERROR   wandb-upload_2:44780 [internal_api.py:upload_file():2500] upload_file response body: 
2023-09-06 01:59:25,933 ERROR   wandb-upload_1:44780 [internal_api.py:upload_file():2496] upload_file exception https://storage.googleapis.com/wandb-artifacts-prod/wandb_artifacts/95199606/559991856/5366b528953a1441ad7f8f84d022595f?Expires=1694023165&GoogleAccessId=gorilla-files-url-signer-man%40wandb-production.iam.gserviceaccount.com&Signature=d9g4rCQ%2FxHdAAYi4OiIuL%2BkuKUZBssMMYTguAw60RsQsRygHEKIJno0sV1GR%2BM0lfBz0fTro9uEWnOjJyYcYIKlB3UtlMpWC8X4yUe%2FqoQaTIc0epLpa%2BjgMEFtkcY6pdWRc6CmNlr8mZhz4TcXjBFX6QzTQVzZvYoRutyKvXk3hQiNZjKUSEmhWcSi1mY81gpuYqyiiHqzI5r9vieX303nI0COJ3XKp7UYvBYwdECwhibJzWOKV9%2Bj6RvrWlJbdYqp%2FqY9ad5EDVEnbAZ6gru12mpJtxQHN7Rm%2BxHpsJKcMk385L7Hq3Y2D4ttkphSoz533BdsUPsPzRT1gvrLq2A%3D%3D: ('Connection aborted.', ConnectionResetError(104, 'Connection reset by peer'))
2023-09-06 01:59:25,933 ERROR   wandb-upload_1:44780 [internal_api.py:upload_file():2498] upload_file request headers: {'User-Agent': 'python-requests/2.31.0', 'Accept-Encoding': 'gzip, deflate, br', 'Accept': '*/*', 'Connection': 'keep-alive', 'Content-MD5': 'U2a1KJU6FEGtf4+E0CJZXw==', 'Content-Type': 'text/plain; charset=utf-8', 'Content-Length': '3125'}
2023-09-06 01:59:25,933 ERROR   wandb-upload_1:44780 [internal_api.py:upload_file():2500] upload_file response body: 
2023-09-06 01:59:26,943 ERROR   wandb-upload_2:44780 [internal_api.py:upload_file():2496] upload_file exception https://storage.googleapis.com/wandb-artifacts-prod/wandb_artifacts/95199606/559991856/a37748b2bbe2fd6ee2a914aedbbdac1f?Expires=1694023165&GoogleAccessId=gorilla-files-url-signer-man%40wandb-production.iam.gserviceaccount.com&Signature=S%2FAYrLQrFiLPU%2BYjvsekqfpXIshaOehRwQLoe5mPaSk%2BqMcdyFA5%2FX6xxGkhjjAgR4ptXQ5T%2BMoJw2dZMEYKPydxPzbcq4RThDSLusdT1P%2Fn5dbvNilLeKrcgPhOWgcpO7HAw3g60OUAt0cLVJl4ToUOT66Fs6F6GkuSYaeHoLrSUkuLuHpM%2BA6GrN4EX2HTerpuKAF8E4ie1a6q2P9tdJhdCAbjk9MW6yorzJLjO2g6NMvxGtnGDp6RREpHl%2B5PJtfjuoEb8hfMkQGpD4mC8eFo9iUiTAXURai%2BHzv1CV0wMYTLokAsn4MSfRAjMpmoS%2F2TtSShBzhTWaABNaWGQA%3D%3D: ('Connection aborted.', ConnectionResetError(104, 'Connection reset by peer'))
2023-09-06 01:59:26,944 ERROR   wandb-upload_2:44780 [internal_api.py:upload_file():2498] upload_file request headers: {'User-Agent': 'python-requests/2.31.0', 'Accept-Encoding': 'gzip, deflate, br', 'Accept': '*/*', 'Connection': 'keep-alive', 'Content-MD5': 'o3dIsrvi/W7iqRSu272sHw==', 'Content-Type': 'application/json', 'Content-Length': '3078'}
2023-09-06 01:59:26,944 ERROR   wandb-upload_2:44780 [internal_api.py:upload_file():2500] upload_file response body: 
2023-09-06 01:59:27,195 DEBUG   HandlerThread:44780 [handler.py:handle_request():144] handle_request: keepalive
2023-09-06 01:59:27,212 ERROR   wandb-upload_1:44780 [internal_api.py:upload_file():2496] upload_file exception https://storage.googleapis.com/wandb-artifacts-prod/wandb_artifacts/95199606/559991856/5366b528953a1441ad7f8f84d022595f?Expires=1694023165&GoogleAccessId=gorilla-files-url-signer-man%40wandb-production.iam.gserviceaccount.com&Signature=d9g4rCQ%2FxHdAAYi4OiIuL%2BkuKUZBssMMYTguAw60RsQsRygHEKIJno0sV1GR%2BM0lfBz0fTro9uEWnOjJyYcYIKlB3UtlMpWC8X4yUe%2FqoQaTIc0epLpa%2BjgMEFtkcY6pdWRc6CmNlr8mZhz4TcXjBFX6QzTQVzZvYoRutyKvXk3hQiNZjKUSEmhWcSi1mY81gpuYqyiiHqzI5r9vieX303nI0COJ3XKp7UYvBYwdECwhibJzWOKV9%2Bj6RvrWlJbdYqp%2FqY9ad5EDVEnbAZ6gru12mpJtxQHN7Rm%2BxHpsJKcMk385L7Hq3Y2D4ttkphSoz533BdsUPsPzRT1gvrLq2A%3D%3D: ('Connection aborted.', ConnectionResetError(104, 'Connection reset by peer'))
2023-09-06 01:59:27,212 ERROR   wandb-upload_1:44780 [internal_api.py:upload_file():2498] upload_file request headers: {'User-Agent': 'python-requests/2.31.0', 'Accept-Encoding': 'gzip, deflate, br', 'Accept': '*/*', 'Connection': 'keep-alive', 'Content-MD5': 'U2a1KJU6FEGtf4+E0CJZXw==', 'Content-Type': 'text/plain; charset=utf-8', 'Content-Length': '3125'}
2023-09-06 01:59:27,212 ERROR   wandb-upload_1:44780 [internal_api.py:upload_file():2500] upload_file response body: 
2023-09-06 01:59:29,290 ERROR   wandb-upload_2:44780 [internal_api.py:upload_file():2496] upload_file exception https://storage.googleapis.com/wandb-artifacts-prod/wandb_artifacts/95199606/559991856/a37748b2bbe2fd6ee2a914aedbbdac1f?Expires=1694023165&GoogleAccessId=gorilla-files-url-signer-man%40wandb-production.iam.gserviceaccount.com&Signature=S%2FAYrLQrFiLPU%2BYjvsekqfpXIshaOehRwQLoe5mPaSk%2BqMcdyFA5%2FX6xxGkhjjAgR4ptXQ5T%2BMoJw2dZMEYKPydxPzbcq4RThDSLusdT1P%2Fn5dbvNilLeKrcgPhOWgcpO7HAw3g60OUAt0cLVJl4ToUOT66Fs6F6GkuSYaeHoLrSUkuLuHpM%2BA6GrN4EX2HTerpuKAF8E4ie1a6q2P9tdJhdCAbjk9MW6yorzJLjO2g6NMvxGtnGDp6RREpHl%2B5PJtfjuoEb8hfMkQGpD4mC8eFo9iUiTAXURai%2BHzv1CV0wMYTLokAsn4MSfRAjMpmoS%2F2TtSShBzhTWaABNaWGQA%3D%3D: ('Connection aborted.', ConnectionResetError(104, 'Connection reset by peer'))
2023-09-06 01:59:29,290 ERROR   wandb-upload_2:44780 [internal_api.py:upload_file():2498] upload_file request headers: {'User-Agent': 'python-requests/2.31.0', 'Accept-Encoding': 'gzip, deflate, br', 'Accept': '*/*', 'Connection': 'keep-alive', 'Content-MD5': 'o3dIsrvi/W7iqRSu272sHw==', 'Content-Type': 'application/json', 'Content-Length': '3078'}
2023-09-06 01:59:29,291 ERROR   wandb-upload_2:44780 [internal_api.py:upload_file():2500] upload_file response body: 
2023-09-06 01:59:29,291 INFO    wandb-upload_2:44780 [retry.py:__call__():172] Retry attempt failed:
Traceback (most recent call last):
  File "/root/miniconda3/envs/ling/lib/python3.9/site-packages/urllib3/connectionpool.py", line 714, in urlopen
    httplib_response = self._make_request(
  File "/root/miniconda3/envs/ling/lib/python3.9/site-packages/urllib3/connectionpool.py", line 403, in _make_request
    self._validate_conn(conn)
  File "/root/miniconda3/envs/ling/lib/python3.9/site-packages/urllib3/connectionpool.py", line 1053, in _validate_conn
    conn.connect()
  File "/root/miniconda3/envs/ling/lib/python3.9/site-packages/urllib3/connection.py", line 419, in connect
    self.sock = ssl_wrap_socket(
  File "/root/miniconda3/envs/ling/lib/python3.9/site-packages/urllib3/util/ssl_.py", line 449, in ssl_wrap_socket
    ssl_sock = _ssl_wrap_socket_impl(
  File "/root/miniconda3/envs/ling/lib/python3.9/site-packages/urllib3/util/ssl_.py", line 493, in _ssl_wrap_socket_impl
    return ssl_context.wrap_socket(sock, server_hostname=server_hostname)
  File "/root/miniconda3/envs/ling/lib/python3.9/ssl.py", line 501, in wrap_socket
    return self.sslsocket_class._create(
  File "/root/miniconda3/envs/ling/lib/python3.9/ssl.py", line 1041, in _create
    self.do_handshake()
  File "/root/miniconda3/envs/ling/lib/python3.9/ssl.py", line 1310, in do_handshake
    self._sslobj.do_handshake()
ConnectionResetError: [Errno 104] Connection reset by peer

During handling of the above exception, another exception occurred:

Traceback (most recent call last):
  File "/root/miniconda3/envs/ling/lib/python3.9/site-packages/requests/adapters.py", line 486, in send
    resp = conn.urlopen(
  File "/root/miniconda3/envs/ling/lib/python3.9/site-packages/urllib3/connectionpool.py", line 798, in urlopen
    retries = retries.increment(
  File "/root/miniconda3/envs/ling/lib/python3.9/site-packages/urllib3/util/retry.py", line 550, in increment
    raise six.reraise(type(error), error, _stacktrace)
  File "/root/miniconda3/envs/ling/lib/python3.9/site-packages/urllib3/packages/six.py", line 769, in reraise
    raise value.with_traceback(tb)
  File "/root/miniconda3/envs/ling/lib/python3.9/site-packages/urllib3/connectionpool.py", line 714, in urlopen
    httplib_response = self._make_request(
  File "/root/miniconda3/envs/ling/lib/python3.9/site-packages/urllib3/connectionpool.py", line 403, in _make_request
    self._validate_conn(conn)
  File "/root/miniconda3/envs/ling/lib/python3.9/site-packages/urllib3/connectionpool.py", line 1053, in _validate_conn
    conn.connect()
  File "/root/miniconda3/envs/ling/lib/python3.9/site-packages/urllib3/connection.py", line 419, in connect
    self.sock = ssl_wrap_socket(
  File "/root/miniconda3/envs/ling/lib/python3.9/site-packages/urllib3/util/ssl_.py", line 449, in ssl_wrap_socket
    ssl_sock = _ssl_wrap_socket_impl(
  File "/root/miniconda3/envs/ling/lib/python3.9/site-packages/urllib3/util/ssl_.py", line 493, in _ssl_wrap_socket_impl
    return ssl_context.wrap_socket(sock, server_hostname=server_hostname)
  File "/root/miniconda3/envs/ling/lib/python3.9/ssl.py", line 501, in wrap_socket
    return self.sslsocket_class._create(
  File "/root/miniconda3/envs/ling/lib/python3.9/ssl.py", line 1041, in _create
    self.do_handshake()
  File "/root/miniconda3/envs/ling/lib/python3.9/ssl.py", line 1310, in do_handshake
    self._sslobj.do_handshake()
urllib3.exceptions.ProtocolError: ('Connection aborted.', ConnectionResetError(104, 'Connection reset by peer'))

During handling of the above exception, another exception occurred:

Traceback (most recent call last):
  File "/root/miniconda3/envs/ling/lib/python3.9/site-packages/wandb/sdk/internal/internal_api.py", line 2491, in upload_file
    response = self._upload_file_session.put(
  File "/root/miniconda3/envs/ling/lib/python3.9/site-packages/requests/sessions.py", line 649, in put
    return self.request("PUT", url, data=data, **kwargs)
  File "/root/miniconda3/envs/ling/lib/python3.9/site-packages/requests/sessions.py", line 589, in request
    resp = self.send(prep, **send_kwargs)
  File "/root/miniconda3/envs/ling/lib/python3.9/site-packages/requests/sessions.py", line 703, in send
    r = adapter.send(request, **kwargs)
  File "/root/miniconda3/envs/ling/lib/python3.9/site-packages/requests/adapters.py", line 501, in send
    raise ConnectionError(err, request=request)
requests.exceptions.ConnectionError: ('Connection aborted.', ConnectionResetError(104, 'Connection reset by peer'))

During handling of the above exception, another exception occurred:

Traceback (most recent call last):
  File "/root/miniconda3/envs/ling/lib/python3.9/site-packages/wandb/sdk/lib/retry.py", line 131, in __call__
    result = self._call_fn(*args, **kwargs)
  File "/root/miniconda3/envs/ling/lib/python3.9/site-packages/wandb/sdk/internal/internal_api.py", line 2520, in upload_file
    raise _e.with_traceback(sys.exc_info()[2])
  File "/root/miniconda3/envs/ling/lib/python3.9/site-packages/wandb/sdk/internal/internal_api.py", line 2491, in upload_file
    response = self._upload_file_session.put(
  File "/root/miniconda3/envs/ling/lib/python3.9/site-packages/requests/sessions.py", line 649, in put
    return self.request("PUT", url, data=data, **kwargs)
  File "/root/miniconda3/envs/ling/lib/python3.9/site-packages/requests/sessions.py", line 589, in request
    resp = self.send(prep, **send_kwargs)
  File "/root/miniconda3/envs/ling/lib/python3.9/site-packages/requests/sessions.py", line 703, in send
    r = adapter.send(request, **kwargs)
  File "/root/miniconda3/envs/ling/lib/python3.9/site-packages/requests/adapters.py", line 501, in send
    raise ConnectionError(err, request=request)
wandb.sdk.lib.retry.TransientError: None
2023-09-06 01:59:29,803 ERROR   wandb-upload_1:44780 [internal_api.py:upload_file():2496] upload_file exception https://storage.googleapis.com/wandb-artifacts-prod/wandb_artifacts/95199606/559991856/5366b528953a1441ad7f8f84d022595f?Expires=1694023165&GoogleAccessId=gorilla-files-url-signer-man%40wandb-production.iam.gserviceaccount.com&Signature=d9g4rCQ%2FxHdAAYi4OiIuL%2BkuKUZBssMMYTguAw60RsQsRygHEKIJno0sV1GR%2BM0lfBz0fTro9uEWnOjJyYcYIKlB3UtlMpWC8X4yUe%2FqoQaTIc0epLpa%2BjgMEFtkcY6pdWRc6CmNlr8mZhz4TcXjBFX6QzTQVzZvYoRutyKvXk3hQiNZjKUSEmhWcSi1mY81gpuYqyiiHqzI5r9vieX303nI0COJ3XKp7UYvBYwdECwhibJzWOKV9%2Bj6RvrWlJbdYqp%2FqY9ad5EDVEnbAZ6gru12mpJtxQHN7Rm%2BxHpsJKcMk385L7Hq3Y2D4ttkphSoz533BdsUPsPzRT1gvrLq2A%3D%3D: ('Connection aborted.', ConnectionResetError(104, 'Connection reset by peer'))
2023-09-06 01:59:29,803 ERROR   wandb-upload_1:44780 [internal_api.py:upload_file():2498] upload_file request headers: {'User-Agent': 'python-requests/2.31.0', 'Accept-Encoding': 'gzip, deflate, br', 'Accept': '*/*', 'Connection': 'keep-alive', 'Content-MD5': 'U2a1KJU6FEGtf4+E0CJZXw==', 'Content-Type': 'text/plain; charset=utf-8', 'Content-Length': '3125'}
2023-09-06 01:59:29,803 ERROR   wandb-upload_1:44780 [internal_api.py:upload_file():2500] upload_file response body: 
2023-09-06 01:59:29,804 INFO    wandb-upload_1:44780 [retry.py:__call__():172] Retry attempt failed:
Traceback (most recent call last):
  File "/root/miniconda3/envs/ling/lib/python3.9/site-packages/urllib3/connectionpool.py", line 714, in urlopen
    httplib_response = self._make_request(
  File "/root/miniconda3/envs/ling/lib/python3.9/site-packages/urllib3/connectionpool.py", line 403, in _make_request
    self._validate_conn(conn)
  File "/root/miniconda3/envs/ling/lib/python3.9/site-packages/urllib3/connectionpool.py", line 1053, in _validate_conn
    conn.connect()
  File "/root/miniconda3/envs/ling/lib/python3.9/site-packages/urllib3/connection.py", line 419, in connect
    self.sock = ssl_wrap_socket(
  File "/root/miniconda3/envs/ling/lib/python3.9/site-packages/urllib3/util/ssl_.py", line 449, in ssl_wrap_socket
    ssl_sock = _ssl_wrap_socket_impl(
  File "/root/miniconda3/envs/ling/lib/python3.9/site-packages/urllib3/util/ssl_.py", line 493, in _ssl_wrap_socket_impl
    return ssl_context.wrap_socket(sock, server_hostname=server_hostname)
  File "/root/miniconda3/envs/ling/lib/python3.9/ssl.py", line 501, in wrap_socket
    return self.sslsocket_class._create(
  File "/root/miniconda3/envs/ling/lib/python3.9/ssl.py", line 1041, in _create
    self.do_handshake()
  File "/root/miniconda3/envs/ling/lib/python3.9/ssl.py", line 1310, in do_handshake
    self._sslobj.do_handshake()
ConnectionResetError: [Errno 104] Connection reset by peer

During handling of the above exception, another exception occurred:

Traceback (most recent call last):
  File "/root/miniconda3/envs/ling/lib/python3.9/site-packages/requests/adapters.py", line 486, in send
    resp = conn.urlopen(
  File "/root/miniconda3/envs/ling/lib/python3.9/site-packages/urllib3/connectionpool.py", line 798, in urlopen
    retries = retries.increment(
  File "/root/miniconda3/envs/ling/lib/python3.9/site-packages/urllib3/util/retry.py", line 550, in increment
    raise six.reraise(type(error), error, _stacktrace)
  File "/root/miniconda3/envs/ling/lib/python3.9/site-packages/urllib3/packages/six.py", line 769, in reraise
    raise value.with_traceback(tb)
  File "/root/miniconda3/envs/ling/lib/python3.9/site-packages/urllib3/connectionpool.py", line 714, in urlopen
    httplib_response = self._make_request(
  File "/root/miniconda3/envs/ling/lib/python3.9/site-packages/urllib3/connectionpool.py", line 403, in _make_request
    self._validate_conn(conn)
  File "/root/miniconda3/envs/ling/lib/python3.9/site-packages/urllib3/connectionpool.py", line 1053, in _validate_conn
    conn.connect()
  File "/root/miniconda3/envs/ling/lib/python3.9/site-packages/urllib3/connection.py", line 419, in connect
    self.sock = ssl_wrap_socket(
  File "/root/miniconda3/envs/ling/lib/python3.9/site-packages/urllib3/util/ssl_.py", line 449, in ssl_wrap_socket
    ssl_sock = _ssl_wrap_socket_impl(
  File "/root/miniconda3/envs/ling/lib/python3.9/site-packages/urllib3/util/ssl_.py", line 493, in _ssl_wrap_socket_impl
    return ssl_context.wrap_socket(sock, server_hostname=server_hostname)
  File "/root/miniconda3/envs/ling/lib/python3.9/ssl.py", line 501, in wrap_socket
    return self.sslsocket_class._create(
  File "/root/miniconda3/envs/ling/lib/python3.9/ssl.py", line 1041, in _create
    self.do_handshake()
  File "/root/miniconda3/envs/ling/lib/python3.9/ssl.py", line 1310, in do_handshake
    self._sslobj.do_handshake()
urllib3.exceptions.ProtocolError: ('Connection aborted.', ConnectionResetError(104, 'Connection reset by peer'))

During handling of the above exception, another exception occurred:

Traceback (most recent call last):
  File "/root/miniconda3/envs/ling/lib/python3.9/site-packages/wandb/sdk/internal/internal_api.py", line 2491, in upload_file
    response = self._upload_file_session.put(
  File "/root/miniconda3/envs/ling/lib/python3.9/site-packages/requests/sessions.py", line 649, in put
    return self.request("PUT", url, data=data, **kwargs)
  File "/root/miniconda3/envs/ling/lib/python3.9/site-packages/requests/sessions.py", line 589, in request
    resp = self.send(prep, **send_kwargs)
  File "/root/miniconda3/envs/ling/lib/python3.9/site-packages/requests/sessions.py", line 703, in send
    r = adapter.send(request, **kwargs)
  File "/root/miniconda3/envs/ling/lib/python3.9/site-packages/requests/adapters.py", line 501, in send
    raise ConnectionError(err, request=request)
requests.exceptions.ConnectionError: ('Connection aborted.', ConnectionResetError(104, 'Connection reset by peer'))

During handling of the above exception, another exception occurred:

Traceback (most recent call last):
  File "/root/miniconda3/envs/ling/lib/python3.9/site-packages/wandb/sdk/lib/retry.py", line 131, in __call__
    result = self._call_fn(*args, **kwargs)
  File "/root/miniconda3/envs/ling/lib/python3.9/site-packages/wandb/sdk/internal/internal_api.py", line 2520, in upload_file
    raise _e.with_traceback(sys.exc_info()[2])
  File "/root/miniconda3/envs/ling/lib/python3.9/site-packages/wandb/sdk/internal/internal_api.py", line 2491, in upload_file
    response = self._upload_file_session.put(
  File "/root/miniconda3/envs/ling/lib/python3.9/site-packages/requests/sessions.py", line 649, in put
    return self.request("PUT", url, data=data, **kwargs)
  File "/root/miniconda3/envs/ling/lib/python3.9/site-packages/requests/sessions.py", line 589, in request
    resp = self.send(prep, **send_kwargs)
  File "/root/miniconda3/envs/ling/lib/python3.9/site-packages/requests/sessions.py", line 703, in send
    r = adapter.send(request, **kwargs)
  File "/root/miniconda3/envs/ling/lib/python3.9/site-packages/requests/adapters.py", line 501, in send
    raise ConnectionError(err, request=request)
wandb.sdk.lib.retry.TransientError: None
2023-09-06 01:59:32,197 DEBUG   HandlerThread:44780 [handler.py:handle_request():144] handle_request: keepalive
2023-09-06 01:59:34,502 ERROR   wandb-upload_1:44780 [internal_api.py:upload_file():2496] upload_file exception https://storage.googleapis.com/wandb-artifacts-prod/wandb_artifacts/95199606/559991856/5366b528953a1441ad7f8f84d022595f?Expires=1694023165&GoogleAccessId=gorilla-files-url-signer-man%40wandb-production.iam.gserviceaccount.com&Signature=d9g4rCQ%2FxHdAAYi4OiIuL%2BkuKUZBssMMYTguAw60RsQsRygHEKIJno0sV1GR%2BM0lfBz0fTro9uEWnOjJyYcYIKlB3UtlMpWC8X4yUe%2FqoQaTIc0epLpa%2BjgMEFtkcY6pdWRc6CmNlr8mZhz4TcXjBFX6QzTQVzZvYoRutyKvXk3hQiNZjKUSEmhWcSi1mY81gpuYqyiiHqzI5r9vieX303nI0COJ3XKp7UYvBYwdECwhibJzWOKV9%2Bj6RvrWlJbdYqp%2FqY9ad5EDVEnbAZ6gru12mpJtxQHN7Rm%2BxHpsJKcMk385L7Hq3Y2D4ttkphSoz533BdsUPsPzRT1gvrLq2A%3D%3D: ('Connection aborted.', ConnectionResetError(104, 'Connection reset by peer'))
2023-09-06 01:59:34,502 ERROR   wandb-upload_1:44780 [internal_api.py:upload_file():2498] upload_file request headers: {'User-Agent': 'python-requests/2.31.0', 'Accept-Encoding': 'gzip, deflate, br', 'Accept': '*/*', 'Connection': 'keep-alive', 'Content-MD5': 'U2a1KJU6FEGtf4+E0CJZXw==', 'Content-Type': 'text/plain; charset=utf-8', 'Content-Length': '3125'}
2023-09-06 01:59:34,502 ERROR   wandb-upload_1:44780 [internal_api.py:upload_file():2500] upload_file response body: 
2023-09-06 01:59:37,199 DEBUG   HandlerThread:44780 [handler.py:handle_request():144] handle_request: keepalive
2023-09-06 01:59:38,587 ERROR   wandb-upload_0:44780 [internal_api.py:upload_file():2496] upload_file exception https://storage.googleapis.com/wandb-production.appspot.com/chenhaojun001/BitFlip_dqn_with_her/qc2wnas8/wandb-metadata.json?Expires=1694023047&GoogleAccessId=gorilla-files-url-signer-man%40wandb-production.iam.gserviceaccount.com&Signature=N3qd0IOqQCCAsmzdevl6HYKtGxoXr5aMQf3jm%2BaYyrD0C03brt189Dd5sB4%2FnoVm7V8zcSMlwDRVhmWgOuKl%2BLlnChoasS4AkKQ1rhTGeqUBBPWzD6qvqc85AAxzvOMDoJWAKz51gmav8IvFyt7cWqrGBwvSny2NQ0iIlUYebx515cLFRXHcMjewaChZWAWpgz6D8XIka791LELOvrELrlu0QrkFgzVfrTO4aIVq30S489oh%2BSMjfUWq6yygQ%2BgmVYXIQ8dP0cI4Ek%2B2c%2BYcvzphnUwyrrEz0Y3QgvpCRURm0%2FmzSgOa9uHtIdgxfzZYoKcfEz4%2B1I154Q8BQttBVg%3D%3D: ('Connection aborted.', ConnectionResetError(104, 'Connection reset by peer'))
2023-09-06 01:59:38,587 ERROR   wandb-upload_0:44780 [internal_api.py:upload_file():2498] upload_file request headers: {'User-Agent': 'python-requests/2.31.0', 'Accept-Encoding': 'gzip, deflate, br', 'Accept': '*/*', 'Connection': 'keep-alive', 'Content-Length': '15135'}
2023-09-06 01:59:38,587 ERROR   wandb-upload_0:44780 [internal_api.py:upload_file():2500] upload_file response body: 
2023-09-06 01:59:39,917 ERROR   wandb-upload_0:44780 [internal_api.py:upload_file():2496] upload_file exception https://storage.googleapis.com/wandb-production.appspot.com/chenhaojun001/BitFlip_dqn_with_her/qc2wnas8/wandb-metadata.json?Expires=1694023047&GoogleAccessId=gorilla-files-url-signer-man%40wandb-production.iam.gserviceaccount.com&Signature=N3qd0IOqQCCAsmzdevl6HYKtGxoXr5aMQf3jm%2BaYyrD0C03brt189Dd5sB4%2FnoVm7V8zcSMlwDRVhmWgOuKl%2BLlnChoasS4AkKQ1rhTGeqUBBPWzD6qvqc85AAxzvOMDoJWAKz51gmav8IvFyt7cWqrGBwvSny2NQ0iIlUYebx515cLFRXHcMjewaChZWAWpgz6D8XIka791LELOvrELrlu0QrkFgzVfrTO4aIVq30S489oh%2BSMjfUWq6yygQ%2BgmVYXIQ8dP0cI4Ek%2B2c%2BYcvzphnUwyrrEz0Y3QgvpCRURm0%2FmzSgOa9uHtIdgxfzZYoKcfEz4%2B1I154Q8BQttBVg%3D%3D: ('Connection aborted.', ConnectionResetError(104, 'Connection reset by peer'))
2023-09-06 01:59:39,917 ERROR   wandb-upload_0:44780 [internal_api.py:upload_file():2498] upload_file request headers: {'User-Agent': 'python-requests/2.31.0', 'Accept-Encoding': 'gzip, deflate, br', 'Accept': '*/*', 'Connection': 'keep-alive', 'Content-Length': '15135'}
2023-09-06 01:59:39,917 ERROR   wandb-upload_0:44780 [internal_api.py:upload_file():2500] upload_file response body: 
2023-09-06 01:59:42,202 DEBUG   HandlerThread:44780 [handler.py:handle_request():144] handle_request: keepalive
2023-09-06 01:59:42,473 ERROR   wandb-upload_0:44780 [internal_api.py:upload_file():2496] upload_file exception https://storage.googleapis.com/wandb-production.appspot.com/chenhaojun001/BitFlip_dqn_with_her/qc2wnas8/wandb-metadata.json?Expires=1694023047&GoogleAccessId=gorilla-files-url-signer-man%40wandb-production.iam.gserviceaccount.com&Signature=N3qd0IOqQCCAsmzdevl6HYKtGxoXr5aMQf3jm%2BaYyrD0C03brt189Dd5sB4%2FnoVm7V8zcSMlwDRVhmWgOuKl%2BLlnChoasS4AkKQ1rhTGeqUBBPWzD6qvqc85AAxzvOMDoJWAKz51gmav8IvFyt7cWqrGBwvSny2NQ0iIlUYebx515cLFRXHcMjewaChZWAWpgz6D8XIka791LELOvrELrlu0QrkFgzVfrTO4aIVq30S489oh%2BSMjfUWq6yygQ%2BgmVYXIQ8dP0cI4Ek%2B2c%2BYcvzphnUwyrrEz0Y3QgvpCRURm0%2FmzSgOa9uHtIdgxfzZYoKcfEz4%2B1I154Q8BQttBVg%3D%3D: ('Connection aborted.', ConnectionResetError(104, 'Connection reset by peer'))
2023-09-06 01:59:42,473 ERROR   wandb-upload_0:44780 [internal_api.py:upload_file():2498] upload_file request headers: {'User-Agent': 'python-requests/2.31.0', 'Accept-Encoding': 'gzip, deflate, br', 'Accept': '*/*', 'Connection': 'keep-alive', 'Content-Length': '15135'}
2023-09-06 01:59:42,473 ERROR   wandb-upload_0:44780 [internal_api.py:upload_file():2500] upload_file response body: 
2023-09-06 01:59:42,473 INFO    wandb-upload_0:44780 [retry.py:__call__():172] Retry attempt failed:
Traceback (most recent call last):
  File "/root/miniconda3/envs/ling/lib/python3.9/site-packages/urllib3/connectionpool.py", line 714, in urlopen
    httplib_response = self._make_request(
  File "/root/miniconda3/envs/ling/lib/python3.9/site-packages/urllib3/connectionpool.py", line 403, in _make_request
    self._validate_conn(conn)
  File "/root/miniconda3/envs/ling/lib/python3.9/site-packages/urllib3/connectionpool.py", line 1053, in _validate_conn
    conn.connect()
  File "/root/miniconda3/envs/ling/lib/python3.9/site-packages/urllib3/connection.py", line 419, in connect
    self.sock = ssl_wrap_socket(
  File "/root/miniconda3/envs/ling/lib/python3.9/site-packages/urllib3/util/ssl_.py", line 449, in ssl_wrap_socket
    ssl_sock = _ssl_wrap_socket_impl(
  File "/root/miniconda3/envs/ling/lib/python3.9/site-packages/urllib3/util/ssl_.py", line 493, in _ssl_wrap_socket_impl
    return ssl_context.wrap_socket(sock, server_hostname=server_hostname)
  File "/root/miniconda3/envs/ling/lib/python3.9/ssl.py", line 501, in wrap_socket
    return self.sslsocket_class._create(
  File "/root/miniconda3/envs/ling/lib/python3.9/ssl.py", line 1041, in _create
    self.do_handshake()
  File "/root/miniconda3/envs/ling/lib/python3.9/ssl.py", line 1310, in do_handshake
    self._sslobj.do_handshake()
ConnectionResetError: [Errno 104] Connection reset by peer

During handling of the above exception, another exception occurred:

Traceback (most recent call last):
  File "/root/miniconda3/envs/ling/lib/python3.9/site-packages/requests/adapters.py", line 486, in send
    resp = conn.urlopen(
  File "/root/miniconda3/envs/ling/lib/python3.9/site-packages/urllib3/connectionpool.py", line 798, in urlopen
    retries = retries.increment(
  File "/root/miniconda3/envs/ling/lib/python3.9/site-packages/urllib3/util/retry.py", line 550, in increment
    raise six.reraise(type(error), error, _stacktrace)
  File "/root/miniconda3/envs/ling/lib/python3.9/site-packages/urllib3/packages/six.py", line 769, in reraise
    raise value.with_traceback(tb)
  File "/root/miniconda3/envs/ling/lib/python3.9/site-packages/urllib3/connectionpool.py", line 714, in urlopen
    httplib_response = self._make_request(
  File "/root/miniconda3/envs/ling/lib/python3.9/site-packages/urllib3/connectionpool.py", line 403, in _make_request
    self._validate_conn(conn)
  File "/root/miniconda3/envs/ling/lib/python3.9/site-packages/urllib3/connectionpool.py", line 1053, in _validate_conn
    conn.connect()
  File "/root/miniconda3/envs/ling/lib/python3.9/site-packages/urllib3/connection.py", line 419, in connect
    self.sock = ssl_wrap_socket(
  File "/root/miniconda3/envs/ling/lib/python3.9/site-packages/urllib3/util/ssl_.py", line 449, in ssl_wrap_socket
    ssl_sock = _ssl_wrap_socket_impl(
  File "/root/miniconda3/envs/ling/lib/python3.9/site-packages/urllib3/util/ssl_.py", line 493, in _ssl_wrap_socket_impl
    return ssl_context.wrap_socket(sock, server_hostname=server_hostname)
  File "/root/miniconda3/envs/ling/lib/python3.9/ssl.py", line 501, in wrap_socket
    return self.sslsocket_class._create(
  File "/root/miniconda3/envs/ling/lib/python3.9/ssl.py", line 1041, in _create
    self.do_handshake()
  File "/root/miniconda3/envs/ling/lib/python3.9/ssl.py", line 1310, in do_handshake
    self._sslobj.do_handshake()
urllib3.exceptions.ProtocolError: ('Connection aborted.', ConnectionResetError(104, 'Connection reset by peer'))

During handling of the above exception, another exception occurred:

Traceback (most recent call last):
  File "/root/miniconda3/envs/ling/lib/python3.9/site-packages/wandb/sdk/internal/internal_api.py", line 2491, in upload_file
    response = self._upload_file_session.put(
  File "/root/miniconda3/envs/ling/lib/python3.9/site-packages/requests/sessions.py", line 649, in put
    return self.request("PUT", url, data=data, **kwargs)
  File "/root/miniconda3/envs/ling/lib/python3.9/site-packages/requests/sessions.py", line 589, in request
    resp = self.send(prep, **send_kwargs)
  File "/root/miniconda3/envs/ling/lib/python3.9/site-packages/requests/sessions.py", line 703, in send
    r = adapter.send(request, **kwargs)
  File "/root/miniconda3/envs/ling/lib/python3.9/site-packages/requests/adapters.py", line 501, in send
    raise ConnectionError(err, request=request)
requests.exceptions.ConnectionError: ('Connection aborted.', ConnectionResetError(104, 'Connection reset by peer'))

During handling of the above exception, another exception occurred:

Traceback (most recent call last):
  File "/root/miniconda3/envs/ling/lib/python3.9/site-packages/wandb/sdk/lib/retry.py", line 131, in __call__
    result = self._call_fn(*args, **kwargs)
  File "/root/miniconda3/envs/ling/lib/python3.9/site-packages/wandb/sdk/internal/internal_api.py", line 2520, in upload_file
    raise _e.with_traceback(sys.exc_info()[2])
  File "/root/miniconda3/envs/ling/lib/python3.9/site-packages/wandb/sdk/internal/internal_api.py", line 2491, in upload_file
    response = self._upload_file_session.put(
  File "/root/miniconda3/envs/ling/lib/python3.9/site-packages/requests/sessions.py", line 649, in put
    return self.request("PUT", url, data=data, **kwargs)
  File "/root/miniconda3/envs/ling/lib/python3.9/site-packages/requests/sessions.py", line 589, in request
    resp = self.send(prep, **send_kwargs)
  File "/root/miniconda3/envs/ling/lib/python3.9/site-packages/requests/sessions.py", line 703, in send
    r = adapter.send(request, **kwargs)
  File "/root/miniconda3/envs/ling/lib/python3.9/site-packages/requests/adapters.py", line 501, in send
    raise ConnectionError(err, request=request)
wandb.sdk.lib.retry.TransientError: None
2023-09-06 01:59:44,369 ERROR   wandb-upload_1:44780 [internal_api.py:upload_file():2496] upload_file exception https://storage.googleapis.com/wandb-artifacts-prod/wandb_artifacts/95199606/559991856/5366b528953a1441ad7f8f84d022595f?Expires=1694023165&GoogleAccessId=gorilla-files-url-signer-man%40wandb-production.iam.gserviceaccount.com&Signature=d9g4rCQ%2FxHdAAYi4OiIuL%2BkuKUZBssMMYTguAw60RsQsRygHEKIJno0sV1GR%2BM0lfBz0fTro9uEWnOjJyYcYIKlB3UtlMpWC8X4yUe%2FqoQaTIc0epLpa%2BjgMEFtkcY6pdWRc6CmNlr8mZhz4TcXjBFX6QzTQVzZvYoRutyKvXk3hQiNZjKUSEmhWcSi1mY81gpuYqyiiHqzI5r9vieX303nI0COJ3XKp7UYvBYwdECwhibJzWOKV9%2Bj6RvrWlJbdYqp%2FqY9ad5EDVEnbAZ6gru12mpJtxQHN7Rm%2BxHpsJKcMk385L7Hq3Y2D4ttkphSoz533BdsUPsPzRT1gvrLq2A%3D%3D: ('Connection aborted.', ConnectionResetError(104, 'Connection reset by peer'))
2023-09-06 01:59:44,370 ERROR   wandb-upload_1:44780 [internal_api.py:upload_file():2498] upload_file request headers: {'User-Agent': 'python-requests/2.31.0', 'Accept-Encoding': 'gzip, deflate, br', 'Accept': '*/*', 'Connection': 'keep-alive', 'Content-MD5': 'U2a1KJU6FEGtf4+E0CJZXw==', 'Content-Type': 'text/plain; charset=utf-8', 'Content-Length': '3125'}
2023-09-06 01:59:44,370 ERROR   wandb-upload_1:44780 [internal_api.py:upload_file():2500] upload_file response body: 
2023-09-06 01:59:47,204 DEBUG   HandlerThread:44780 [handler.py:handle_request():144] handle_request: keepalive
2023-09-06 01:59:52,206 DEBUG   HandlerThread:44780 [handler.py:handle_request():144] handle_request: keepalive
2023-09-06 01:59:57,208 DEBUG   HandlerThread:44780 [handler.py:handle_request():144] handle_request: keepalive
2023-09-06 01:59:59,547 WARNING StreamThr :44780 [internal.py:is_dead():414] Internal process exiting, parent pid 44723 disappeared
2023-09-06 01:59:59,547 ERROR   StreamThr :44780 [internal.py:wandb_internal():152] Internal process shutdown.
2023-09-06 02:00:00,135 INFO    WriterThread:44780 [datastore.py:close():294] close: /root/BitFlip/DQNwithHer/outputs/2023-09-06/01-57-24/wandb/run-20230906_015726-qc2wnas8/run-qc2wnas8.wandb
2023-09-06 02:00:00,209 INFO    HandlerThread:44780 [handler.py:finish():861] shutting down handler
2023-09-06 02:00:03,199 ERROR   wandb-upload_1:44780 [internal_api.py:upload_file():2496] upload_file exception https://storage.googleapis.com/wandb-artifacts-prod/wandb_artifacts/95199606/559991856/5366b528953a1441ad7f8f84d022595f?Expires=1694023165&GoogleAccessId=gorilla-files-url-signer-man%40wandb-production.iam.gserviceaccount.com&Signature=d9g4rCQ%2FxHdAAYi4OiIuL%2BkuKUZBssMMYTguAw60RsQsRygHEKIJno0sV1GR%2BM0lfBz0fTro9uEWnOjJyYcYIKlB3UtlMpWC8X4yUe%2FqoQaTIc0epLpa%2BjgMEFtkcY6pdWRc6CmNlr8mZhz4TcXjBFX6QzTQVzZvYoRutyKvXk3hQiNZjKUSEmhWcSi1mY81gpuYqyiiHqzI5r9vieX303nI0COJ3XKp7UYvBYwdECwhibJzWOKV9%2Bj6RvrWlJbdYqp%2FqY9ad5EDVEnbAZ6gru12mpJtxQHN7Rm%2BxHpsJKcMk385L7Hq3Y2D4ttkphSoz533BdsUPsPzRT1gvrLq2A%3D%3D: ('Connection aborted.', ConnectionResetError(104, 'Connection reset by peer'))
2023-09-06 02:00:03,199 ERROR   wandb-upload_1:44780 [internal_api.py:upload_file():2498] upload_file request headers: {'User-Agent': 'python-requests/2.31.0', 'Accept-Encoding': 'gzip, deflate, br', 'Accept': '*/*', 'Connection': 'keep-alive', 'Content-MD5': 'U2a1KJU6FEGtf4+E0CJZXw==', 'Content-Type': 'text/plain; charset=utf-8', 'Content-Length': '3125'}
2023-09-06 02:00:03,199 ERROR   wandb-upload_1:44780 [internal_api.py:upload_file():2500] upload_file response body: 
2023-09-06 02:01:43,612 ERROR   wandb-upload_2:44780 [internal_api.py:upload_file():2496] upload_file exception https://storage.googleapis.com/wandb-artifacts-prod/wandb_artifacts/95199606/559991856/a37748b2bbe2fd6ee2a914aedbbdac1f?Expires=1694023165&GoogleAccessId=gorilla-files-url-signer-man%40wandb-production.iam.gserviceaccount.com&Signature=S%2FAYrLQrFiLPU%2BYjvsekqfpXIshaOehRwQLoe5mPaSk%2BqMcdyFA5%2FX6xxGkhjjAgR4ptXQ5T%2BMoJw2dZMEYKPydxPzbcq4RThDSLusdT1P%2Fn5dbvNilLeKrcgPhOWgcpO7HAw3g60OUAt0cLVJl4ToUOT66Fs6F6GkuSYaeHoLrSUkuLuHpM%2BA6GrN4EX2HTerpuKAF8E4ie1a6q2P9tdJhdCAbjk9MW6yorzJLjO2g6NMvxGtnGDp6RREpHl%2B5PJtfjuoEb8hfMkQGpD4mC8eFo9iUiTAXURai%2BHzv1CV0wMYTLokAsn4MSfRAjMpmoS%2F2TtSShBzhTWaABNaWGQA%3D%3D: ('Connection aborted.', ConnectionResetError(104, 'Connection reset by peer'))
2023-09-06 02:01:43,612 ERROR   wandb-upload_2:44780 [internal_api.py:upload_file():2498] upload_file request headers: {'User-Agent': 'python-requests/2.31.0', 'Accept-Encoding': 'gzip, deflate, br', 'Accept': '*/*', 'Connection': 'keep-alive', 'Content-MD5': 'o3dIsrvi/W7iqRSu272sHw==', 'Content-Type': 'application/json', 'Content-Length': '3078'}
2023-09-06 02:01:43,612 ERROR   wandb-upload_2:44780 [internal_api.py:upload_file():2500] upload_file response body: 
2023-09-06 02:01:53,248 ERROR   wandb-upload_2:44780 [internal_api.py:upload_file():2496] upload_file exception https://storage.googleapis.com/wandb-artifacts-prod/wandb_artifacts/95199606/559991856/a37748b2bbe2fd6ee2a914aedbbdac1f?Expires=1694023165&GoogleAccessId=gorilla-files-url-signer-man%40wandb-production.iam.gserviceaccount.com&Signature=S%2FAYrLQrFiLPU%2BYjvsekqfpXIshaOehRwQLoe5mPaSk%2BqMcdyFA5%2FX6xxGkhjjAgR4ptXQ5T%2BMoJw2dZMEYKPydxPzbcq4RThDSLusdT1P%2Fn5dbvNilLeKrcgPhOWgcpO7HAw3g60OUAt0cLVJl4ToUOT66Fs6F6GkuSYaeHoLrSUkuLuHpM%2BA6GrN4EX2HTerpuKAF8E4ie1a6q2P9tdJhdCAbjk9MW6yorzJLjO2g6NMvxGtnGDp6RREpHl%2B5PJtfjuoEb8hfMkQGpD4mC8eFo9iUiTAXURai%2BHzv1CV0wMYTLokAsn4MSfRAjMpmoS%2F2TtSShBzhTWaABNaWGQA%3D%3D: ('Connection aborted.', ConnectionResetError(104, 'Connection reset by peer'))
2023-09-06 02:01:53,249 ERROR   wandb-upload_2:44780 [internal_api.py:upload_file():2498] upload_file request headers: {'User-Agent': 'python-requests/2.31.0', 'Accept-Encoding': 'gzip, deflate, br', 'Accept': '*/*', 'Connection': 'keep-alive', 'Content-MD5': 'o3dIsrvi/W7iqRSu272sHw==', 'Content-Type': 'application/json', 'Content-Length': '3078'}
2023-09-06 02:01:53,249 ERROR   wandb-upload_2:44780 [internal_api.py:upload_file():2500] upload_file response body: 
2023-09-06 02:01:57,716 ERROR   wandb-upload_0:44780 [internal_api.py:upload_file():2496] upload_file exception https://storage.googleapis.com/wandb-production.appspot.com/chenhaojun001/BitFlip_dqn_with_her/qc2wnas8/wandb-metadata.json?Expires=1694023047&GoogleAccessId=gorilla-files-url-signer-man%40wandb-production.iam.gserviceaccount.com&Signature=N3qd0IOqQCCAsmzdevl6HYKtGxoXr5aMQf3jm%2BaYyrD0C03brt189Dd5sB4%2FnoVm7V8zcSMlwDRVhmWgOuKl%2BLlnChoasS4AkKQ1rhTGeqUBBPWzD6qvqc85AAxzvOMDoJWAKz51gmav8IvFyt7cWqrGBwvSny2NQ0iIlUYebx515cLFRXHcMjewaChZWAWpgz6D8XIka791LELOvrELrlu0QrkFgzVfrTO4aIVq30S489oh%2BSMjfUWq6yygQ%2BgmVYXIQ8dP0cI4Ek%2B2c%2BYcvzphnUwyrrEz0Y3QgvpCRURm0%2FmzSgOa9uHtIdgxfzZYoKcfEz4%2B1I154Q8BQttBVg%3D%3D: ('Connection aborted.', ConnectionResetError(104, 'Connection reset by peer'))
2023-09-06 02:01:57,716 ERROR   wandb-upload_0:44780 [internal_api.py:upload_file():2498] upload_file request headers: {'User-Agent': 'python-requests/2.31.0', 'Accept-Encoding': 'gzip, deflate, br', 'Accept': '*/*', 'Connection': 'keep-alive', 'Content-Length': '15135'}
2023-09-06 02:01:57,716 ERROR   wandb-upload_0:44780 [internal_api.py:upload_file():2500] upload_file response body: 
2023-09-06 02:02:06,715 ERROR   wandb-upload_0:44780 [internal_api.py:upload_file():2496] upload_file exception https://storage.googleapis.com/wandb-production.appspot.com/chenhaojun001/BitFlip_dqn_with_her/qc2wnas8/wandb-metadata.json?Expires=1694023047&GoogleAccessId=gorilla-files-url-signer-man%40wandb-production.iam.gserviceaccount.com&Signature=N3qd0IOqQCCAsmzdevl6HYKtGxoXr5aMQf3jm%2BaYyrD0C03brt189Dd5sB4%2FnoVm7V8zcSMlwDRVhmWgOuKl%2BLlnChoasS4AkKQ1rhTGeqUBBPWzD6qvqc85AAxzvOMDoJWAKz51gmav8IvFyt7cWqrGBwvSny2NQ0iIlUYebx515cLFRXHcMjewaChZWAWpgz6D8XIka791LELOvrELrlu0QrkFgzVfrTO4aIVq30S489oh%2BSMjfUWq6yygQ%2BgmVYXIQ8dP0cI4Ek%2B2c%2BYcvzphnUwyrrEz0Y3QgvpCRURm0%2FmzSgOa9uHtIdgxfzZYoKcfEz4%2B1I154Q8BQttBVg%3D%3D: ('Connection aborted.', ConnectionResetError(104, 'Connection reset by peer'))
2023-09-06 02:02:06,715 ERROR   wandb-upload_0:44780 [internal_api.py:upload_file():2498] upload_file request headers: {'User-Agent': 'python-requests/2.31.0', 'Accept-Encoding': 'gzip, deflate, br', 'Accept': '*/*', 'Connection': 'keep-alive', 'Content-Length': '15135'}
2023-09-06 02:02:06,715 ERROR   wandb-upload_0:44780 [internal_api.py:upload_file():2500] upload_file response body: 
2023-09-06 02:02:25,065 ERROR   wandb-upload_0:44780 [internal_api.py:upload_file():2496] upload_file exception https://storage.googleapis.com/wandb-production.appspot.com/chenhaojun001/BitFlip_dqn_with_her/qc2wnas8/wandb-metadata.json?Expires=1694023047&GoogleAccessId=gorilla-files-url-signer-man%40wandb-production.iam.gserviceaccount.com&Signature=N3qd0IOqQCCAsmzdevl6HYKtGxoXr5aMQf3jm%2BaYyrD0C03brt189Dd5sB4%2FnoVm7V8zcSMlwDRVhmWgOuKl%2BLlnChoasS4AkKQ1rhTGeqUBBPWzD6qvqc85AAxzvOMDoJWAKz51gmav8IvFyt7cWqrGBwvSny2NQ0iIlUYebx515cLFRXHcMjewaChZWAWpgz6D8XIka791LELOvrELrlu0QrkFgzVfrTO4aIVq30S489oh%2BSMjfUWq6yygQ%2BgmVYXIQ8dP0cI4Ek%2B2c%2BYcvzphnUwyrrEz0Y3QgvpCRURm0%2FmzSgOa9uHtIdgxfzZYoKcfEz4%2B1I154Q8BQttBVg%3D%3D: ('Connection aborted.', ConnectionResetError(104, 'Connection reset by peer'))
2023-09-06 02:02:25,065 ERROR   wandb-upload_0:44780 [internal_api.py:upload_file():2498] upload_file request headers: {'User-Agent': 'python-requests/2.31.0', 'Accept-Encoding': 'gzip, deflate, br', 'Accept': '*/*', 'Connection': 'keep-alive', 'Content-Length': '15135'}
2023-09-06 02:02:25,065 ERROR   wandb-upload_0:44780 [internal_api.py:upload_file():2500] upload_file response body: 
2023-09-06 02:02:53,242 ERROR   wandb-upload_1:44780 [internal_api.py:upload_file():2496] upload_file exception https://storage.googleapis.com/wandb-artifacts-prod/wandb_artifacts/95199606/559991856/5366b528953a1441ad7f8f84d022595f?Expires=1694023165&GoogleAccessId=gorilla-files-url-signer-man%40wandb-production.iam.gserviceaccount.com&Signature=d9g4rCQ%2FxHdAAYi4OiIuL%2BkuKUZBssMMYTguAw60RsQsRygHEKIJno0sV1GR%2BM0lfBz0fTro9uEWnOjJyYcYIKlB3UtlMpWC8X4yUe%2FqoQaTIc0epLpa%2BjgMEFtkcY6pdWRc6CmNlr8mZhz4TcXjBFX6QzTQVzZvYoRutyKvXk3hQiNZjKUSEmhWcSi1mY81gpuYqyiiHqzI5r9vieX303nI0COJ3XKp7UYvBYwdECwhibJzWOKV9%2Bj6RvrWlJbdYqp%2FqY9ad5EDVEnbAZ6gru12mpJtxQHN7Rm%2BxHpsJKcMk385L7Hq3Y2D4ttkphSoz533BdsUPsPzRT1gvrLq2A%3D%3D: ('Connection aborted.', ConnectionResetError(104, 'Connection reset by peer'))
2023-09-06 02:02:53,242 ERROR   wandb-upload_1:44780 [internal_api.py:upload_file():2498] upload_file request headers: {'User-Agent': 'python-requests/2.31.0', 'Accept-Encoding': 'gzip, deflate, br', 'Accept': '*/*', 'Connection': 'keep-alive', 'Content-MD5': 'U2a1KJU6FEGtf4+E0CJZXw==', 'Content-Type': 'text/plain; charset=utf-8', 'Content-Length': '3125'}
2023-09-06 02:02:53,242 ERROR   wandb-upload_1:44780 [internal_api.py:upload_file():2500] upload_file response body: 
2023-09-06 02:02:58,987 ERROR   wandb-upload_0:44780 [internal_api.py:upload_file():2496] upload_file exception https://storage.googleapis.com/wandb-production.appspot.com/chenhaojun001/BitFlip_dqn_with_her/qc2wnas8/wandb-metadata.json?Expires=1694023047&GoogleAccessId=gorilla-files-url-signer-man%40wandb-production.iam.gserviceaccount.com&Signature=N3qd0IOqQCCAsmzdevl6HYKtGxoXr5aMQf3jm%2BaYyrD0C03brt189Dd5sB4%2FnoVm7V8zcSMlwDRVhmWgOuKl%2BLlnChoasS4AkKQ1rhTGeqUBBPWzD6qvqc85AAxzvOMDoJWAKz51gmav8IvFyt7cWqrGBwvSny2NQ0iIlUYebx515cLFRXHcMjewaChZWAWpgz6D8XIka791LELOvrELrlu0QrkFgzVfrTO4aIVq30S489oh%2BSMjfUWq6yygQ%2BgmVYXIQ8dP0cI4Ek%2B2c%2BYcvzphnUwyrrEz0Y3QgvpCRURm0%2FmzSgOa9uHtIdgxfzZYoKcfEz4%2B1I154Q8BQttBVg%3D%3D: ('Connection aborted.', ConnectionResetError(104, 'Connection reset by peer'))
2023-09-06 02:02:58,987 ERROR   wandb-upload_0:44780 [internal_api.py:upload_file():2498] upload_file request headers: {'User-Agent': 'python-requests/2.31.0', 'Accept-Encoding': 'gzip, deflate, br', 'Accept': '*/*', 'Connection': 'keep-alive', 'Content-Length': '15135'}
2023-09-06 02:02:58,987 ERROR   wandb-upload_0:44780 [internal_api.py:upload_file():2500] upload_file response body: 
2023-09-06 02:04:07,359 ERROR   wandb-upload_1:44780 [internal_api.py:upload_file():2496] upload_file exception https://storage.googleapis.com/wandb-artifacts-prod/wandb_artifacts/95199606/559991856/5366b528953a1441ad7f8f84d022595f?Expires=1694023165&GoogleAccessId=gorilla-files-url-signer-man%40wandb-production.iam.gserviceaccount.com&Signature=d9g4rCQ%2FxHdAAYi4OiIuL%2BkuKUZBssMMYTguAw60RsQsRygHEKIJno0sV1GR%2BM0lfBz0fTro9uEWnOjJyYcYIKlB3UtlMpWC8X4yUe%2FqoQaTIc0epLpa%2BjgMEFtkcY6pdWRc6CmNlr8mZhz4TcXjBFX6QzTQVzZvYoRutyKvXk3hQiNZjKUSEmhWcSi1mY81gpuYqyiiHqzI5r9vieX303nI0COJ3XKp7UYvBYwdECwhibJzWOKV9%2Bj6RvrWlJbdYqp%2FqY9ad5EDVEnbAZ6gru12mpJtxQHN7Rm%2BxHpsJKcMk385L7Hq3Y2D4ttkphSoz533BdsUPsPzRT1gvrLq2A%3D%3D: ('Connection aborted.', ConnectionResetError(104, 'Connection reset by peer'))
2023-09-06 02:04:07,359 ERROR   wandb-upload_1:44780 [internal_api.py:upload_file():2498] upload_file request headers: {'User-Agent': 'python-requests/2.31.0', 'Accept-Encoding': 'gzip, deflate, br', 'Accept': '*/*', 'Connection': 'keep-alive', 'Content-MD5': 'U2a1KJU6FEGtf4+E0CJZXw==', 'Content-Type': 'text/plain; charset=utf-8', 'Content-Length': '3125'}
2023-09-06 02:04:07,359 ERROR   wandb-upload_1:44780 [internal_api.py:upload_file():2500] upload_file response body: 
2023-09-06 02:04:09,039 ERROR   wandb-upload_0:44780 [internal_api.py:upload_file():2496] upload_file exception https://storage.googleapis.com/wandb-production.appspot.com/chenhaojun001/BitFlip_dqn_with_her/qc2wnas8/wandb-metadata.json?Expires=1694023047&GoogleAccessId=gorilla-files-url-signer-man%40wandb-production.iam.gserviceaccount.com&Signature=N3qd0IOqQCCAsmzdevl6HYKtGxoXr5aMQf3jm%2BaYyrD0C03brt189Dd5sB4%2FnoVm7V8zcSMlwDRVhmWgOuKl%2BLlnChoasS4AkKQ1rhTGeqUBBPWzD6qvqc85AAxzvOMDoJWAKz51gmav8IvFyt7cWqrGBwvSny2NQ0iIlUYebx515cLFRXHcMjewaChZWAWpgz6D8XIka791LELOvrELrlu0QrkFgzVfrTO4aIVq30S489oh%2BSMjfUWq6yygQ%2BgmVYXIQ8dP0cI4Ek%2B2c%2BYcvzphnUwyrrEz0Y3QgvpCRURm0%2FmzSgOa9uHtIdgxfzZYoKcfEz4%2B1I154Q8BQttBVg%3D%3D: ('Connection aborted.', ConnectionResetError(104, 'Connection reset by peer'))
2023-09-06 02:04:09,039 ERROR   wandb-upload_0:44780 [internal_api.py:upload_file():2498] upload_file request headers: {'User-Agent': 'python-requests/2.31.0', 'Accept-Encoding': 'gzip, deflate, br', 'Accept': '*/*', 'Connection': 'keep-alive', 'Content-Length': '15135'}
2023-09-06 02:04:09,039 ERROR   wandb-upload_0:44780 [internal_api.py:upload_file():2500] upload_file response body: 
2023-09-06 02:04:19,270 ERROR   wandb-upload_2:44780 [internal_api.py:upload_file():2496] upload_file exception https://storage.googleapis.com/wandb-artifacts-prod/wandb_artifacts/95199606/559991856/a37748b2bbe2fd6ee2a914aedbbdac1f?Expires=1694023165&GoogleAccessId=gorilla-files-url-signer-man%40wandb-production.iam.gserviceaccount.com&Signature=S%2FAYrLQrFiLPU%2BYjvsekqfpXIshaOehRwQLoe5mPaSk%2BqMcdyFA5%2FX6xxGkhjjAgR4ptXQ5T%2BMoJw2dZMEYKPydxPzbcq4RThDSLusdT1P%2Fn5dbvNilLeKrcgPhOWgcpO7HAw3g60OUAt0cLVJl4ToUOT66Fs6F6GkuSYaeHoLrSUkuLuHpM%2BA6GrN4EX2HTerpuKAF8E4ie1a6q2P9tdJhdCAbjk9MW6yorzJLjO2g6NMvxGtnGDp6RREpHl%2B5PJtfjuoEb8hfMkQGpD4mC8eFo9iUiTAXURai%2BHzv1CV0wMYTLokAsn4MSfRAjMpmoS%2F2TtSShBzhTWaABNaWGQA%3D%3D: ('Connection aborted.', ConnectionResetError(104, 'Connection reset by peer'))
2023-09-06 02:04:19,271 ERROR   wandb-upload_2:44780 [internal_api.py:upload_file():2498] upload_file request headers: {'User-Agent': 'python-requests/2.31.0', 'Accept-Encoding': 'gzip, deflate, br', 'Accept': '*/*', 'Connection': 'keep-alive', 'Content-MD5': 'o3dIsrvi/W7iqRSu272sHw==', 'Content-Type': 'application/json', 'Content-Length': '3078'}
2023-09-06 02:04:19,271 ERROR   wandb-upload_2:44780 [internal_api.py:upload_file():2500] upload_file response body: 
2023-09-06 02:04:56,331 ERROR   wandb-upload_2:44780 [internal_api.py:upload_file():2496] upload_file exception https://storage.googleapis.com/wandb-artifacts-prod/wandb_artifacts/95199606/559991856/a37748b2bbe2fd6ee2a914aedbbdac1f?Expires=1694023165&GoogleAccessId=gorilla-files-url-signer-man%40wandb-production.iam.gserviceaccount.com&Signature=S%2FAYrLQrFiLPU%2BYjvsekqfpXIshaOehRwQLoe5mPaSk%2BqMcdyFA5%2FX6xxGkhjjAgR4ptXQ5T%2BMoJw2dZMEYKPydxPzbcq4RThDSLusdT1P%2Fn5dbvNilLeKrcgPhOWgcpO7HAw3g60OUAt0cLVJl4ToUOT66Fs6F6GkuSYaeHoLrSUkuLuHpM%2BA6GrN4EX2HTerpuKAF8E4ie1a6q2P9tdJhdCAbjk9MW6yorzJLjO2g6NMvxGtnGDp6RREpHl%2B5PJtfjuoEb8hfMkQGpD4mC8eFo9iUiTAXURai%2BHzv1CV0wMYTLokAsn4MSfRAjMpmoS%2F2TtSShBzhTWaABNaWGQA%3D%3D: ('Connection aborted.', ConnectionResetError(104, 'Connection reset by peer'))
2023-09-06 02:04:56,332 ERROR   wandb-upload_2:44780 [internal_api.py:upload_file():2498] upload_file request headers: {'User-Agent': 'python-requests/2.31.0', 'Accept-Encoding': 'gzip, deflate, br', 'Accept': '*/*', 'Connection': 'keep-alive', 'Content-MD5': 'o3dIsrvi/W7iqRSu272sHw==', 'Content-Type': 'application/json', 'Content-Length': '3078'}
2023-09-06 02:04:56,332 ERROR   wandb-upload_2:44780 [internal_api.py:upload_file():2500] upload_file response body: 
2023-09-06 02:06:11,039 ERROR   wandb-upload_2:44780 [internal_api.py:upload_file():2496] upload_file exception https://storage.googleapis.com/wandb-artifacts-prod/wandb_artifacts/95199606/559991856/a37748b2bbe2fd6ee2a914aedbbdac1f?Expires=1694023165&GoogleAccessId=gorilla-files-url-signer-man%40wandb-production.iam.gserviceaccount.com&Signature=S%2FAYrLQrFiLPU%2BYjvsekqfpXIshaOehRwQLoe5mPaSk%2BqMcdyFA5%2FX6xxGkhjjAgR4ptXQ5T%2BMoJw2dZMEYKPydxPzbcq4RThDSLusdT1P%2Fn5dbvNilLeKrcgPhOWgcpO7HAw3g60OUAt0cLVJl4ToUOT66Fs6F6GkuSYaeHoLrSUkuLuHpM%2BA6GrN4EX2HTerpuKAF8E4ie1a6q2P9tdJhdCAbjk9MW6yorzJLjO2g6NMvxGtnGDp6RREpHl%2B5PJtfjuoEb8hfMkQGpD4mC8eFo9iUiTAXURai%2BHzv1CV0wMYTLokAsn4MSfRAjMpmoS%2F2TtSShBzhTWaABNaWGQA%3D%3D: ('Connection aborted.', ConnectionResetError(104, 'Connection reset by peer'))
2023-09-06 02:06:11,039 ERROR   wandb-upload_2:44780 [internal_api.py:upload_file():2498] upload_file request headers: {'User-Agent': 'python-requests/2.31.0', 'Accept-Encoding': 'gzip, deflate, br', 'Accept': '*/*', 'Connection': 'keep-alive', 'Content-MD5': 'o3dIsrvi/W7iqRSu272sHw==', 'Content-Type': 'application/json', 'Content-Length': '3078'}
2023-09-06 02:06:11,040 ERROR   wandb-upload_2:44780 [internal_api.py:upload_file():2500] upload_file response body: 
2023-09-06 02:06:17,952 ERROR   wandb-upload_1:44780 [internal_api.py:upload_file():2496] upload_file exception https://storage.googleapis.com/wandb-artifacts-prod/wandb_artifacts/95199606/559991856/5366b528953a1441ad7f8f84d022595f?Expires=1694023165&GoogleAccessId=gorilla-files-url-signer-man%40wandb-production.iam.gserviceaccount.com&Signature=d9g4rCQ%2FxHdAAYi4OiIuL%2BkuKUZBssMMYTguAw60RsQsRygHEKIJno0sV1GR%2BM0lfBz0fTro9uEWnOjJyYcYIKlB3UtlMpWC8X4yUe%2FqoQaTIc0epLpa%2BjgMEFtkcY6pdWRc6CmNlr8mZhz4TcXjBFX6QzTQVzZvYoRutyKvXk3hQiNZjKUSEmhWcSi1mY81gpuYqyiiHqzI5r9vieX303nI0COJ3XKp7UYvBYwdECwhibJzWOKV9%2Bj6RvrWlJbdYqp%2FqY9ad5EDVEnbAZ6gru12mpJtxQHN7Rm%2BxHpsJKcMk385L7Hq3Y2D4ttkphSoz533BdsUPsPzRT1gvrLq2A%3D%3D: ('Connection aborted.', ConnectionResetError(104, 'Connection reset by peer'))
2023-09-06 02:06:17,952 ERROR   wandb-upload_1:44780 [internal_api.py:upload_file():2498] upload_file request headers: {'User-Agent': 'python-requests/2.31.0', 'Accept-Encoding': 'gzip, deflate, br', 'Accept': '*/*', 'Connection': 'keep-alive', 'Content-MD5': 'U2a1KJU6FEGtf4+E0CJZXw==', 'Content-Type': 'text/plain; charset=utf-8', 'Content-Length': '3125'}
2023-09-06 02:06:17,952 ERROR   wandb-upload_1:44780 [internal_api.py:upload_file():2500] upload_file response body: 
2023-09-06 02:06:30,696 ERROR   wandb-upload_0:44780 [internal_api.py:upload_file():2496] upload_file exception https://storage.googleapis.com/wandb-production.appspot.com/chenhaojun001/BitFlip_dqn_with_her/qc2wnas8/wandb-metadata.json?Expires=1694023047&GoogleAccessId=gorilla-files-url-signer-man%40wandb-production.iam.gserviceaccount.com&Signature=N3qd0IOqQCCAsmzdevl6HYKtGxoXr5aMQf3jm%2BaYyrD0C03brt189Dd5sB4%2FnoVm7V8zcSMlwDRVhmWgOuKl%2BLlnChoasS4AkKQ1rhTGeqUBBPWzD6qvqc85AAxzvOMDoJWAKz51gmav8IvFyt7cWqrGBwvSny2NQ0iIlUYebx515cLFRXHcMjewaChZWAWpgz6D8XIka791LELOvrELrlu0QrkFgzVfrTO4aIVq30S489oh%2BSMjfUWq6yygQ%2BgmVYXIQ8dP0cI4Ek%2B2c%2BYcvzphnUwyrrEz0Y3QgvpCRURm0%2FmzSgOa9uHtIdgxfzZYoKcfEz4%2B1I154Q8BQttBVg%3D%3D: ('Connection aborted.', ConnectionResetError(104, 'Connection reset by peer'))
2023-09-06 02:06:30,696 ERROR   wandb-upload_0:44780 [internal_api.py:upload_file():2498] upload_file request headers: {'User-Agent': 'python-requests/2.31.0', 'Accept-Encoding': 'gzip, deflate, br', 'Accept': '*/*', 'Connection': 'keep-alive', 'Content-Length': '15135'}
2023-09-06 02:06:30,696 ERROR   wandb-upload_0:44780 [internal_api.py:upload_file():2500] upload_file response body: 
2023-09-06 02:08:43,166 INFO    wandb-upload_2:44780 [upload_job.py:push():89] Uploaded file /root/.local/share/wandb/artifacts/staging/tmp_chh9s1h
2023-09-06 02:10:51,954 ERROR   wandb-upload_1:44780 [internal_api.py:upload_file():2496] upload_file exception https://storage.googleapis.com/wandb-artifacts-prod/wandb_artifacts/95199606/559991856/5366b528953a1441ad7f8f84d022595f?Expires=1694023165&GoogleAccessId=gorilla-files-url-signer-man%40wandb-production.iam.gserviceaccount.com&Signature=d9g4rCQ%2FxHdAAYi4OiIuL%2BkuKUZBssMMYTguAw60RsQsRygHEKIJno0sV1GR%2BM0lfBz0fTro9uEWnOjJyYcYIKlB3UtlMpWC8X4yUe%2FqoQaTIc0epLpa%2BjgMEFtkcY6pdWRc6CmNlr8mZhz4TcXjBFX6QzTQVzZvYoRutyKvXk3hQiNZjKUSEmhWcSi1mY81gpuYqyiiHqzI5r9vieX303nI0COJ3XKp7UYvBYwdECwhibJzWOKV9%2Bj6RvrWlJbdYqp%2FqY9ad5EDVEnbAZ6gru12mpJtxQHN7Rm%2BxHpsJKcMk385L7Hq3Y2D4ttkphSoz533BdsUPsPzRT1gvrLq2A%3D%3D: ('Connection aborted.', ConnectionResetError(104, 'Connection reset by peer'))
2023-09-06 02:10:51,954 ERROR   wandb-upload_1:44780 [internal_api.py:upload_file():2498] upload_file request headers: {'User-Agent': 'python-requests/2.31.0', 'Accept-Encoding': 'gzip, deflate, br', 'Accept': '*/*', 'Connection': 'keep-alive', 'Content-MD5': 'U2a1KJU6FEGtf4+E0CJZXw==', 'Content-Type': 'text/plain; charset=utf-8', 'Content-Length': '3125'}
2023-09-06 02:10:51,954 ERROR   wandb-upload_1:44780 [internal_api.py:upload_file():2500] upload_file response body: 
2023-09-06 02:13:54,523 ERROR   wandb-upload_0:44780 [internal_api.py:upload_file():2496] upload_file exception https://storage.googleapis.com/wandb-production.appspot.com/chenhaojun001/BitFlip_dqn_with_her/qc2wnas8/wandb-metadata.json?Expires=1694023047&GoogleAccessId=gorilla-files-url-signer-man%40wandb-production.iam.gserviceaccount.com&Signature=N3qd0IOqQCCAsmzdevl6HYKtGxoXr5aMQf3jm%2BaYyrD0C03brt189Dd5sB4%2FnoVm7V8zcSMlwDRVhmWgOuKl%2BLlnChoasS4AkKQ1rhTGeqUBBPWzD6qvqc85AAxzvOMDoJWAKz51gmav8IvFyt7cWqrGBwvSny2NQ0iIlUYebx515cLFRXHcMjewaChZWAWpgz6D8XIka791LELOvrELrlu0QrkFgzVfrTO4aIVq30S489oh%2BSMjfUWq6yygQ%2BgmVYXIQ8dP0cI4Ek%2B2c%2BYcvzphnUwyrrEz0Y3QgvpCRURm0%2FmzSgOa9uHtIdgxfzZYoKcfEz4%2B1I154Q8BQttBVg%3D%3D: ('Connection aborted.', ConnectionResetError(104, 'Connection reset by peer'))
2023-09-06 02:13:54,523 ERROR   wandb-upload_0:44780 [internal_api.py:upload_file():2498] upload_file request headers: {'User-Agent': 'python-requests/2.31.0', 'Accept-Encoding': 'gzip, deflate, br', 'Accept': '*/*', 'Connection': 'keep-alive', 'Content-Length': '15135'}
2023-09-06 02:13:54,523 ERROR   wandb-upload_0:44780 [internal_api.py:upload_file():2500] upload_file response body: 
2023-09-06 02:18:12,568 ERROR   wandb-upload_1:44780 [internal_api.py:upload_file():2496] upload_file exception https://storage.googleapis.com/wandb-artifacts-prod/wandb_artifacts/95199606/559991856/5366b528953a1441ad7f8f84d022595f?Expires=1694023165&GoogleAccessId=gorilla-files-url-signer-man%40wandb-production.iam.gserviceaccount.com&Signature=d9g4rCQ%2FxHdAAYi4OiIuL%2BkuKUZBssMMYTguAw60RsQsRygHEKIJno0sV1GR%2BM0lfBz0fTro9uEWnOjJyYcYIKlB3UtlMpWC8X4yUe%2FqoQaTIc0epLpa%2BjgMEFtkcY6pdWRc6CmNlr8mZhz4TcXjBFX6QzTQVzZvYoRutyKvXk3hQiNZjKUSEmhWcSi1mY81gpuYqyiiHqzI5r9vieX303nI0COJ3XKp7UYvBYwdECwhibJzWOKV9%2Bj6RvrWlJbdYqp%2FqY9ad5EDVEnbAZ6gru12mpJtxQHN7Rm%2BxHpsJKcMk385L7Hq3Y2D4ttkphSoz533BdsUPsPzRT1gvrLq2A%3D%3D: ('Connection aborted.', ConnectionResetError(104, 'Connection reset by peer'))
2023-09-06 02:18:12,569 ERROR   wandb-upload_1:44780 [internal_api.py:upload_file():2498] upload_file request headers: {'User-Agent': 'python-requests/2.31.0', 'Accept-Encoding': 'gzip, deflate, br', 'Accept': '*/*', 'Connection': 'keep-alive', 'Content-MD5': 'U2a1KJU6FEGtf4+E0CJZXw==', 'Content-Type': 'text/plain; charset=utf-8', 'Content-Length': '3125'}
2023-09-06 02:18:12,569 ERROR   wandb-upload_1:44780 [internal_api.py:upload_file():2500] upload_file response body: 
2023-09-06 02:19:56,033 ERROR   wandb-upload_0:44780 [internal_api.py:upload_file():2496] upload_file exception https://storage.googleapis.com/wandb-production.appspot.com/chenhaojun001/BitFlip_dqn_with_her/qc2wnas8/wandb-metadata.json?Expires=1694023047&GoogleAccessId=gorilla-files-url-signer-man%40wandb-production.iam.gserviceaccount.com&Signature=N3qd0IOqQCCAsmzdevl6HYKtGxoXr5aMQf3jm%2BaYyrD0C03brt189Dd5sB4%2FnoVm7V8zcSMlwDRVhmWgOuKl%2BLlnChoasS4AkKQ1rhTGeqUBBPWzD6qvqc85AAxzvOMDoJWAKz51gmav8IvFyt7cWqrGBwvSny2NQ0iIlUYebx515cLFRXHcMjewaChZWAWpgz6D8XIka791LELOvrELrlu0QrkFgzVfrTO4aIVq30S489oh%2BSMjfUWq6yygQ%2BgmVYXIQ8dP0cI4Ek%2B2c%2BYcvzphnUwyrrEz0Y3QgvpCRURm0%2FmzSgOa9uHtIdgxfzZYoKcfEz4%2B1I154Q8BQttBVg%3D%3D: ('Connection aborted.', ConnectionResetError(104, 'Connection reset by peer'))
2023-09-06 02:19:56,034 ERROR   wandb-upload_0:44780 [internal_api.py:upload_file():2498] upload_file request headers: {'User-Agent': 'python-requests/2.31.0', 'Accept-Encoding': 'gzip, deflate, br', 'Accept': '*/*', 'Connection': 'keep-alive', 'Content-Length': '15135'}
2023-09-06 02:19:56,034 ERROR   wandb-upload_0:44780 [internal_api.py:upload_file():2500] upload_file response body: 
2023-09-06 02:24:10,192 ERROR   wandb-upload_1:44780 [internal_api.py:upload_file():2496] upload_file exception https://storage.googleapis.com/wandb-artifacts-prod/wandb_artifacts/95199606/559991856/5366b528953a1441ad7f8f84d022595f?Expires=1694023165&GoogleAccessId=gorilla-files-url-signer-man%40wandb-production.iam.gserviceaccount.com&Signature=d9g4rCQ%2FxHdAAYi4OiIuL%2BkuKUZBssMMYTguAw60RsQsRygHEKIJno0sV1GR%2BM0lfBz0fTro9uEWnOjJyYcYIKlB3UtlMpWC8X4yUe%2FqoQaTIc0epLpa%2BjgMEFtkcY6pdWRc6CmNlr8mZhz4TcXjBFX6QzTQVzZvYoRutyKvXk3hQiNZjKUSEmhWcSi1mY81gpuYqyiiHqzI5r9vieX303nI0COJ3XKp7UYvBYwdECwhibJzWOKV9%2Bj6RvrWlJbdYqp%2FqY9ad5EDVEnbAZ6gru12mpJtxQHN7Rm%2BxHpsJKcMk385L7Hq3Y2D4ttkphSoz533BdsUPsPzRT1gvrLq2A%3D%3D: ('Connection aborted.', ConnectionResetError(104, 'Connection reset by peer'))
2023-09-06 02:24:10,192 ERROR   wandb-upload_1:44780 [internal_api.py:upload_file():2498] upload_file request headers: {'User-Agent': 'python-requests/2.31.0', 'Accept-Encoding': 'gzip, deflate, br', 'Accept': '*/*', 'Connection': 'keep-alive', 'Content-MD5': 'U2a1KJU6FEGtf4+E0CJZXw==', 'Content-Type': 'text/plain; charset=utf-8', 'Content-Length': '3125'}
2023-09-06 02:24:10,192 ERROR   wandb-upload_1:44780 [internal_api.py:upload_file():2500] upload_file response body: 
2023-09-06 02:25:20,800 ERROR   wandb-upload_0:44780 [internal_api.py:upload_file():2496] upload_file exception https://storage.googleapis.com/wandb-production.appspot.com/chenhaojun001/BitFlip_dqn_with_her/qc2wnas8/wandb-metadata.json?Expires=1694023047&GoogleAccessId=gorilla-files-url-signer-man%40wandb-production.iam.gserviceaccount.com&Signature=N3qd0IOqQCCAsmzdevl6HYKtGxoXr5aMQf3jm%2BaYyrD0C03brt189Dd5sB4%2FnoVm7V8zcSMlwDRVhmWgOuKl%2BLlnChoasS4AkKQ1rhTGeqUBBPWzD6qvqc85AAxzvOMDoJWAKz51gmav8IvFyt7cWqrGBwvSny2NQ0iIlUYebx515cLFRXHcMjewaChZWAWpgz6D8XIka791LELOvrELrlu0QrkFgzVfrTO4aIVq30S489oh%2BSMjfUWq6yygQ%2BgmVYXIQ8dP0cI4Ek%2B2c%2BYcvzphnUwyrrEz0Y3QgvpCRURm0%2FmzSgOa9uHtIdgxfzZYoKcfEz4%2B1I154Q8BQttBVg%3D%3D: ('Connection aborted.', ConnectionResetError(104, 'Connection reset by peer'))
2023-09-06 02:25:20,800 ERROR   wandb-upload_0:44780 [internal_api.py:upload_file():2498] upload_file request headers: {'User-Agent': 'python-requests/2.31.0', 'Accept-Encoding': 'gzip, deflate, br', 'Accept': '*/*', 'Connection': 'keep-alive', 'Content-Length': '15135'}
2023-09-06 02:25:20,800 ERROR   wandb-upload_0:44780 [internal_api.py:upload_file():2500] upload_file response body: 
2023-09-06 02:30:24,908 ERROR   wandb-upload_1:44780 [internal_api.py:upload_file():2496] upload_file exception https://storage.googleapis.com/wandb-artifacts-prod/wandb_artifacts/95199606/559991856/5366b528953a1441ad7f8f84d022595f?Expires=1694023165&GoogleAccessId=gorilla-files-url-signer-man%40wandb-production.iam.gserviceaccount.com&Signature=d9g4rCQ%2FxHdAAYi4OiIuL%2BkuKUZBssMMYTguAw60RsQsRygHEKIJno0sV1GR%2BM0lfBz0fTro9uEWnOjJyYcYIKlB3UtlMpWC8X4yUe%2FqoQaTIc0epLpa%2BjgMEFtkcY6pdWRc6CmNlr8mZhz4TcXjBFX6QzTQVzZvYoRutyKvXk3hQiNZjKUSEmhWcSi1mY81gpuYqyiiHqzI5r9vieX303nI0COJ3XKp7UYvBYwdECwhibJzWOKV9%2Bj6RvrWlJbdYqp%2FqY9ad5EDVEnbAZ6gru12mpJtxQHN7Rm%2BxHpsJKcMk385L7Hq3Y2D4ttkphSoz533BdsUPsPzRT1gvrLq2A%3D%3D: ('Connection aborted.', ConnectionResetError(104, 'Connection reset by peer'))
2023-09-06 02:30:24,908 ERROR   wandb-upload_1:44780 [internal_api.py:upload_file():2498] upload_file request headers: {'User-Agent': 'python-requests/2.31.0', 'Accept-Encoding': 'gzip, deflate, br', 'Accept': '*/*', 'Connection': 'keep-alive', 'Content-MD5': 'U2a1KJU6FEGtf4+E0CJZXw==', 'Content-Type': 'text/plain; charset=utf-8', 'Content-Length': '3125'}
2023-09-06 02:30:24,908 ERROR   wandb-upload_1:44780 [internal_api.py:upload_file():2500] upload_file response body: 
2023-09-06 02:31:17,722 ERROR   wandb-upload_0:44780 [internal_api.py:upload_file():2496] upload_file exception https://storage.googleapis.com/wandb-production.appspot.com/chenhaojun001/BitFlip_dqn_with_her/qc2wnas8/wandb-metadata.json?Expires=1694023047&GoogleAccessId=gorilla-files-url-signer-man%40wandb-production.iam.gserviceaccount.com&Signature=N3qd0IOqQCCAsmzdevl6HYKtGxoXr5aMQf3jm%2BaYyrD0C03brt189Dd5sB4%2FnoVm7V8zcSMlwDRVhmWgOuKl%2BLlnChoasS4AkKQ1rhTGeqUBBPWzD6qvqc85AAxzvOMDoJWAKz51gmav8IvFyt7cWqrGBwvSny2NQ0iIlUYebx515cLFRXHcMjewaChZWAWpgz6D8XIka791LELOvrELrlu0QrkFgzVfrTO4aIVq30S489oh%2BSMjfUWq6yygQ%2BgmVYXIQ8dP0cI4Ek%2B2c%2BYcvzphnUwyrrEz0Y3QgvpCRURm0%2FmzSgOa9uHtIdgxfzZYoKcfEz4%2B1I154Q8BQttBVg%3D%3D: ('Connection aborted.', ConnectionResetError(104, 'Connection reset by peer'))
2023-09-06 02:31:17,722 ERROR   wandb-upload_0:44780 [internal_api.py:upload_file():2498] upload_file request headers: {'User-Agent': 'python-requests/2.31.0', 'Accept-Encoding': 'gzip, deflate, br', 'Accept': '*/*', 'Connection': 'keep-alive', 'Content-Length': '15135'}
2023-09-06 02:31:17,722 ERROR   wandb-upload_0:44780 [internal_api.py:upload_file():2500] upload_file response body: 
