2023-09-06 02:04:13,981 INFO    StreamThr :48190 [internal.py:wandb_internal():86] W&B internal server running at pid: 48190, started at: 2023-09-06 02:04:13.980570
2023-09-06 02:04:13,984 DEBUG   HandlerThread:48190 [handler.py:handle_request():144] handle_request: status
2023-09-06 02:04:13,987 INFO    WriterThread:48190 [datastore.py:open_for_write():85] open: /root/BitFlip/DQNwithHer/outputs/2023-09-06/02-04-12/wandb/run-20230906_020413-v74a2w8j/run-v74a2w8j.wandb
2023-09-06 02:04:13,991 DEBUG   SenderThread:48190 [sender.py:send():379] send: header
2023-09-06 02:04:14,010 DEBUG   SenderThread:48190 [sender.py:send():379] send: run
2023-09-06 02:04:14,717 INFO    SenderThread:48190 [dir_watcher.py:__init__():211] watching files in: /root/BitFlip/DQNwithHer/outputs/2023-09-06/02-04-12/wandb/run-20230906_020413-v74a2w8j/files
2023-09-06 02:04:14,717 INFO    SenderThread:48190 [sender.py:_start_run_threads():1121] run started: v74a2w8j with start time 1693937053.979658
2023-09-06 02:04:14,722 DEBUG   SenderThread:48190 [sender.py:send_request():406] send_request: summary_record
2023-09-06 02:04:14,722 INFO    SenderThread:48190 [sender.py:_save_file():1375] saving file wandb-summary.json with policy end
2023-09-06 02:04:14,730 DEBUG   HandlerThread:48190 [handler.py:handle_request():144] handle_request: check_version
2023-09-06 02:04:14,730 DEBUG   SenderThread:48190 [sender.py:send_request():406] send_request: check_version
2023-09-06 02:04:15,132 DEBUG   HandlerThread:48190 [handler.py:handle_request():144] handle_request: run_start
2023-09-06 02:04:15,146 DEBUG   HandlerThread:48190 [system_info.py:__init__():31] System info init
2023-09-06 02:04:15,146 DEBUG   HandlerThread:48190 [system_info.py:__init__():46] System info init done
2023-09-06 02:04:15,146 INFO    HandlerThread:48190 [system_monitor.py:start():181] Starting system monitor
2023-09-06 02:04:15,147 INFO    SystemMonitor:48190 [system_monitor.py:_start():145] Starting system asset monitoring threads
2023-09-06 02:04:15,147 INFO    HandlerThread:48190 [system_monitor.py:probe():201] Collecting system info
2023-09-06 02:04:15,148 INFO    SystemMonitor:48190 [interfaces.py:start():190] Started cpu monitoring
2023-09-06 02:04:15,149 INFO    SystemMonitor:48190 [interfaces.py:start():190] Started disk monitoring
2023-09-06 02:04:15,152 INFO    SystemMonitor:48190 [interfaces.py:start():190] Started gpu monitoring
2023-09-06 02:04:15,155 INFO    SystemMonitor:48190 [interfaces.py:start():190] Started memory monitoring
2023-09-06 02:04:15,156 INFO    SystemMonitor:48190 [interfaces.py:start():190] Started network monitoring
2023-09-06 02:04:15,220 DEBUG   HandlerThread:48190 [system_info.py:probe():195] Probing system
2023-09-06 02:04:15,241 DEBUG   HandlerThread:48190 [system_info.py:_probe_git():180] Probing git
2023-09-06 02:04:15,264 DEBUG   HandlerThread:48190 [system_info.py:_probe_git():188] Probing git done
2023-09-06 02:04:15,264 DEBUG   HandlerThread:48190 [system_info.py:probe():240] Probing system done
2023-09-06 02:04:15,264 DEBUG   HandlerThread:48190 [system_monitor.py:probe():210] {'os': 'Linux-5.4.0-132-generic-x86_64-with-glibc2.35', 'python': '3.9.17', 'heartbeatAt': '2023-09-05T18:04:15.220825', 'startedAt': '2023-09-05T18:04:13.970346', 'docker': None, 'cuda': None, 'args': ('minimal_size=64', 'length=8', 'use_wandb=true', 'epsilon=0.9', 'delta_epsilon=1e-5', 'lr=1e-4', 'buffer_size=0'), 'state': 'running', 'program': '/root/BitFlip/DQNwithHer/main.py', 'codePath': 'DQNwithHer/main.py', 'git': {'remote': 'git@github.com:chjchjchjchjchj/BitFlip.git', 'commit': 'de64834fe3b96021cf8ea4590011ec505c48b8c7'}, 'email': 'chjchjchjchjchj2001@gmail.com', 'root': '/root/BitFlip', 'host': 'autodl-container-b06911993c-7c1fab7a', 'username': 'root', 'executable': '/root/miniconda3/envs/ling/bin/python', 'cpu_count': 64, 'cpu_count_logical': 128, 'cpu_freq': {'current': 1135.2726875, 'min': 800.0, 'max': 3500.0}, 'cpu_freq_per_core': [{'current': 1019.792, 'min': 800.0, 'max': 3500.0}, {'current': 835.177, 'min': 800.0, 'max': 3500.0}, {'current': 886.933, 'min': 800.0, 'max': 3500.0}, {'current': 800.0, 'min': 800.0, 'max': 3500.0}, {'current': 800.0, 'min': 800.0, 'max': 3500.0}, {'current': 801.043, 'min': 800.0, 'max': 3500.0}, {'current': 798.951, 'min': 800.0, 'max': 3500.0}, {'current': 800.132, 'min': 800.0, 'max': 3500.0}, {'current': 798.929, 'min': 800.0, 'max': 3500.0}, {'current': 2182.226, 'min': 800.0, 'max': 3500.0}, {'current': 801.016, 'min': 800.0, 'max': 3500.0}, {'current': 801.013, 'min': 800.0, 'max': 3500.0}, {'current': 800.0, 'min': 800.0, 'max': 3500.0}, {'current': 799.036, 'min': 800.0, 'max': 3500.0}, {'current': 803.64, 'min': 800.0, 'max': 3500.0}, {'current': 3100.0, 'min': 800.0, 'max': 3500.0}, {'current': 801.877, 'min': 800.0, 'max': 3500.0}, {'current': 900.0, 'min': 800.0, 'max': 3500.0}, {'current': 2600.0, 'min': 800.0, 'max': 3500.0}, {'current': 900.0, 'min': 800.0, 'max': 3500.0}, {'current': 799.97, 'min': 800.0, 'max': 3500.0}, {'current': 832.763, 'min': 800.0, 'max': 3500.0}, {'current': 800.0, 'min': 800.0, 'max': 3500.0}, {'current': 905.692, 'min': 800.0, 'max': 3500.0}, {'current': 799.948, 'min': 800.0, 'max': 3500.0}, {'current': 804.345, 'min': 800.0, 'max': 3500.0}, {'current': 800.0, 'min': 800.0, 'max': 3500.0}, {'current': 800.0, 'min': 800.0, 'max': 3500.0}, {'current': 839.871, 'min': 800.0, 'max': 3500.0}, {'current': 798.983, 'min': 800.0, 'max': 3500.0}, {'current': 900.0, 'min': 800.0, 'max': 3500.0}, {'current': 2600.0, 'min': 800.0, 'max': 3500.0}, {'current': 893.787, 'min': 800.0, 'max': 3500.0}, {'current': 799.055, 'min': 800.0, 'max': 3500.0}, {'current': 1554.404, 'min': 800.0, 'max': 3500.0}, {'current': 799.076, 'min': 800.0, 'max': 3500.0}, {'current': 799.011, 'min': 800.0, 'max': 3500.0}, {'current': 800.0, 'min': 800.0, 'max': 3500.0}, {'current': 3100.0, 'min': 800.0, 'max': 3500.0}, {'current': 800.892, 'min': 800.0, 'max': 3500.0}, {'current': 799.075, 'min': 800.0, 'max': 3500.0}, {'current': 1701.172, 'min': 800.0, 'max': 3500.0}, {'current': 1470.424, 'min': 800.0, 'max': 3500.0}, {'current': 1370.535, 'min': 800.0, 'max': 3500.0}, {'current': 898.385, 'min': 800.0, 'max': 3500.0}, {'current': 878.752, 'min': 800.0, 'max': 3500.0}, {'current': 1603.193, 'min': 800.0, 'max': 3500.0}, {'current': 1603.067, 'min': 800.0, 'max': 3500.0}, {'current': 1555.244, 'min': 800.0, 'max': 3500.0}, {'current': 1562.095, 'min': 800.0, 'max': 3500.0}, {'current': 1646.751, 'min': 800.0, 'max': 3500.0}, {'current': 1602.196, 'min': 800.0, 'max': 3500.0}, {'current': 1505.284, 'min': 800.0, 'max': 3500.0}, {'current': 1055.718, 'min': 800.0, 'max': 3500.0}, {'current': 800.006, 'min': 800.0, 'max': 3500.0}, {'current': 1758.935, 'min': 800.0, 'max': 3500.0}, {'current': 1466.617, 'min': 800.0, 'max': 3500.0}, {'current': 1461.229, 'min': 800.0, 'max': 3500.0}, {'current': 1259.083, 'min': 800.0, 'max': 3500.0}, {'current': 799.913, 'min': 800.0, 'max': 3500.0}, {'current': 800.785, 'min': 800.0, 'max': 3500.0}, {'current': 3033.022, 'min': 800.0, 'max': 3500.0}, {'current': 2051.194, 'min': 800.0, 'max': 3500.0}, {'current': 800.152, 'min': 800.0, 'max': 3500.0}, {'current': 977.562, 'min': 800.0, 'max': 3500.0}, {'current': 801.68, 'min': 800.0, 'max': 3500.0}, {'current': 867.987, 'min': 800.0, 'max': 3500.0}, {'current': 817.244, 'min': 800.0, 'max': 3500.0}, {'current': 799.249, 'min': 800.0, 'max': 3500.0}, {'current': 800.0, 'min': 800.0, 'max': 3500.0}, {'current': 799.161, 'min': 800.0, 'max': 3500.0}, {'current': 805.99, 'min': 800.0, 'max': 3500.0}, {'current': 799.901, 'min': 800.0, 'max': 3500.0}, {'current': 2599.481, 'min': 800.0, 'max': 3500.0}, {'current': 800.0, 'min': 800.0, 'max': 3500.0}, {'current': 870.355, 'min': 800.0, 'max': 3500.0}, {'current': 800.0, 'min': 800.0, 'max': 3500.0}, {'current': 800.0, 'min': 800.0, 'max': 3500.0}, {'current': 800.0, 'min': 800.0, 'max': 3500.0}, {'current': 3100.0, 'min': 800.0, 'max': 3500.0}, {'current': 799.974, 'min': 800.0, 'max': 3500.0}, {'current': 884.275, 'min': 800.0, 'max': 3500.0}, {'current': 799.019, 'min': 800.0, 'max': 3500.0}, {'current': 900.0, 'min': 800.0, 'max': 3500.0}, {'current': 800.0, 'min': 800.0, 'max': 3500.0}, {'current': 861.777, 'min': 800.0, 'max': 3500.0}, {'current': 801.019, 'min': 800.0, 'max': 3500.0}, {'current': 913.844, 'min': 800.0, 'max': 3500.0}, {'current': 800.0, 'min': 800.0, 'max': 3500.0}, {'current': 800.0, 'min': 800.0, 'max': 3500.0}, {'current': 1927.244, 'min': 800.0, 'max': 3500.0}, {'current': 806.287, 'min': 800.0, 'max': 3500.0}, {'current': 802.635, 'min': 800.0, 'max': 3500.0}, {'current': 800.0, 'min': 800.0, 'max': 3500.0}, {'current': 886.971, 'min': 800.0, 'max': 3500.0}, {'current': 2586.141, 'min': 800.0, 'max': 3500.0}, {'current': 900.0, 'min': 800.0, 'max': 3500.0}, {'current': 800.686, 'min': 800.0, 'max': 3500.0}, {'current': 1666.29, 'min': 800.0, 'max': 3500.0}, {'current': 800.0, 'min': 800.0, 'max': 3500.0}, {'current': 800.0, 'min': 800.0, 'max': 3500.0}, {'current': 799.27, 'min': 800.0, 'max': 3500.0}, {'current': 1976.048, 'min': 800.0, 'max': 3500.0}, {'current': 800.0, 'min': 800.0, 'max': 3500.0}, {'current': 800.0, 'min': 800.0, 'max': 3500.0}, {'current': 1542.37, 'min': 800.0, 'max': 3500.0}, {'current': 819.355, 'min': 800.0, 'max': 3500.0}, {'current': 1523.588, 'min': 800.0, 'max': 3500.0}, {'current': 879.825, 'min': 800.0, 'max': 3500.0}, {'current': 898.551, 'min': 800.0, 'max': 3500.0}, {'current': 1667.089, 'min': 800.0, 'max': 3500.0}, {'current': 1653.57, 'min': 800.0, 'max': 3500.0}, {'current': 1661.152, 'min': 800.0, 'max': 3500.0}, {'current': 1653.704, 'min': 800.0, 'max': 3500.0}, {'current': 1565.313, 'min': 800.0, 'max': 3500.0}, {'current': 1652.676, 'min': 800.0, 'max': 3500.0}, {'current': 1651.554, 'min': 800.0, 'max': 3500.0}, {'current': 1652.297, 'min': 800.0, 'max': 3500.0}, {'current': 911.731, 'min': 800.0, 'max': 3500.0}, {'current': 800.0, 'min': 800.0, 'max': 3500.0}, {'current': 1523.309, 'min': 800.0, 'max': 3500.0}, {'current': 1653.413, 'min': 800.0, 'max': 3500.0}, {'current': 1653.816, 'min': 800.0, 'max': 3500.0}, {'current': 800.087, 'min': 800.0, 'max': 3500.0}, {'current': 800.748, 'min': 800.0, 'max': 3500.0}, {'current': 2984.835, 'min': 800.0, 'max': 3500.0}, {'current': 1921.929, 'min': 800.0, 'max': 3500.0}, {'current': 800.0, 'min': 800.0, 'max': 3500.0}], 'disk': {'total': 30.0, 'used': 11.084983825683594}, 'gpu': 'NVIDIA GeForce RTX 3090', 'gpu_count': 4, 'gpu_devices': [{'name': 'NVIDIA GeForce RTX 3090', 'memory_total': 25769803776}, {'name': 'NVIDIA GeForce RTX 3090', 'memory_total': 25769803776}, {'name': 'NVIDIA GeForce RTX 3090', 'memory_total': 25769803776}, {'name': 'NVIDIA GeForce RTX 3090', 'memory_total': 25769803776}], 'memory': {'total': 377.53807830810547}}
2023-09-06 02:04:15,264 INFO    HandlerThread:48190 [system_monitor.py:probe():211] Finished collecting system info
2023-09-06 02:04:15,264 INFO    HandlerThread:48190 [system_monitor.py:probe():214] Publishing system info
2023-09-06 02:04:15,264 DEBUG   HandlerThread:48190 [system_info.py:_save_pip():51] Saving list of pip packages installed into the current environment
2023-09-06 02:04:15,265 DEBUG   HandlerThread:48190 [system_info.py:_save_pip():67] Saving pip packages done
2023-09-06 02:04:15,265 DEBUG   HandlerThread:48190 [system_info.py:_save_conda():74] Saving list of conda packages installed into the current environment
2023-09-06 02:04:15,271 ERROR   HandlerThread:48190 [system_info.py:_save_conda():85] Error saving conda packages: [Errno 2] No such file or directory: 'conda'
Traceback (most recent call last):
  File "/root/miniconda3/envs/ling/lib/python3.9/site-packages/wandb/sdk/internal/system/system_info.py", line 81, in _save_conda
    subprocess.call(
  File "/root/miniconda3/envs/ling/lib/python3.9/subprocess.py", line 349, in call
    with Popen(*popenargs, **kwargs) as p:
  File "/root/miniconda3/envs/ling/lib/python3.9/subprocess.py", line 951, in __init__
    self._execute_child(args, executable, preexec_fn, close_fds,
  File "/root/miniconda3/envs/ling/lib/python3.9/subprocess.py", line 1837, in _execute_child
    raise child_exception_type(errno_num, err_msg, err_filename)
FileNotFoundError: [Errno 2] No such file or directory: 'conda'
2023-09-06 02:04:15,272 DEBUG   HandlerThread:48190 [system_info.py:_save_conda():86] Saving conda packages done
2023-09-06 02:04:15,274 INFO    HandlerThread:48190 [system_monitor.py:probe():216] Finished publishing system info
2023-09-06 02:04:15,280 DEBUG   SenderThread:48190 [sender.py:send():379] send: files
2023-09-06 02:04:15,280 INFO    SenderThread:48190 [sender.py:_save_file():1375] saving file wandb-metadata.json with policy now
2023-09-06 02:04:15,294 DEBUG   SenderThread:48190 [sender.py:send():379] send: telemetry
2023-09-06 02:04:15,305 DEBUG   HandlerThread:48190 [handler.py:handle_request():144] handle_request: stop_status
2023-09-06 02:04:15,306 DEBUG   SenderThread:48190 [sender.py:send_request():406] send_request: stop_status
2023-09-06 02:04:15,722 INFO    Thread-12 :48190 [dir_watcher.py:_on_file_created():271] file/dir created: /root/BitFlip/DQNwithHer/outputs/2023-09-06/02-04-12/wandb/run-20230906_020413-v74a2w8j/files/conda-environment.yaml
2023-09-06 02:04:15,723 INFO    Thread-12 :48190 [dir_watcher.py:_on_file_created():271] file/dir created: /root/BitFlip/DQNwithHer/outputs/2023-09-06/02-04-12/wandb/run-20230906_020413-v74a2w8j/files/wandb-metadata.json
2023-09-06 02:04:15,723 INFO    Thread-12 :48190 [dir_watcher.py:_on_file_created():271] file/dir created: /root/BitFlip/DQNwithHer/outputs/2023-09-06/02-04-12/wandb/run-20230906_020413-v74a2w8j/files/wandb-summary.json
2023-09-06 02:04:15,723 INFO    Thread-12 :48190 [dir_watcher.py:_on_file_created():271] file/dir created: /root/BitFlip/DQNwithHer/outputs/2023-09-06/02-04-12/wandb/run-20230906_020413-v74a2w8j/files/output.log
2023-09-06 02:04:15,723 INFO    Thread-12 :48190 [dir_watcher.py:_on_file_created():271] file/dir created: /root/BitFlip/DQNwithHer/outputs/2023-09-06/02-04-12/wandb/run-20230906_020413-v74a2w8j/files/requirements.txt
2023-09-06 02:04:16,023 ERROR   wandb-upload_0:48190 [internal_api.py:upload_file():2496] upload_file exception https://storage.googleapis.com/wandb-production.appspot.com/chenhaojun001/BitFlip_dqn_with_her/v74a2w8j/wandb-metadata.json?Expires=1694023455&GoogleAccessId=gorilla-files-url-signer-man%40wandb-production.iam.gserviceaccount.com&Signature=erbezeDOy0gUiGfnBVyoqFnyX9x6YljQCNvaq5lExfP8HzH25UGXmE24gSlcOUmFvblL6pCFJEw3dTbsnJkxZDTnoZRNVPIepqT4xfJU8Hb%2BKOeP9yce7%2F2wXMTKgYqacdgegU11WBIYF%2Bs3M7A7J%2BksxKFDa0FVFEu0%2BDE875cbOfGJVoW0sammoyPwbFvccn2hIbJRZm14WUlADckHvLjhK3KQLlmqNaYz%2FfBKx7Ji%2BsYRZoEotY3y2B21oy89Zy9VrLTB9ue5%2FMrZTeUQ1M29xkVZFEQNKhs67rsnrX1ENET0JX%2BA%2F%2F8qVAkHtkGRVn8Rpvnrdc%2BSSUdMDhl3tQ%3D%3D: ('Connection aborted.', ConnectionResetError(104, 'Connection reset by peer'))
2023-09-06 02:04:16,024 ERROR   wandb-upload_0:48190 [internal_api.py:upload_file():2498] upload_file request headers: {'User-Agent': 'python-requests/2.31.0', 'Accept-Encoding': 'gzip, deflate, br', 'Accept': '*/*', 'Connection': 'keep-alive', 'Content-Length': '15132'}
2023-09-06 02:04:16,024 ERROR   wandb-upload_0:48190 [internal_api.py:upload_file():2500] upload_file response body: 
2023-09-06 02:04:17,262 ERROR   wandb-upload_0:48190 [internal_api.py:upload_file():2496] upload_file exception https://storage.googleapis.com/wandb-production.appspot.com/chenhaojun001/BitFlip_dqn_with_her/v74a2w8j/wandb-metadata.json?Expires=1694023455&GoogleAccessId=gorilla-files-url-signer-man%40wandb-production.iam.gserviceaccount.com&Signature=erbezeDOy0gUiGfnBVyoqFnyX9x6YljQCNvaq5lExfP8HzH25UGXmE24gSlcOUmFvblL6pCFJEw3dTbsnJkxZDTnoZRNVPIepqT4xfJU8Hb%2BKOeP9yce7%2F2wXMTKgYqacdgegU11WBIYF%2Bs3M7A7J%2BksxKFDa0FVFEu0%2BDE875cbOfGJVoW0sammoyPwbFvccn2hIbJRZm14WUlADckHvLjhK3KQLlmqNaYz%2FfBKx7Ji%2BsYRZoEotY3y2B21oy89Zy9VrLTB9ue5%2FMrZTeUQ1M29xkVZFEQNKhs67rsnrX1ENET0JX%2BA%2F%2F8qVAkHtkGRVn8Rpvnrdc%2BSSUdMDhl3tQ%3D%3D: ('Connection aborted.', ConnectionResetError(104, 'Connection reset by peer'))
2023-09-06 02:04:17,262 ERROR   wandb-upload_0:48190 [internal_api.py:upload_file():2498] upload_file request headers: {'User-Agent': 'python-requests/2.31.0', 'Accept-Encoding': 'gzip, deflate, br', 'Accept': '*/*', 'Connection': 'keep-alive', 'Content-Length': '15132'}
2023-09-06 02:04:17,262 ERROR   wandb-upload_0:48190 [internal_api.py:upload_file():2500] upload_file response body: 
2023-09-06 02:04:17,548 DEBUG   HandlerThread:48190 [handler.py:handle_request():144] handle_request: partial_history
2023-09-06 02:04:17,553 DEBUG   SenderThread:48190 [sender.py:send():379] send: history
2023-09-06 02:04:17,553 DEBUG   SenderThread:48190 [sender.py:send_request():406] send_request: summary_record
2023-09-06 02:04:17,554 INFO    SenderThread:48190 [sender.py:_save_file():1375] saving file wandb-summary.json with policy end
2023-09-06 02:04:17,729 INFO    Thread-12 :48190 [dir_watcher.py:_on_file_modified():288] file/dir modified: /root/BitFlip/DQNwithHer/outputs/2023-09-06/02-04-12/wandb/run-20230906_020413-v74a2w8j/files/wandb-summary.json
2023-09-06 02:04:17,729 INFO    Thread-12 :48190 [dir_watcher.py:_on_file_modified():288] file/dir modified: /root/BitFlip/DQNwithHer/outputs/2023-09-06/02-04-12/wandb/run-20230906_020413-v74a2w8j/files/output.log
2023-09-06 02:04:18,997 DEBUG   HandlerThread:48190 [handler.py:handle_request():144] handle_request: status_report
2023-09-06 02:04:19,562 ERROR   wandb-upload_0:48190 [internal_api.py:upload_file():2496] upload_file exception https://storage.googleapis.com/wandb-production.appspot.com/chenhaojun001/BitFlip_dqn_with_her/v74a2w8j/wandb-metadata.json?Expires=1694023455&GoogleAccessId=gorilla-files-url-signer-man%40wandb-production.iam.gserviceaccount.com&Signature=erbezeDOy0gUiGfnBVyoqFnyX9x6YljQCNvaq5lExfP8HzH25UGXmE24gSlcOUmFvblL6pCFJEw3dTbsnJkxZDTnoZRNVPIepqT4xfJU8Hb%2BKOeP9yce7%2F2wXMTKgYqacdgegU11WBIYF%2Bs3M7A7J%2BksxKFDa0FVFEu0%2BDE875cbOfGJVoW0sammoyPwbFvccn2hIbJRZm14WUlADckHvLjhK3KQLlmqNaYz%2FfBKx7Ji%2BsYRZoEotY3y2B21oy89Zy9VrLTB9ue5%2FMrZTeUQ1M29xkVZFEQNKhs67rsnrX1ENET0JX%2BA%2F%2F8qVAkHtkGRVn8Rpvnrdc%2BSSUdMDhl3tQ%3D%3D: ('Connection aborted.', ConnectionResetError(104, 'Connection reset by peer'))
2023-09-06 02:04:19,562 ERROR   wandb-upload_0:48190 [internal_api.py:upload_file():2498] upload_file request headers: {'User-Agent': 'python-requests/2.31.0', 'Accept-Encoding': 'gzip, deflate, br', 'Accept': '*/*', 'Connection': 'keep-alive', 'Content-Length': '15132'}
2023-09-06 02:04:19,562 ERROR   wandb-upload_0:48190 [internal_api.py:upload_file():2500] upload_file response body: 
2023-09-06 02:04:19,562 INFO    wandb-upload_0:48190 [retry.py:__call__():172] Retry attempt failed:
Traceback (most recent call last):
  File "/root/miniconda3/envs/ling/lib/python3.9/site-packages/urllib3/connectionpool.py", line 714, in urlopen
    httplib_response = self._make_request(
  File "/root/miniconda3/envs/ling/lib/python3.9/site-packages/urllib3/connectionpool.py", line 403, in _make_request
    self._validate_conn(conn)
  File "/root/miniconda3/envs/ling/lib/python3.9/site-packages/urllib3/connectionpool.py", line 1053, in _validate_conn
    conn.connect()
  File "/root/miniconda3/envs/ling/lib/python3.9/site-packages/urllib3/connection.py", line 419, in connect
    self.sock = ssl_wrap_socket(
  File "/root/miniconda3/envs/ling/lib/python3.9/site-packages/urllib3/util/ssl_.py", line 449, in ssl_wrap_socket
    ssl_sock = _ssl_wrap_socket_impl(
  File "/root/miniconda3/envs/ling/lib/python3.9/site-packages/urllib3/util/ssl_.py", line 493, in _ssl_wrap_socket_impl
    return ssl_context.wrap_socket(sock, server_hostname=server_hostname)
  File "/root/miniconda3/envs/ling/lib/python3.9/ssl.py", line 501, in wrap_socket
    return self.sslsocket_class._create(
  File "/root/miniconda3/envs/ling/lib/python3.9/ssl.py", line 1041, in _create
    self.do_handshake()
  File "/root/miniconda3/envs/ling/lib/python3.9/ssl.py", line 1310, in do_handshake
    self._sslobj.do_handshake()
ConnectionResetError: [Errno 104] Connection reset by peer

During handling of the above exception, another exception occurred:

Traceback (most recent call last):
  File "/root/miniconda3/envs/ling/lib/python3.9/site-packages/requests/adapters.py", line 486, in send
    resp = conn.urlopen(
  File "/root/miniconda3/envs/ling/lib/python3.9/site-packages/urllib3/connectionpool.py", line 798, in urlopen
    retries = retries.increment(
  File "/root/miniconda3/envs/ling/lib/python3.9/site-packages/urllib3/util/retry.py", line 550, in increment
    raise six.reraise(type(error), error, _stacktrace)
  File "/root/miniconda3/envs/ling/lib/python3.9/site-packages/urllib3/packages/six.py", line 769, in reraise
    raise value.with_traceback(tb)
  File "/root/miniconda3/envs/ling/lib/python3.9/site-packages/urllib3/connectionpool.py", line 714, in urlopen
    httplib_response = self._make_request(
  File "/root/miniconda3/envs/ling/lib/python3.9/site-packages/urllib3/connectionpool.py", line 403, in _make_request
    self._validate_conn(conn)
  File "/root/miniconda3/envs/ling/lib/python3.9/site-packages/urllib3/connectionpool.py", line 1053, in _validate_conn
    conn.connect()
  File "/root/miniconda3/envs/ling/lib/python3.9/site-packages/urllib3/connection.py", line 419, in connect
    self.sock = ssl_wrap_socket(
  File "/root/miniconda3/envs/ling/lib/python3.9/site-packages/urllib3/util/ssl_.py", line 449, in ssl_wrap_socket
    ssl_sock = _ssl_wrap_socket_impl(
  File "/root/miniconda3/envs/ling/lib/python3.9/site-packages/urllib3/util/ssl_.py", line 493, in _ssl_wrap_socket_impl
    return ssl_context.wrap_socket(sock, server_hostname=server_hostname)
  File "/root/miniconda3/envs/ling/lib/python3.9/ssl.py", line 501, in wrap_socket
    return self.sslsocket_class._create(
  File "/root/miniconda3/envs/ling/lib/python3.9/ssl.py", line 1041, in _create
    self.do_handshake()
  File "/root/miniconda3/envs/ling/lib/python3.9/ssl.py", line 1310, in do_handshake
    self._sslobj.do_handshake()
urllib3.exceptions.ProtocolError: ('Connection aborted.', ConnectionResetError(104, 'Connection reset by peer'))

During handling of the above exception, another exception occurred:

Traceback (most recent call last):
  File "/root/miniconda3/envs/ling/lib/python3.9/site-packages/wandb/sdk/internal/internal_api.py", line 2491, in upload_file
    response = self._upload_file_session.put(
  File "/root/miniconda3/envs/ling/lib/python3.9/site-packages/requests/sessions.py", line 649, in put
    return self.request("PUT", url, data=data, **kwargs)
  File "/root/miniconda3/envs/ling/lib/python3.9/site-packages/requests/sessions.py", line 589, in request
    resp = self.send(prep, **send_kwargs)
  File "/root/miniconda3/envs/ling/lib/python3.9/site-packages/requests/sessions.py", line 703, in send
    r = adapter.send(request, **kwargs)
  File "/root/miniconda3/envs/ling/lib/python3.9/site-packages/requests/adapters.py", line 501, in send
    raise ConnectionError(err, request=request)
requests.exceptions.ConnectionError: ('Connection aborted.', ConnectionResetError(104, 'Connection reset by peer'))

During handling of the above exception, another exception occurred:

Traceback (most recent call last):
  File "/root/miniconda3/envs/ling/lib/python3.9/site-packages/wandb/sdk/lib/retry.py", line 131, in __call__
    result = self._call_fn(*args, **kwargs)
  File "/root/miniconda3/envs/ling/lib/python3.9/site-packages/wandb/sdk/internal/internal_api.py", line 2520, in upload_file
    raise _e.with_traceback(sys.exc_info()[2])
  File "/root/miniconda3/envs/ling/lib/python3.9/site-packages/wandb/sdk/internal/internal_api.py", line 2491, in upload_file
    response = self._upload_file_session.put(
  File "/root/miniconda3/envs/ling/lib/python3.9/site-packages/requests/sessions.py", line 649, in put
    return self.request("PUT", url, data=data, **kwargs)
  File "/root/miniconda3/envs/ling/lib/python3.9/site-packages/requests/sessions.py", line 589, in request
    resp = self.send(prep, **send_kwargs)
  File "/root/miniconda3/envs/ling/lib/python3.9/site-packages/requests/sessions.py", line 703, in send
    r = adapter.send(request, **kwargs)
  File "/root/miniconda3/envs/ling/lib/python3.9/site-packages/requests/adapters.py", line 501, in send
    raise ConnectionError(err, request=request)
wandb.sdk.lib.retry.TransientError: None
2023-09-06 02:04:19,730 INFO    Thread-12 :48190 [dir_watcher.py:_on_file_modified():288] file/dir modified: /root/BitFlip/DQNwithHer/outputs/2023-09-06/02-04-12/wandb/run-20230906_020413-v74a2w8j/files/output.log
2023-09-06 02:04:21,732 INFO    Thread-12 :48190 [dir_watcher.py:_on_file_modified():288] file/dir modified: /root/BitFlip/DQNwithHer/outputs/2023-09-06/02-04-12/wandb/run-20230906_020413-v74a2w8j/files/output.log
2023-09-06 02:04:23,739 INFO    Thread-12 :48190 [dir_watcher.py:_on_file_modified():288] file/dir modified: /root/BitFlip/DQNwithHer/outputs/2023-09-06/02-04-12/wandb/run-20230906_020413-v74a2w8j/files/output.log
2023-09-06 02:04:24,084 DEBUG   HandlerThread:48190 [handler.py:handle_request():144] handle_request: status_report
2023-09-06 02:04:25,626 DEBUG   HandlerThread:48190 [handler.py:handle_request():144] handle_request: partial_history
2023-09-06 02:04:25,628 DEBUG   SenderThread:48190 [sender.py:send():379] send: history
2023-09-06 02:04:25,628 DEBUG   SenderThread:48190 [sender.py:send_request():406] send_request: summary_record
2023-09-06 02:04:25,629 INFO    SenderThread:48190 [sender.py:_save_file():1375] saving file wandb-summary.json with policy end
2023-09-06 02:04:25,747 INFO    Thread-12 :48190 [dir_watcher.py:_on_file_modified():288] file/dir modified: /root/BitFlip/DQNwithHer/outputs/2023-09-06/02-04-12/wandb/run-20230906_020413-v74a2w8j/files/wandb-summary.json
2023-09-06 02:04:25,747 INFO    Thread-12 :48190 [dir_watcher.py:_on_file_modified():288] file/dir modified: /root/BitFlip/DQNwithHer/outputs/2023-09-06/02-04-12/wandb/run-20230906_020413-v74a2w8j/files/output.log
2023-09-06 02:04:27,752 INFO    Thread-12 :48190 [dir_watcher.py:_on_file_modified():288] file/dir modified: /root/BitFlip/DQNwithHer/outputs/2023-09-06/02-04-12/wandb/run-20230906_020413-v74a2w8j/files/output.log
2023-09-06 02:04:29,199 DEBUG   HandlerThread:48190 [handler.py:handle_request():144] handle_request: status_report
2023-09-06 02:04:29,758 INFO    Thread-12 :48190 [dir_watcher.py:_on_file_modified():288] file/dir modified: /root/BitFlip/DQNwithHer/outputs/2023-09-06/02-04-12/wandb/run-20230906_020413-v74a2w8j/files/output.log
2023-09-06 02:04:30,293 DEBUG   HandlerThread:48190 [handler.py:handle_request():144] handle_request: stop_status
2023-09-06 02:04:30,294 DEBUG   SenderThread:48190 [sender.py:send_request():406] send_request: stop_status
2023-09-06 02:04:31,761 INFO    Thread-12 :48190 [dir_watcher.py:_on_file_modified():288] file/dir modified: /root/BitFlip/DQNwithHer/outputs/2023-09-06/02-04-12/wandb/run-20230906_020413-v74a2w8j/files/output.log
2023-09-06 02:04:33,428 DEBUG   HandlerThread:48190 [handler.py:handle_request():144] handle_request: partial_history
2023-09-06 02:04:33,430 DEBUG   SenderThread:48190 [sender.py:send():379] send: history
2023-09-06 02:04:33,431 DEBUG   SenderThread:48190 [sender.py:send_request():406] send_request: summary_record
2023-09-06 02:04:33,432 INFO    SenderThread:48190 [sender.py:_save_file():1375] saving file wandb-summary.json with policy end
2023-09-06 02:04:33,768 INFO    Thread-12 :48190 [dir_watcher.py:_on_file_modified():288] file/dir modified: /root/BitFlip/DQNwithHer/outputs/2023-09-06/02-04-12/wandb/run-20230906_020413-v74a2w8j/files/wandb-summary.json
2023-09-06 02:04:33,769 INFO    Thread-12 :48190 [dir_watcher.py:_on_file_modified():288] file/dir modified: /root/BitFlip/DQNwithHer/outputs/2023-09-06/02-04-12/wandb/run-20230906_020413-v74a2w8j/files/output.log
2023-09-06 02:04:34,283 DEBUG   HandlerThread:48190 [handler.py:handle_request():144] handle_request: status_report
2023-09-06 02:04:35,776 INFO    Thread-12 :48190 [dir_watcher.py:_on_file_modified():288] file/dir modified: /root/BitFlip/DQNwithHer/outputs/2023-09-06/02-04-12/wandb/run-20230906_020413-v74a2w8j/files/output.log
2023-09-06 02:04:38,777 INFO    Thread-12 :48190 [dir_watcher.py:_on_file_modified():288] file/dir modified: /root/BitFlip/DQNwithHer/outputs/2023-09-06/02-04-12/wandb/run-20230906_020413-v74a2w8j/files/output.log
2023-09-06 02:04:39,386 DEBUG   HandlerThread:48190 [handler.py:handle_request():144] handle_request: status_report
2023-09-06 02:04:40,778 INFO    Thread-12 :48190 [dir_watcher.py:_on_file_modified():288] file/dir modified: /root/BitFlip/DQNwithHer/outputs/2023-09-06/02-04-12/wandb/run-20230906_020413-v74a2w8j/files/output.log
2023-09-06 02:04:42,261 DEBUG   HandlerThread:48190 [handler.py:handle_request():144] handle_request: partial_history
2023-09-06 02:04:42,262 DEBUG   SenderThread:48190 [sender.py:send():379] send: history
2023-09-06 02:04:42,262 DEBUG   SenderThread:48190 [sender.py:send_request():406] send_request: summary_record
2023-09-06 02:04:42,263 INFO    SenderThread:48190 [sender.py:_save_file():1375] saving file wandb-summary.json with policy end
2023-09-06 02:04:42,780 INFO    Thread-12 :48190 [dir_watcher.py:_on_file_modified():288] file/dir modified: /root/BitFlip/DQNwithHer/outputs/2023-09-06/02-04-12/wandb/run-20230906_020413-v74a2w8j/files/wandb-summary.json
2023-09-06 02:04:42,780 INFO    Thread-12 :48190 [dir_watcher.py:_on_file_modified():288] file/dir modified: /root/BitFlip/DQNwithHer/outputs/2023-09-06/02-04-12/wandb/run-20230906_020413-v74a2w8j/files/output.log
2023-09-06 02:04:43,780 INFO    Thread-12 :48190 [dir_watcher.py:_on_file_modified():288] file/dir modified: /root/BitFlip/DQNwithHer/outputs/2023-09-06/02-04-12/wandb/run-20230906_020413-v74a2w8j/files/output.log
2023-09-06 02:04:44,490 DEBUG   HandlerThread:48190 [handler.py:handle_request():144] handle_request: status_report
2023-09-06 02:04:44,781 INFO    Thread-12 :48190 [dir_watcher.py:_on_file_modified():288] file/dir modified: /root/BitFlip/DQNwithHer/outputs/2023-09-06/02-04-12/wandb/run-20230906_020413-v74a2w8j/files/config.yaml
2023-09-06 02:04:44,781 INFO    Thread-12 :48190 [dir_watcher.py:_on_file_modified():288] file/dir modified: /root/BitFlip/DQNwithHer/outputs/2023-09-06/02-04-12/wandb/run-20230906_020413-v74a2w8j/files/output.log
2023-09-06 02:04:45,293 DEBUG   HandlerThread:48190 [handler.py:handle_request():144] handle_request: stop_status
2023-09-06 02:04:45,294 DEBUG   SenderThread:48190 [sender.py:send_request():406] send_request: stop_status
2023-09-06 02:04:46,782 INFO    Thread-12 :48190 [dir_watcher.py:_on_file_modified():288] file/dir modified: /root/BitFlip/DQNwithHer/outputs/2023-09-06/02-04-12/wandb/run-20230906_020413-v74a2w8j/files/output.log
2023-09-06 02:04:48,783 INFO    Thread-12 :48190 [dir_watcher.py:_on_file_modified():288] file/dir modified: /root/BitFlip/DQNwithHer/outputs/2023-09-06/02-04-12/wandb/run-20230906_020413-v74a2w8j/files/output.log
2023-09-06 02:04:49,799 DEBUG   HandlerThread:48190 [handler.py:handle_request():144] handle_request: status_report
2023-09-06 02:04:50,454 DEBUG   HandlerThread:48190 [handler.py:handle_request():144] handle_request: partial_history
2023-09-06 02:04:50,456 DEBUG   SenderThread:48190 [sender.py:send():379] send: history
2023-09-06 02:04:50,456 DEBUG   SenderThread:48190 [sender.py:send_request():406] send_request: summary_record
2023-09-06 02:04:50,457 INFO    SenderThread:48190 [sender.py:_save_file():1375] saving file wandb-summary.json with policy end
2023-09-06 02:04:50,784 INFO    Thread-12 :48190 [dir_watcher.py:_on_file_modified():288] file/dir modified: /root/BitFlip/DQNwithHer/outputs/2023-09-06/02-04-12/wandb/run-20230906_020413-v74a2w8j/files/wandb-summary.json
2023-09-06 02:04:50,785 INFO    Thread-12 :48190 [dir_watcher.py:_on_file_modified():288] file/dir modified: /root/BitFlip/DQNwithHer/outputs/2023-09-06/02-04-12/wandb/run-20230906_020413-v74a2w8j/files/output.log
2023-09-06 02:04:51,785 INFO    Thread-12 :48190 [dir_watcher.py:_on_file_modified():288] file/dir modified: /root/BitFlip/DQNwithHer/outputs/2023-09-06/02-04-12/wandb/run-20230906_020413-v74a2w8j/files/output.log
2023-09-06 02:04:52,785 INFO    Thread-12 :48190 [dir_watcher.py:_on_file_modified():288] file/dir modified: /root/BitFlip/DQNwithHer/outputs/2023-09-06/02-04-12/wandb/run-20230906_020413-v74a2w8j/files/output.log
2023-09-06 02:04:54,787 INFO    Thread-12 :48190 [dir_watcher.py:_on_file_modified():288] file/dir modified: /root/BitFlip/DQNwithHer/outputs/2023-09-06/02-04-12/wandb/run-20230906_020413-v74a2w8j/files/output.log
2023-09-06 02:04:54,891 DEBUG   HandlerThread:48190 [handler.py:handle_request():144] handle_request: status_report
2023-09-06 02:04:56,788 INFO    Thread-12 :48190 [dir_watcher.py:_on_file_modified():288] file/dir modified: /root/BitFlip/DQNwithHer/outputs/2023-09-06/02-04-12/wandb/run-20230906_020413-v74a2w8j/files/output.log
2023-09-06 02:04:58,789 INFO    Thread-12 :48190 [dir_watcher.py:_on_file_modified():288] file/dir modified: /root/BitFlip/DQNwithHer/outputs/2023-09-06/02-04-12/wandb/run-20230906_020413-v74a2w8j/files/output.log
2023-09-06 02:04:58,854 DEBUG   HandlerThread:48190 [handler.py:handle_request():144] handle_request: partial_history
2023-09-06 02:04:58,855 DEBUG   SenderThread:48190 [sender.py:send():379] send: history
2023-09-06 02:04:58,856 DEBUG   SenderThread:48190 [sender.py:send_request():406] send_request: summary_record
2023-09-06 02:04:58,857 INFO    SenderThread:48190 [sender.py:_save_file():1375] saving file wandb-summary.json with policy end
2023-09-06 02:04:59,789 INFO    Thread-12 :48190 [dir_watcher.py:_on_file_modified():288] file/dir modified: /root/BitFlip/DQNwithHer/outputs/2023-09-06/02-04-12/wandb/run-20230906_020413-v74a2w8j/files/wandb-summary.json
2023-09-06 02:04:59,790 INFO    Thread-12 :48190 [dir_watcher.py:_on_file_modified():288] file/dir modified: /root/BitFlip/DQNwithHer/outputs/2023-09-06/02-04-12/wandb/run-20230906_020413-v74a2w8j/files/output.log
2023-09-06 02:04:59,919 DEBUG   HandlerThread:48190 [handler.py:handle_request():144] handle_request: status_report
2023-09-06 02:05:00,293 DEBUG   HandlerThread:48190 [handler.py:handle_request():144] handle_request: stop_status
2023-09-06 02:05:00,294 DEBUG   SenderThread:48190 [sender.py:send_request():406] send_request: stop_status
2023-09-06 02:05:00,790 INFO    Thread-12 :48190 [dir_watcher.py:_on_file_modified():288] file/dir modified: /root/BitFlip/DQNwithHer/outputs/2023-09-06/02-04-12/wandb/run-20230906_020413-v74a2w8j/files/output.log
2023-09-06 02:05:02,791 INFO    Thread-12 :48190 [dir_watcher.py:_on_file_modified():288] file/dir modified: /root/BitFlip/DQNwithHer/outputs/2023-09-06/02-04-12/wandb/run-20230906_020413-v74a2w8j/files/output.log
2023-09-06 02:05:04,792 INFO    Thread-12 :48190 [dir_watcher.py:_on_file_modified():288] file/dir modified: /root/BitFlip/DQNwithHer/outputs/2023-09-06/02-04-12/wandb/run-20230906_020413-v74a2w8j/files/output.log
2023-09-06 02:05:04,953 DEBUG   HandlerThread:48190 [handler.py:handle_request():144] handle_request: status_report
2023-09-06 02:05:06,793 INFO    Thread-12 :48190 [dir_watcher.py:_on_file_modified():288] file/dir modified: /root/BitFlip/DQNwithHer/outputs/2023-09-06/02-04-12/wandb/run-20230906_020413-v74a2w8j/files/output.log
2023-09-06 02:05:06,821 DEBUG   HandlerThread:48190 [handler.py:handle_request():144] handle_request: partial_history
2023-09-06 02:05:06,822 DEBUG   SenderThread:48190 [sender.py:send():379] send: history
2023-09-06 02:05:06,823 DEBUG   SenderThread:48190 [sender.py:send_request():406] send_request: summary_record
2023-09-06 02:05:06,823 INFO    SenderThread:48190 [sender.py:_save_file():1375] saving file wandb-summary.json with policy end
2023-09-06 02:05:07,794 INFO    Thread-12 :48190 [dir_watcher.py:_on_file_modified():288] file/dir modified: /root/BitFlip/DQNwithHer/outputs/2023-09-06/02-04-12/wandb/run-20230906_020413-v74a2w8j/files/wandb-summary.json
2023-09-06 02:05:07,795 INFO    Thread-12 :48190 [dir_watcher.py:_on_file_modified():288] file/dir modified: /root/BitFlip/DQNwithHer/outputs/2023-09-06/02-04-12/wandb/run-20230906_020413-v74a2w8j/files/output.log
2023-09-06 02:05:08,795 INFO    Thread-12 :48190 [dir_watcher.py:_on_file_modified():288] file/dir modified: /root/BitFlip/DQNwithHer/outputs/2023-09-06/02-04-12/wandb/run-20230906_020413-v74a2w8j/files/output.log
2023-09-06 02:05:09,983 DEBUG   HandlerThread:48190 [handler.py:handle_request():144] handle_request: status_report
2023-09-06 02:05:10,796 INFO    Thread-12 :48190 [dir_watcher.py:_on_file_modified():288] file/dir modified: /root/BitFlip/DQNwithHer/outputs/2023-09-06/02-04-12/wandb/run-20230906_020413-v74a2w8j/files/output.log
2023-09-06 02:05:12,797 INFO    Thread-12 :48190 [dir_watcher.py:_on_file_modified():288] file/dir modified: /root/BitFlip/DQNwithHer/outputs/2023-09-06/02-04-12/wandb/run-20230906_020413-v74a2w8j/files/output.log
2023-09-06 02:05:14,774 DEBUG   HandlerThread:48190 [handler.py:handle_request():144] handle_request: partial_history
2023-09-06 02:05:14,775 DEBUG   SenderThread:48190 [sender.py:send():379] send: history
2023-09-06 02:05:14,776 DEBUG   SenderThread:48190 [sender.py:send_request():406] send_request: summary_record
2023-09-06 02:05:14,777 INFO    SenderThread:48190 [sender.py:_save_file():1375] saving file wandb-summary.json with policy end
2023-09-06 02:05:14,798 INFO    Thread-12 :48190 [dir_watcher.py:_on_file_modified():288] file/dir modified: /root/BitFlip/DQNwithHer/outputs/2023-09-06/02-04-12/wandb/run-20230906_020413-v74a2w8j/files/wandb-summary.json
2023-09-06 02:05:14,798 INFO    Thread-12 :48190 [dir_watcher.py:_on_file_modified():288] file/dir modified: /root/BitFlip/DQNwithHer/outputs/2023-09-06/02-04-12/wandb/run-20230906_020413-v74a2w8j/files/output.log
2023-09-06 02:05:15,054 DEBUG   HandlerThread:48190 [handler.py:handle_request():144] handle_request: status_report
2023-09-06 02:05:15,162 DEBUG   SystemMonitor:48190 [system_monitor.py:_start():159] Starting system metrics aggregation loop
2023-09-06 02:05:15,168 DEBUG   SenderThread:48190 [sender.py:send():379] send: stats
2023-09-06 02:05:15,293 DEBUG   HandlerThread:48190 [handler.py:handle_request():144] handle_request: stop_status
2023-09-06 02:05:15,295 DEBUG   SenderThread:48190 [sender.py:send_request():406] send_request: stop_status
2023-09-06 02:05:15,798 INFO    Thread-12 :48190 [dir_watcher.py:_on_file_modified():288] file/dir modified: /root/BitFlip/DQNwithHer/outputs/2023-09-06/02-04-12/wandb/run-20230906_020413-v74a2w8j/files/output.log
2023-09-06 02:05:16,799 INFO    Thread-12 :48190 [dir_watcher.py:_on_file_modified():288] file/dir modified: /root/BitFlip/DQNwithHer/outputs/2023-09-06/02-04-12/wandb/run-20230906_020413-v74a2w8j/files/output.log
2023-09-06 02:05:18,800 INFO    Thread-12 :48190 [dir_watcher.py:_on_file_modified():288] file/dir modified: /root/BitFlip/DQNwithHer/outputs/2023-09-06/02-04-12/wandb/run-20230906_020413-v74a2w8j/files/output.log
2023-09-06 02:05:20,159 DEBUG   HandlerThread:48190 [handler.py:handle_request():144] handle_request: status_report
2023-09-06 02:05:20,801 INFO    Thread-12 :48190 [dir_watcher.py:_on_file_modified():288] file/dir modified: /root/BitFlip/DQNwithHer/outputs/2023-09-06/02-04-12/wandb/run-20230906_020413-v74a2w8j/files/output.log
2023-09-06 02:05:22,499 DEBUG   HandlerThread:48190 [handler.py:handle_request():144] handle_request: partial_history
2023-09-06 02:05:22,501 DEBUG   SenderThread:48190 [sender.py:send():379] send: history
2023-09-06 02:05:22,502 DEBUG   SenderThread:48190 [sender.py:send_request():406] send_request: summary_record
2023-09-06 02:05:22,502 INFO    SenderThread:48190 [sender.py:_save_file():1375] saving file wandb-summary.json with policy end
2023-09-06 02:05:22,802 INFO    Thread-12 :48190 [dir_watcher.py:_on_file_modified():288] file/dir modified: /root/BitFlip/DQNwithHer/outputs/2023-09-06/02-04-12/wandb/run-20230906_020413-v74a2w8j/files/wandb-summary.json
2023-09-06 02:05:22,803 INFO    Thread-12 :48190 [dir_watcher.py:_on_file_modified():288] file/dir modified: /root/BitFlip/DQNwithHer/outputs/2023-09-06/02-04-12/wandb/run-20230906_020413-v74a2w8j/files/output.log
2023-09-06 02:05:23,803 INFO    Thread-12 :48190 [dir_watcher.py:_on_file_modified():288] file/dir modified: /root/BitFlip/DQNwithHer/outputs/2023-09-06/02-04-12/wandb/run-20230906_020413-v74a2w8j/files/output.log
2023-09-06 02:05:24,804 INFO    Thread-12 :48190 [dir_watcher.py:_on_file_modified():288] file/dir modified: /root/BitFlip/DQNwithHer/outputs/2023-09-06/02-04-12/wandb/run-20230906_020413-v74a2w8j/files/output.log
2023-09-06 02:05:25,266 DEBUG   HandlerThread:48190 [handler.py:handle_request():144] handle_request: status_report
2023-09-06 02:05:26,805 INFO    Thread-12 :48190 [dir_watcher.py:_on_file_modified():288] file/dir modified: /root/BitFlip/DQNwithHer/outputs/2023-09-06/02-04-12/wandb/run-20230906_020413-v74a2w8j/files/output.log
2023-09-06 02:05:28,806 INFO    Thread-12 :48190 [dir_watcher.py:_on_file_modified():288] file/dir modified: /root/BitFlip/DQNwithHer/outputs/2023-09-06/02-04-12/wandb/run-20230906_020413-v74a2w8j/files/output.log
2023-09-06 02:05:30,278 DEBUG   HandlerThread:48190 [handler.py:handle_request():144] handle_request: status_report
2023-09-06 02:05:30,294 DEBUG   HandlerThread:48190 [handler.py:handle_request():144] handle_request: stop_status
2023-09-06 02:05:30,294 DEBUG   SenderThread:48190 [sender.py:send_request():406] send_request: stop_status
2023-09-06 02:05:30,590 DEBUG   HandlerThread:48190 [handler.py:handle_request():144] handle_request: partial_history
2023-09-06 02:05:30,626 DEBUG   SenderThread:48190 [sender.py:send():379] send: history
2023-09-06 02:05:30,626 DEBUG   SenderThread:48190 [sender.py:send_request():406] send_request: summary_record
2023-09-06 02:05:30,628 INFO    SenderThread:48190 [sender.py:_save_file():1375] saving file wandb-summary.json with policy end
2023-09-06 02:05:30,807 INFO    Thread-12 :48190 [dir_watcher.py:_on_file_modified():288] file/dir modified: /root/BitFlip/DQNwithHer/outputs/2023-09-06/02-04-12/wandb/run-20230906_020413-v74a2w8j/files/wandb-summary.json
2023-09-06 02:05:30,807 INFO    Thread-12 :48190 [dir_watcher.py:_on_file_modified():288] file/dir modified: /root/BitFlip/DQNwithHer/outputs/2023-09-06/02-04-12/wandb/run-20230906_020413-v74a2w8j/files/output.log
2023-09-06 02:05:31,807 INFO    Thread-12 :48190 [dir_watcher.py:_on_file_modified():288] file/dir modified: /root/BitFlip/DQNwithHer/outputs/2023-09-06/02-04-12/wandb/run-20230906_020413-v74a2w8j/files/output.log
2023-09-06 02:05:32,808 INFO    Thread-12 :48190 [dir_watcher.py:_on_file_modified():288] file/dir modified: /root/BitFlip/DQNwithHer/outputs/2023-09-06/02-04-12/wandb/run-20230906_020413-v74a2w8j/files/output.log
2023-09-06 02:05:34,809 INFO    Thread-12 :48190 [dir_watcher.py:_on_file_modified():288] file/dir modified: /root/BitFlip/DQNwithHer/outputs/2023-09-06/02-04-12/wandb/run-20230906_020413-v74a2w8j/files/output.log
2023-09-06 02:05:35,291 DEBUG   HandlerThread:48190 [handler.py:handle_request():144] handle_request: status_report
2023-09-06 02:05:36,810 INFO    Thread-12 :48190 [dir_watcher.py:_on_file_modified():288] file/dir modified: /root/BitFlip/DQNwithHer/outputs/2023-09-06/02-04-12/wandb/run-20230906_020413-v74a2w8j/files/output.log
2023-09-06 02:05:38,348 DEBUG   HandlerThread:48190 [handler.py:handle_request():144] handle_request: partial_history
2023-09-06 02:05:38,350 DEBUG   SenderThread:48190 [sender.py:send():379] send: history
2023-09-06 02:05:38,351 DEBUG   SenderThread:48190 [sender.py:send_request():406] send_request: summary_record
2023-09-06 02:05:38,352 INFO    SenderThread:48190 [sender.py:_save_file():1375] saving file wandb-summary.json with policy end
2023-09-06 02:05:38,811 INFO    Thread-12 :48190 [dir_watcher.py:_on_file_modified():288] file/dir modified: /root/BitFlip/DQNwithHer/outputs/2023-09-06/02-04-12/wandb/run-20230906_020413-v74a2w8j/files/wandb-summary.json
2023-09-06 02:05:38,812 INFO    Thread-12 :48190 [dir_watcher.py:_on_file_modified():288] file/dir modified: /root/BitFlip/DQNwithHer/outputs/2023-09-06/02-04-12/wandb/run-20230906_020413-v74a2w8j/files/output.log
2023-09-06 02:05:39,812 INFO    Thread-12 :48190 [dir_watcher.py:_on_file_modified():288] file/dir modified: /root/BitFlip/DQNwithHer/outputs/2023-09-06/02-04-12/wandb/run-20230906_020413-v74a2w8j/files/output.log
2023-09-06 02:05:40,319 DEBUG   HandlerThread:48190 [handler.py:handle_request():144] handle_request: status_report
2023-09-06 02:05:40,812 INFO    Thread-12 :48190 [dir_watcher.py:_on_file_modified():288] file/dir modified: /root/BitFlip/DQNwithHer/outputs/2023-09-06/02-04-12/wandb/run-20230906_020413-v74a2w8j/files/output.log
2023-09-06 02:05:42,813 INFO    Thread-12 :48190 [dir_watcher.py:_on_file_modified():288] file/dir modified: /root/BitFlip/DQNwithHer/outputs/2023-09-06/02-04-12/wandb/run-20230906_020413-v74a2w8j/files/output.log
2023-09-06 02:05:44,815 INFO    Thread-12 :48190 [dir_watcher.py:_on_file_modified():288] file/dir modified: /root/BitFlip/DQNwithHer/outputs/2023-09-06/02-04-12/wandb/run-20230906_020413-v74a2w8j/files/output.log
2023-09-06 02:05:45,173 DEBUG   SenderThread:48190 [sender.py:send():379] send: stats
2023-09-06 02:05:45,294 DEBUG   HandlerThread:48190 [handler.py:handle_request():144] handle_request: stop_status
2023-09-06 02:05:45,295 DEBUG   SenderThread:48190 [sender.py:send_request():406] send_request: stop_status
2023-09-06 02:05:45,621 DEBUG   HandlerThread:48190 [handler.py:handle_request():144] handle_request: status_report
2023-09-06 02:05:46,128 DEBUG   HandlerThread:48190 [handler.py:handle_request():144] handle_request: partial_history
2023-09-06 02:05:46,130 DEBUG   SenderThread:48190 [sender.py:send():379] send: history
2023-09-06 02:05:46,131 DEBUG   SenderThread:48190 [sender.py:send_request():406] send_request: summary_record
2023-09-06 02:05:46,132 INFO    SenderThread:48190 [sender.py:_save_file():1375] saving file wandb-summary.json with policy end
2023-09-06 02:05:46,816 INFO    Thread-12 :48190 [dir_watcher.py:_on_file_modified():288] file/dir modified: /root/BitFlip/DQNwithHer/outputs/2023-09-06/02-04-12/wandb/run-20230906_020413-v74a2w8j/files/wandb-summary.json
2023-09-06 02:05:46,817 INFO    Thread-12 :48190 [dir_watcher.py:_on_file_modified():288] file/dir modified: /root/BitFlip/DQNwithHer/outputs/2023-09-06/02-04-12/wandb/run-20230906_020413-v74a2w8j/files/output.log
2023-09-06 02:05:47,817 INFO    Thread-12 :48190 [dir_watcher.py:_on_file_modified():288] file/dir modified: /root/BitFlip/DQNwithHer/outputs/2023-09-06/02-04-12/wandb/run-20230906_020413-v74a2w8j/files/output.log
2023-09-06 02:05:48,817 INFO    Thread-12 :48190 [dir_watcher.py:_on_file_modified():288] file/dir modified: /root/BitFlip/DQNwithHer/outputs/2023-09-06/02-04-12/wandb/run-20230906_020413-v74a2w8j/files/output.log
2023-09-06 02:05:50,727 DEBUG   HandlerThread:48190 [handler.py:handle_request():144] handle_request: status_report
2023-09-06 02:05:50,819 INFO    Thread-12 :48190 [dir_watcher.py:_on_file_modified():288] file/dir modified: /root/BitFlip/DQNwithHer/outputs/2023-09-06/02-04-12/wandb/run-20230906_020413-v74a2w8j/files/output.log
2023-09-06 02:05:52,820 INFO    Thread-12 :48190 [dir_watcher.py:_on_file_modified():288] file/dir modified: /root/BitFlip/DQNwithHer/outputs/2023-09-06/02-04-12/wandb/run-20230906_020413-v74a2w8j/files/output.log
2023-09-06 02:05:53,594 DEBUG   HandlerThread:48190 [handler.py:handle_request():144] handle_request: partial_history
2023-09-06 02:05:53,596 DEBUG   SenderThread:48190 [sender.py:send():379] send: history
2023-09-06 02:05:53,596 DEBUG   SenderThread:48190 [sender.py:send_request():406] send_request: summary_record
2023-09-06 02:05:53,597 INFO    SenderThread:48190 [sender.py:_save_file():1375] saving file wandb-summary.json with policy end
2023-09-06 02:05:53,821 INFO    Thread-12 :48190 [dir_watcher.py:_on_file_modified():288] file/dir modified: /root/BitFlip/DQNwithHer/outputs/2023-09-06/02-04-12/wandb/run-20230906_020413-v74a2w8j/files/wandb-summary.json
2023-09-06 02:05:54,821 INFO    Thread-12 :48190 [dir_watcher.py:_on_file_modified():288] file/dir modified: /root/BitFlip/DQNwithHer/outputs/2023-09-06/02-04-12/wandb/run-20230906_020413-v74a2w8j/files/output.log
2023-09-06 02:05:55,786 DEBUG   HandlerThread:48190 [handler.py:handle_request():144] handle_request: status_report
2023-09-06 02:05:55,822 INFO    Thread-12 :48190 [dir_watcher.py:_on_file_modified():288] file/dir modified: /root/BitFlip/DQNwithHer/outputs/2023-09-06/02-04-12/wandb/run-20230906_020413-v74a2w8j/files/output.log
2023-09-06 02:05:56,822 INFO    Thread-12 :48190 [dir_watcher.py:_on_file_modified():288] file/dir modified: /root/BitFlip/DQNwithHer/outputs/2023-09-06/02-04-12/wandb/run-20230906_020413-v74a2w8j/files/output.log
2023-09-06 02:05:58,824 INFO    Thread-12 :48190 [dir_watcher.py:_on_file_modified():288] file/dir modified: /root/BitFlip/DQNwithHer/outputs/2023-09-06/02-04-12/wandb/run-20230906_020413-v74a2w8j/files/output.log
2023-09-06 02:06:00,294 DEBUG   HandlerThread:48190 [handler.py:handle_request():144] handle_request: stop_status
2023-09-06 02:06:00,296 DEBUG   SenderThread:48190 [sender.py:send_request():406] send_request: stop_status
2023-09-06 02:06:00,803 DEBUG   HandlerThread:48190 [handler.py:handle_request():144] handle_request: status_report
2023-09-06 02:06:00,825 INFO    Thread-12 :48190 [dir_watcher.py:_on_file_modified():288] file/dir modified: /root/BitFlip/DQNwithHer/outputs/2023-09-06/02-04-12/wandb/run-20230906_020413-v74a2w8j/files/output.log
2023-09-06 02:06:00,940 DEBUG   HandlerThread:48190 [handler.py:handle_request():144] handle_request: partial_history
2023-09-06 02:06:00,941 DEBUG   SenderThread:48190 [sender.py:send():379] send: history
2023-09-06 02:06:00,942 DEBUG   SenderThread:48190 [sender.py:send_request():406] send_request: summary_record
2023-09-06 02:06:00,943 INFO    SenderThread:48190 [sender.py:_save_file():1375] saving file wandb-summary.json with policy end
2023-09-06 02:06:01,825 INFO    Thread-12 :48190 [dir_watcher.py:_on_file_modified():288] file/dir modified: /root/BitFlip/DQNwithHer/outputs/2023-09-06/02-04-12/wandb/run-20230906_020413-v74a2w8j/files/wandb-summary.json
2023-09-06 02:06:01,826 INFO    Thread-12 :48190 [dir_watcher.py:_on_file_modified():288] file/dir modified: /root/BitFlip/DQNwithHer/outputs/2023-09-06/02-04-12/wandb/run-20230906_020413-v74a2w8j/files/output.log
2023-09-06 02:06:02,826 INFO    Thread-12 :48190 [dir_watcher.py:_on_file_modified():288] file/dir modified: /root/BitFlip/DQNwithHer/outputs/2023-09-06/02-04-12/wandb/run-20230906_020413-v74a2w8j/files/output.log
2023-09-06 02:06:04,827 INFO    Thread-12 :48190 [dir_watcher.py:_on_file_modified():288] file/dir modified: /root/BitFlip/DQNwithHer/outputs/2023-09-06/02-04-12/wandb/run-20230906_020413-v74a2w8j/files/output.log
2023-09-06 02:06:05,463 DEBUG   SenderThread:48190 [sender.py:send():379] send: exit
2023-09-06 02:06:05,463 INFO    SenderThread:48190 [sender.py:send_exit():584] handling exit code: 255
2023-09-06 02:06:05,463 INFO    SenderThread:48190 [sender.py:send_exit():586] handling runtime: 110
2023-09-06 02:06:05,464 INFO    SenderThread:48190 [sender.py:_save_file():1375] saving file wandb-summary.json with policy end
2023-09-06 02:06:05,465 INFO    SenderThread:48190 [sender.py:send_exit():592] send defer
2023-09-06 02:06:05,465 DEBUG   HandlerThread:48190 [handler.py:handle_request():144] handle_request: defer
2023-09-06 02:06:05,465 INFO    HandlerThread:48190 [handler.py:handle_request_defer():170] handle defer: 0
2023-09-06 02:06:05,466 DEBUG   SenderThread:48190 [sender.py:send_request():406] send_request: defer
2023-09-06 02:06:05,466 INFO    SenderThread:48190 [sender.py:send_request_defer():608] handle sender defer: 0
2023-09-06 02:06:05,466 INFO    SenderThread:48190 [sender.py:transition_state():612] send defer: 1
2023-09-06 02:06:05,466 DEBUG   HandlerThread:48190 [handler.py:handle_request():144] handle_request: defer
2023-09-06 02:06:05,466 INFO    HandlerThread:48190 [handler.py:handle_request_defer():170] handle defer: 1
2023-09-06 02:06:05,467 DEBUG   SenderThread:48190 [sender.py:send_request():406] send_request: defer
2023-09-06 02:06:05,467 INFO    SenderThread:48190 [sender.py:send_request_defer():608] handle sender defer: 1
2023-09-06 02:06:05,467 INFO    SenderThread:48190 [sender.py:transition_state():612] send defer: 2
2023-09-06 02:06:05,467 DEBUG   HandlerThread:48190 [handler.py:handle_request():144] handle_request: defer
2023-09-06 02:06:05,467 INFO    HandlerThread:48190 [handler.py:handle_request_defer():170] handle defer: 2
2023-09-06 02:06:05,467 INFO    HandlerThread:48190 [system_monitor.py:finish():190] Stopping system monitor
2023-09-06 02:06:05,468 INFO    HandlerThread:48190 [interfaces.py:finish():202] Joined cpu monitor
2023-09-06 02:06:05,469 INFO    HandlerThread:48190 [interfaces.py:finish():202] Joined disk monitor
2023-09-06 02:06:05,469 DEBUG   SystemMonitor:48190 [system_monitor.py:_start():166] Finished system metrics aggregation loop
2023-09-06 02:06:05,470 DEBUG   SystemMonitor:48190 [system_monitor.py:_start():170] Publishing last batch of metrics
2023-09-06 02:06:05,518 INFO    HandlerThread:48190 [interfaces.py:finish():202] Joined gpu monitor
2023-09-06 02:06:05,518 INFO    HandlerThread:48190 [interfaces.py:finish():202] Joined memory monitor
2023-09-06 02:06:05,519 INFO    HandlerThread:48190 [interfaces.py:finish():202] Joined network monitor
2023-09-06 02:06:05,519 DEBUG   SenderThread:48190 [sender.py:send_request():406] send_request: defer
2023-09-06 02:06:05,520 INFO    SenderThread:48190 [sender.py:send_request_defer():608] handle sender defer: 2
2023-09-06 02:06:05,520 INFO    SenderThread:48190 [sender.py:transition_state():612] send defer: 3
2023-09-06 02:06:05,520 DEBUG   SenderThread:48190 [sender.py:send():379] send: stats
2023-09-06 02:06:05,522 DEBUG   HandlerThread:48190 [handler.py:handle_request():144] handle_request: defer
2023-09-06 02:06:05,523 INFO    HandlerThread:48190 [handler.py:handle_request_defer():170] handle defer: 3
2023-09-06 02:06:05,523 DEBUG   SenderThread:48190 [sender.py:send_request():406] send_request: defer
2023-09-06 02:06:05,523 INFO    SenderThread:48190 [sender.py:send_request_defer():608] handle sender defer: 3
2023-09-06 02:06:05,523 INFO    SenderThread:48190 [sender.py:transition_state():612] send defer: 4
2023-09-06 02:06:05,524 DEBUG   HandlerThread:48190 [handler.py:handle_request():144] handle_request: defer
2023-09-06 02:06:05,524 INFO    HandlerThread:48190 [handler.py:handle_request_defer():170] handle defer: 4
2023-09-06 02:06:05,524 DEBUG   SenderThread:48190 [sender.py:send_request():406] send_request: defer
2023-09-06 02:06:05,524 INFO    SenderThread:48190 [sender.py:send_request_defer():608] handle sender defer: 4
2023-09-06 02:06:05,524 INFO    SenderThread:48190 [sender.py:transition_state():612] send defer: 5
2023-09-06 02:06:05,524 DEBUG   HandlerThread:48190 [handler.py:handle_request():144] handle_request: defer
2023-09-06 02:06:05,525 INFO    HandlerThread:48190 [handler.py:handle_request_defer():170] handle defer: 5
2023-09-06 02:06:05,525 DEBUG   SenderThread:48190 [sender.py:send():379] send: summary
2023-09-06 02:06:05,526 INFO    SenderThread:48190 [sender.py:_save_file():1375] saving file wandb-summary.json with policy end
2023-09-06 02:06:05,526 DEBUG   SenderThread:48190 [sender.py:send_request():406] send_request: defer
2023-09-06 02:06:05,526 INFO    SenderThread:48190 [sender.py:send_request_defer():608] handle sender defer: 5
2023-09-06 02:06:05,526 INFO    SenderThread:48190 [sender.py:transition_state():612] send defer: 6
2023-09-06 02:06:05,527 DEBUG   HandlerThread:48190 [handler.py:handle_request():144] handle_request: defer
2023-09-06 02:06:05,527 INFO    HandlerThread:48190 [handler.py:handle_request_defer():170] handle defer: 6
2023-09-06 02:06:05,527 DEBUG   SenderThread:48190 [sender.py:send_request():406] send_request: defer
2023-09-06 02:06:05,527 INFO    SenderThread:48190 [sender.py:send_request_defer():608] handle sender defer: 6
2023-09-06 02:06:05,527 INFO    SenderThread:48190 [sender.py:transition_state():612] send defer: 7
2023-09-06 02:06:05,527 DEBUG   HandlerThread:48190 [handler.py:handle_request():144] handle_request: status_report
2023-09-06 02:06:05,527 DEBUG   HandlerThread:48190 [handler.py:handle_request():144] handle_request: defer
2023-09-06 02:06:05,528 INFO    HandlerThread:48190 [handler.py:handle_request_defer():170] handle defer: 7
2023-09-06 02:06:05,528 DEBUG   SenderThread:48190 [sender.py:send_request():406] send_request: defer
2023-09-06 02:06:05,528 INFO    SenderThread:48190 [sender.py:send_request_defer():608] handle sender defer: 7
2023-09-06 02:06:05,827 INFO    Thread-12 :48190 [dir_watcher.py:_on_file_modified():288] file/dir modified: /root/BitFlip/DQNwithHer/outputs/2023-09-06/02-04-12/wandb/run-20230906_020413-v74a2w8j/files/wandb-summary.json
2023-09-06 02:06:06,463 DEBUG   HandlerThread:48190 [handler.py:handle_request():144] handle_request: poll_exit
2023-09-06 02:06:06,828 INFO    Thread-12 :48190 [dir_watcher.py:_on_file_modified():288] file/dir modified: /root/BitFlip/DQNwithHer/outputs/2023-09-06/02-04-12/wandb/run-20230906_020413-v74a2w8j/files/output.log
2023-09-06 02:06:07,742 INFO    SenderThread:48190 [sender.py:transition_state():612] send defer: 8
2023-09-06 02:06:07,743 DEBUG   SenderThread:48190 [sender.py:send_request():406] send_request: poll_exit
2023-09-06 02:06:07,743 DEBUG   HandlerThread:48190 [handler.py:handle_request():144] handle_request: defer
2023-09-06 02:06:07,744 INFO    HandlerThread:48190 [handler.py:handle_request_defer():170] handle defer: 8
2023-09-06 02:06:07,744 DEBUG   SenderThread:48190 [sender.py:send_request():406] send_request: defer
2023-09-06 02:06:07,744 INFO    SenderThread:48190 [sender.py:send_request_defer():608] handle sender defer: 8
2023-09-06 02:06:07,744 INFO    SenderThread:48190 [job_builder.py:build():281] Attempting to build job artifact
2023-09-06 02:06:07,745 INFO    SenderThread:48190 [job_builder.py:_get_source_type():400] is repo sourced job
2023-09-06 02:06:07,747 INFO    SenderThread:48190 [job_builder.py:build():374] adding wandb-job metadata file
2023-09-06 02:06:07,751 INFO    SenderThread:48190 [sender.py:transition_state():612] send defer: 9
2023-09-06 02:06:07,752 DEBUG   HandlerThread:48190 [handler.py:handle_request():144] handle_request: defer
2023-09-06 02:06:07,752 DEBUG   SenderThread:48190 [sender.py:send():379] send: artifact
2023-09-06 02:06:07,752 INFO    HandlerThread:48190 [handler.py:handle_request_defer():170] handle defer: 9
2023-09-06 02:06:07,829 INFO    Thread-12 :48190 [dir_watcher.py:_on_file_modified():288] file/dir modified: /root/BitFlip/DQNwithHer/outputs/2023-09-06/02-04-12/wandb/run-20230906_020413-v74a2w8j/files/output.log
2023-09-06 02:06:09,437 ERROR   wandb-upload_2:48190 [internal_api.py:upload_file():2496] upload_file exception https://storage.googleapis.com/wandb-artifacts-prod/wandb_artifacts/95199606/559997372/a37748b2bbe2fd6ee2a914aedbbdac1f?Expires=1694023569&GoogleAccessId=gorilla-files-url-signer-man%40wandb-production.iam.gserviceaccount.com&Signature=Zut2cFlBs0NhJuJeUPuCsOLgQfTm52ySSl1GS0wp5Bvs2cQ7Awu60aubGquRVDJ21j25UcE0TrY9TvUep2AdWmZ5xfW9%2B52oHPM2GLiJLFMfSHDnAIHkgz6%2FceI6NgW9TiAOC%2BBBDxyThFT4XQ599PfN7GczImtq5l9Ipr3eWtyfL0k%2BKQXJL%2FifWg60kvVRGat1wJ66RsDrMdn9BqkqoEwNBJdIGVivH4NZCmLk6tXCWAOzNYWAYbOroxvR0IEURUOmmisneZ%2BJzGybENrgStJnx7LYtHlQC9tPtDhRpdW01FuvvSRoqXAhu2sgdqX1VVhH8%2F%2F538DYDp5enWlxZw%3D%3D: ('Connection aborted.', ConnectionResetError(104, 'Connection reset by peer'))
2023-09-06 02:06:09,437 ERROR   wandb-upload_2:48190 [internal_api.py:upload_file():2498] upload_file request headers: {'User-Agent': 'python-requests/2.31.0', 'Accept-Encoding': 'gzip, deflate, br', 'Accept': '*/*', 'Connection': 'keep-alive', 'Content-MD5': 'o3dIsrvi/W7iqRSu272sHw==', 'Content-Type': 'application/json', 'Content-Length': '3078'}
2023-09-06 02:06:09,437 ERROR   wandb-upload_2:48190 [internal_api.py:upload_file():2500] upload_file response body: 
2023-09-06 02:06:09,710 INFO    wandb-upload_1:48190 [upload_job.py:push():89] Uploaded file /root/.local/share/wandb/artifacts/staging/tmpujc_5hno
2023-09-06 02:06:10,806 ERROR   wandb-upload_2:48190 [internal_api.py:upload_file():2496] upload_file exception https://storage.googleapis.com/wandb-artifacts-prod/wandb_artifacts/95199606/559997372/a37748b2bbe2fd6ee2a914aedbbdac1f?Expires=1694023569&GoogleAccessId=gorilla-files-url-signer-man%40wandb-production.iam.gserviceaccount.com&Signature=Zut2cFlBs0NhJuJeUPuCsOLgQfTm52ySSl1GS0wp5Bvs2cQ7Awu60aubGquRVDJ21j25UcE0TrY9TvUep2AdWmZ5xfW9%2B52oHPM2GLiJLFMfSHDnAIHkgz6%2FceI6NgW9TiAOC%2BBBDxyThFT4XQ599PfN7GczImtq5l9Ipr3eWtyfL0k%2BKQXJL%2FifWg60kvVRGat1wJ66RsDrMdn9BqkqoEwNBJdIGVivH4NZCmLk6tXCWAOzNYWAYbOroxvR0IEURUOmmisneZ%2BJzGybENrgStJnx7LYtHlQC9tPtDhRpdW01FuvvSRoqXAhu2sgdqX1VVhH8%2F%2F538DYDp5enWlxZw%3D%3D: ('Connection aborted.', ConnectionResetError(104, 'Connection reset by peer'))
2023-09-06 02:06:10,806 ERROR   wandb-upload_2:48190 [internal_api.py:upload_file():2498] upload_file request headers: {'User-Agent': 'python-requests/2.31.0', 'Accept-Encoding': 'gzip, deflate, br', 'Accept': '*/*', 'Connection': 'keep-alive', 'Content-MD5': 'o3dIsrvi/W7iqRSu272sHw==', 'Content-Type': 'application/json', 'Content-Length': '3078'}
2023-09-06 02:06:10,807 ERROR   wandb-upload_2:48190 [internal_api.py:upload_file():2500] upload_file response body: 
2023-09-06 02:06:11,465 DEBUG   HandlerThread:48190 [handler.py:handle_request():144] handle_request: keepalive
2023-09-06 02:06:13,411 ERROR   wandb-upload_2:48190 [internal_api.py:upload_file():2496] upload_file exception https://storage.googleapis.com/wandb-artifacts-prod/wandb_artifacts/95199606/559997372/a37748b2bbe2fd6ee2a914aedbbdac1f?Expires=1694023569&GoogleAccessId=gorilla-files-url-signer-man%40wandb-production.iam.gserviceaccount.com&Signature=Zut2cFlBs0NhJuJeUPuCsOLgQfTm52ySSl1GS0wp5Bvs2cQ7Awu60aubGquRVDJ21j25UcE0TrY9TvUep2AdWmZ5xfW9%2B52oHPM2GLiJLFMfSHDnAIHkgz6%2FceI6NgW9TiAOC%2BBBDxyThFT4XQ599PfN7GczImtq5l9Ipr3eWtyfL0k%2BKQXJL%2FifWg60kvVRGat1wJ66RsDrMdn9BqkqoEwNBJdIGVivH4NZCmLk6tXCWAOzNYWAYbOroxvR0IEURUOmmisneZ%2BJzGybENrgStJnx7LYtHlQC9tPtDhRpdW01FuvvSRoqXAhu2sgdqX1VVhH8%2F%2F538DYDp5enWlxZw%3D%3D: ('Connection aborted.', ConnectionResetError(104, 'Connection reset by peer'))
2023-09-06 02:06:13,412 ERROR   wandb-upload_2:48190 [internal_api.py:upload_file():2498] upload_file request headers: {'User-Agent': 'python-requests/2.31.0', 'Accept-Encoding': 'gzip, deflate, br', 'Accept': '*/*', 'Connection': 'keep-alive', 'Content-MD5': 'o3dIsrvi/W7iqRSu272sHw==', 'Content-Type': 'application/json', 'Content-Length': '3078'}
2023-09-06 02:06:13,412 ERROR   wandb-upload_2:48190 [internal_api.py:upload_file():2500] upload_file response body: 
2023-09-06 02:06:13,412 INFO    wandb-upload_2:48190 [retry.py:__call__():172] Retry attempt failed:
Traceback (most recent call last):
  File "/root/miniconda3/envs/ling/lib/python3.9/site-packages/urllib3/connectionpool.py", line 714, in urlopen
    httplib_response = self._make_request(
  File "/root/miniconda3/envs/ling/lib/python3.9/site-packages/urllib3/connectionpool.py", line 403, in _make_request
    self._validate_conn(conn)
  File "/root/miniconda3/envs/ling/lib/python3.9/site-packages/urllib3/connectionpool.py", line 1053, in _validate_conn
    conn.connect()
  File "/root/miniconda3/envs/ling/lib/python3.9/site-packages/urllib3/connection.py", line 419, in connect
    self.sock = ssl_wrap_socket(
  File "/root/miniconda3/envs/ling/lib/python3.9/site-packages/urllib3/util/ssl_.py", line 449, in ssl_wrap_socket
    ssl_sock = _ssl_wrap_socket_impl(
  File "/root/miniconda3/envs/ling/lib/python3.9/site-packages/urllib3/util/ssl_.py", line 493, in _ssl_wrap_socket_impl
    return ssl_context.wrap_socket(sock, server_hostname=server_hostname)
  File "/root/miniconda3/envs/ling/lib/python3.9/ssl.py", line 501, in wrap_socket
    return self.sslsocket_class._create(
  File "/root/miniconda3/envs/ling/lib/python3.9/ssl.py", line 1041, in _create
    self.do_handshake()
  File "/root/miniconda3/envs/ling/lib/python3.9/ssl.py", line 1310, in do_handshake
    self._sslobj.do_handshake()
ConnectionResetError: [Errno 104] Connection reset by peer

During handling of the above exception, another exception occurred:

Traceback (most recent call last):
  File "/root/miniconda3/envs/ling/lib/python3.9/site-packages/requests/adapters.py", line 486, in send
    resp = conn.urlopen(
  File "/root/miniconda3/envs/ling/lib/python3.9/site-packages/urllib3/connectionpool.py", line 798, in urlopen
    retries = retries.increment(
  File "/root/miniconda3/envs/ling/lib/python3.9/site-packages/urllib3/util/retry.py", line 550, in increment
    raise six.reraise(type(error), error, _stacktrace)
  File "/root/miniconda3/envs/ling/lib/python3.9/site-packages/urllib3/packages/six.py", line 769, in reraise
    raise value.with_traceback(tb)
  File "/root/miniconda3/envs/ling/lib/python3.9/site-packages/urllib3/connectionpool.py", line 714, in urlopen
    httplib_response = self._make_request(
  File "/root/miniconda3/envs/ling/lib/python3.9/site-packages/urllib3/connectionpool.py", line 403, in _make_request
    self._validate_conn(conn)
  File "/root/miniconda3/envs/ling/lib/python3.9/site-packages/urllib3/connectionpool.py", line 1053, in _validate_conn
    conn.connect()
  File "/root/miniconda3/envs/ling/lib/python3.9/site-packages/urllib3/connection.py", line 419, in connect
    self.sock = ssl_wrap_socket(
  File "/root/miniconda3/envs/ling/lib/python3.9/site-packages/urllib3/util/ssl_.py", line 449, in ssl_wrap_socket
    ssl_sock = _ssl_wrap_socket_impl(
  File "/root/miniconda3/envs/ling/lib/python3.9/site-packages/urllib3/util/ssl_.py", line 493, in _ssl_wrap_socket_impl
    return ssl_context.wrap_socket(sock, server_hostname=server_hostname)
  File "/root/miniconda3/envs/ling/lib/python3.9/ssl.py", line 501, in wrap_socket
    return self.sslsocket_class._create(
  File "/root/miniconda3/envs/ling/lib/python3.9/ssl.py", line 1041, in _create
    self.do_handshake()
  File "/root/miniconda3/envs/ling/lib/python3.9/ssl.py", line 1310, in do_handshake
    self._sslobj.do_handshake()
urllib3.exceptions.ProtocolError: ('Connection aborted.', ConnectionResetError(104, 'Connection reset by peer'))

During handling of the above exception, another exception occurred:

Traceback (most recent call last):
  File "/root/miniconda3/envs/ling/lib/python3.9/site-packages/wandb/sdk/internal/internal_api.py", line 2491, in upload_file
    response = self._upload_file_session.put(
  File "/root/miniconda3/envs/ling/lib/python3.9/site-packages/requests/sessions.py", line 649, in put
    return self.request("PUT", url, data=data, **kwargs)
  File "/root/miniconda3/envs/ling/lib/python3.9/site-packages/requests/sessions.py", line 589, in request
    resp = self.send(prep, **send_kwargs)
  File "/root/miniconda3/envs/ling/lib/python3.9/site-packages/requests/sessions.py", line 703, in send
    r = adapter.send(request, **kwargs)
  File "/root/miniconda3/envs/ling/lib/python3.9/site-packages/requests/adapters.py", line 501, in send
    raise ConnectionError(err, request=request)
requests.exceptions.ConnectionError: ('Connection aborted.', ConnectionResetError(104, 'Connection reset by peer'))

During handling of the above exception, another exception occurred:

Traceback (most recent call last):
  File "/root/miniconda3/envs/ling/lib/python3.9/site-packages/wandb/sdk/lib/retry.py", line 131, in __call__
    result = self._call_fn(*args, **kwargs)
  File "/root/miniconda3/envs/ling/lib/python3.9/site-packages/wandb/sdk/internal/internal_api.py", line 2520, in upload_file
    raise _e.with_traceback(sys.exc_info()[2])
  File "/root/miniconda3/envs/ling/lib/python3.9/site-packages/wandb/sdk/internal/internal_api.py", line 2491, in upload_file
    response = self._upload_file_session.put(
  File "/root/miniconda3/envs/ling/lib/python3.9/site-packages/requests/sessions.py", line 649, in put
    return self.request("PUT", url, data=data, **kwargs)
  File "/root/miniconda3/envs/ling/lib/python3.9/site-packages/requests/sessions.py", line 589, in request
    resp = self.send(prep, **send_kwargs)
  File "/root/miniconda3/envs/ling/lib/python3.9/site-packages/requests/sessions.py", line 703, in send
    r = adapter.send(request, **kwargs)
  File "/root/miniconda3/envs/ling/lib/python3.9/site-packages/requests/adapters.py", line 501, in send
    raise ConnectionError(err, request=request)
wandb.sdk.lib.retry.TransientError: None
2023-09-06 02:06:15,115 WARNING StreamThr :48190 [internal.py:is_dead():414] Internal process exiting, parent pid 48152 disappeared
2023-09-06 02:06:15,115 ERROR   StreamThr :48190 [internal.py:wandb_internal():152] Internal process shutdown.
2023-09-06 02:06:15,466 INFO    HandlerThread:48190 [handler.py:finish():861] shutting down handler
2023-09-06 02:06:15,758 INFO    WriterThread:48190 [datastore.py:close():294] close: /root/BitFlip/DQNwithHer/outputs/2023-09-06/02-04-12/wandb/run-20230906_020413-v74a2w8j/run-v74a2w8j.wandb
2023-09-06 02:06:18,113 ERROR   wandb-upload_2:48190 [internal_api.py:upload_file():2496] upload_file exception https://storage.googleapis.com/wandb-artifacts-prod/wandb_artifacts/95199606/559997372/a37748b2bbe2fd6ee2a914aedbbdac1f?Expires=1694023569&GoogleAccessId=gorilla-files-url-signer-man%40wandb-production.iam.gserviceaccount.com&Signature=Zut2cFlBs0NhJuJeUPuCsOLgQfTm52ySSl1GS0wp5Bvs2cQ7Awu60aubGquRVDJ21j25UcE0TrY9TvUep2AdWmZ5xfW9%2B52oHPM2GLiJLFMfSHDnAIHkgz6%2FceI6NgW9TiAOC%2BBBDxyThFT4XQ599PfN7GczImtq5l9Ipr3eWtyfL0k%2BKQXJL%2FifWg60kvVRGat1wJ66RsDrMdn9BqkqoEwNBJdIGVivH4NZCmLk6tXCWAOzNYWAYbOroxvR0IEURUOmmisneZ%2BJzGybENrgStJnx7LYtHlQC9tPtDhRpdW01FuvvSRoqXAhu2sgdqX1VVhH8%2F%2F538DYDp5enWlxZw%3D%3D: ('Connection aborted.', ConnectionResetError(104, 'Connection reset by peer'))
2023-09-06 02:06:18,113 ERROR   wandb-upload_2:48190 [internal_api.py:upload_file():2498] upload_file request headers: {'User-Agent': 'python-requests/2.31.0', 'Accept-Encoding': 'gzip, deflate, br', 'Accept': '*/*', 'Connection': 'keep-alive', 'Content-MD5': 'o3dIsrvi/W7iqRSu272sHw==', 'Content-Type': 'application/json', 'Content-Length': '3078'}
2023-09-06 02:06:18,113 ERROR   wandb-upload_2:48190 [internal_api.py:upload_file():2500] upload_file response body: 
2023-09-06 02:06:34,199 ERROR   wandb-upload_0:48190 [internal_api.py:upload_file():2496] upload_file exception https://storage.googleapis.com/wandb-production.appspot.com/chenhaojun001/BitFlip_dqn_with_her/v74a2w8j/wandb-metadata.json?Expires=1694023455&GoogleAccessId=gorilla-files-url-signer-man%40wandb-production.iam.gserviceaccount.com&Signature=erbezeDOy0gUiGfnBVyoqFnyX9x6YljQCNvaq5lExfP8HzH25UGXmE24gSlcOUmFvblL6pCFJEw3dTbsnJkxZDTnoZRNVPIepqT4xfJU8Hb%2BKOeP9yce7%2F2wXMTKgYqacdgegU11WBIYF%2Bs3M7A7J%2BksxKFDa0FVFEu0%2BDE875cbOfGJVoW0sammoyPwbFvccn2hIbJRZm14WUlADckHvLjhK3KQLlmqNaYz%2FfBKx7Ji%2BsYRZoEotY3y2B21oy89Zy9VrLTB9ue5%2FMrZTeUQ1M29xkVZFEQNKhs67rsnrX1ENET0JX%2BA%2F%2F8qVAkHtkGRVn8Rpvnrdc%2BSSUdMDhl3tQ%3D%3D: ('Connection aborted.', ConnectionResetError(104, 'Connection reset by peer'))
2023-09-06 02:06:34,199 ERROR   wandb-upload_0:48190 [internal_api.py:upload_file():2498] upload_file request headers: {'User-Agent': 'python-requests/2.31.0', 'Accept-Encoding': 'gzip, deflate, br', 'Accept': '*/*', 'Connection': 'keep-alive', 'Content-Length': '15132'}
2023-09-06 02:06:34,199 ERROR   wandb-upload_0:48190 [internal_api.py:upload_file():2500] upload_file response body: 
2023-09-06 02:06:43,035 ERROR   wandb-upload_0:48190 [internal_api.py:upload_file():2496] upload_file exception https://storage.googleapis.com/wandb-production.appspot.com/chenhaojun001/BitFlip_dqn_with_her/v74a2w8j/wandb-metadata.json?Expires=1694023455&GoogleAccessId=gorilla-files-url-signer-man%40wandb-production.iam.gserviceaccount.com&Signature=erbezeDOy0gUiGfnBVyoqFnyX9x6YljQCNvaq5lExfP8HzH25UGXmE24gSlcOUmFvblL6pCFJEw3dTbsnJkxZDTnoZRNVPIepqT4xfJU8Hb%2BKOeP9yce7%2F2wXMTKgYqacdgegU11WBIYF%2Bs3M7A7J%2BksxKFDa0FVFEu0%2BDE875cbOfGJVoW0sammoyPwbFvccn2hIbJRZm14WUlADckHvLjhK3KQLlmqNaYz%2FfBKx7Ji%2BsYRZoEotY3y2B21oy89Zy9VrLTB9ue5%2FMrZTeUQ1M29xkVZFEQNKhs67rsnrX1ENET0JX%2BA%2F%2F8qVAkHtkGRVn8Rpvnrdc%2BSSUdMDhl3tQ%3D%3D: ('Connection aborted.', ConnectionResetError(104, 'Connection reset by peer'))
2023-09-06 02:06:43,035 ERROR   wandb-upload_0:48190 [internal_api.py:upload_file():2498] upload_file request headers: {'User-Agent': 'python-requests/2.31.0', 'Accept-Encoding': 'gzip, deflate, br', 'Accept': '*/*', 'Connection': 'keep-alive', 'Content-Length': '15132'}
2023-09-06 02:06:43,036 ERROR   wandb-upload_0:48190 [internal_api.py:upload_file():2500] upload_file response body: 
2023-09-06 02:07:01,389 ERROR   wandb-upload_0:48190 [internal_api.py:upload_file():2496] upload_file exception https://storage.googleapis.com/wandb-production.appspot.com/chenhaojun001/BitFlip_dqn_with_her/v74a2w8j/wandb-metadata.json?Expires=1694023455&GoogleAccessId=gorilla-files-url-signer-man%40wandb-production.iam.gserviceaccount.com&Signature=erbezeDOy0gUiGfnBVyoqFnyX9x6YljQCNvaq5lExfP8HzH25UGXmE24gSlcOUmFvblL6pCFJEw3dTbsnJkxZDTnoZRNVPIepqT4xfJU8Hb%2BKOeP9yce7%2F2wXMTKgYqacdgegU11WBIYF%2Bs3M7A7J%2BksxKFDa0FVFEu0%2BDE875cbOfGJVoW0sammoyPwbFvccn2hIbJRZm14WUlADckHvLjhK3KQLlmqNaYz%2FfBKx7Ji%2BsYRZoEotY3y2B21oy89Zy9VrLTB9ue5%2FMrZTeUQ1M29xkVZFEQNKhs67rsnrX1ENET0JX%2BA%2F%2F8qVAkHtkGRVn8Rpvnrdc%2BSSUdMDhl3tQ%3D%3D: ('Connection aborted.', ConnectionResetError(104, 'Connection reset by peer'))
2023-09-06 02:07:01,390 ERROR   wandb-upload_0:48190 [internal_api.py:upload_file():2498] upload_file request headers: {'User-Agent': 'python-requests/2.31.0', 'Accept-Encoding': 'gzip, deflate, br', 'Accept': '*/*', 'Connection': 'keep-alive', 'Content-Length': '15132'}
2023-09-06 02:07:01,390 ERROR   wandb-upload_0:48190 [internal_api.py:upload_file():2500] upload_file response body: 
2023-09-06 02:07:34,945 ERROR   wandb-upload_0:48190 [internal_api.py:upload_file():2496] upload_file exception https://storage.googleapis.com/wandb-production.appspot.com/chenhaojun001/BitFlip_dqn_with_her/v74a2w8j/wandb-metadata.json?Expires=1694023455&GoogleAccessId=gorilla-files-url-signer-man%40wandb-production.iam.gserviceaccount.com&Signature=erbezeDOy0gUiGfnBVyoqFnyX9x6YljQCNvaq5lExfP8HzH25UGXmE24gSlcOUmFvblL6pCFJEw3dTbsnJkxZDTnoZRNVPIepqT4xfJU8Hb%2BKOeP9yce7%2F2wXMTKgYqacdgegU11WBIYF%2Bs3M7A7J%2BksxKFDa0FVFEu0%2BDE875cbOfGJVoW0sammoyPwbFvccn2hIbJRZm14WUlADckHvLjhK3KQLlmqNaYz%2FfBKx7Ji%2BsYRZoEotY3y2B21oy89Zy9VrLTB9ue5%2FMrZTeUQ1M29xkVZFEQNKhs67rsnrX1ENET0JX%2BA%2F%2F8qVAkHtkGRVn8Rpvnrdc%2BSSUdMDhl3tQ%3D%3D: ('Connection aborted.', ConnectionResetError(104, 'Connection reset by peer'))
2023-09-06 02:07:34,946 ERROR   wandb-upload_0:48190 [internal_api.py:upload_file():2498] upload_file request headers: {'User-Agent': 'python-requests/2.31.0', 'Accept-Encoding': 'gzip, deflate, br', 'Accept': '*/*', 'Connection': 'keep-alive', 'Content-Length': '15132'}
2023-09-06 02:07:34,946 ERROR   wandb-upload_0:48190 [internal_api.py:upload_file():2500] upload_file response body: 
2023-09-06 02:08:37,070 ERROR   wandb-upload_2:48190 [internal_api.py:upload_file():2496] upload_file exception https://storage.googleapis.com/wandb-artifacts-prod/wandb_artifacts/95199606/559997372/a37748b2bbe2fd6ee2a914aedbbdac1f?Expires=1694023569&GoogleAccessId=gorilla-files-url-signer-man%40wandb-production.iam.gserviceaccount.com&Signature=Zut2cFlBs0NhJuJeUPuCsOLgQfTm52ySSl1GS0wp5Bvs2cQ7Awu60aubGquRVDJ21j25UcE0TrY9TvUep2AdWmZ5xfW9%2B52oHPM2GLiJLFMfSHDnAIHkgz6%2FceI6NgW9TiAOC%2BBBDxyThFT4XQ599PfN7GczImtq5l9Ipr3eWtyfL0k%2BKQXJL%2FifWg60kvVRGat1wJ66RsDrMdn9BqkqoEwNBJdIGVivH4NZCmLk6tXCWAOzNYWAYbOroxvR0IEURUOmmisneZ%2BJzGybENrgStJnx7LYtHlQC9tPtDhRpdW01FuvvSRoqXAhu2sgdqX1VVhH8%2F%2F538DYDp5enWlxZw%3D%3D: ('Connection aborted.', ConnectionResetError(104, 'Connection reset by peer'))
2023-09-06 02:08:37,070 ERROR   wandb-upload_2:48190 [internal_api.py:upload_file():2498] upload_file request headers: {'User-Agent': 'python-requests/2.31.0', 'Accept-Encoding': 'gzip, deflate, br', 'Accept': '*/*', 'Connection': 'keep-alive', 'Content-MD5': 'o3dIsrvi/W7iqRSu272sHw==', 'Content-Type': 'application/json', 'Content-Length': '3078'}
2023-09-06 02:08:37,070 ERROR   wandb-upload_2:48190 [internal_api.py:upload_file():2500] upload_file response body: 
2023-09-06 02:08:49,534 ERROR   wandb-upload_0:48190 [internal_api.py:upload_file():2496] upload_file exception https://storage.googleapis.com/wandb-production.appspot.com/chenhaojun001/BitFlip_dqn_with_her/v74a2w8j/wandb-metadata.json?Expires=1694023455&GoogleAccessId=gorilla-files-url-signer-man%40wandb-production.iam.gserviceaccount.com&Signature=erbezeDOy0gUiGfnBVyoqFnyX9x6YljQCNvaq5lExfP8HzH25UGXmE24gSlcOUmFvblL6pCFJEw3dTbsnJkxZDTnoZRNVPIepqT4xfJU8Hb%2BKOeP9yce7%2F2wXMTKgYqacdgegU11WBIYF%2Bs3M7A7J%2BksxKFDa0FVFEu0%2BDE875cbOfGJVoW0sammoyPwbFvccn2hIbJRZm14WUlADckHvLjhK3KQLlmqNaYz%2FfBKx7Ji%2BsYRZoEotY3y2B21oy89Zy9VrLTB9ue5%2FMrZTeUQ1M29xkVZFEQNKhs67rsnrX1ENET0JX%2BA%2F%2F8qVAkHtkGRVn8Rpvnrdc%2BSSUdMDhl3tQ%3D%3D: ('Connection aborted.', ConnectionResetError(104, 'Connection reset by peer'))
2023-09-06 02:08:49,534 ERROR   wandb-upload_0:48190 [internal_api.py:upload_file():2498] upload_file request headers: {'User-Agent': 'python-requests/2.31.0', 'Accept-Encoding': 'gzip, deflate, br', 'Accept': '*/*', 'Connection': 'keep-alive', 'Content-Length': '15132'}
2023-09-06 02:08:49,534 ERROR   wandb-upload_0:48190 [internal_api.py:upload_file():2500] upload_file response body: 
2023-09-06 02:08:54,924 ERROR   wandb-upload_2:48190 [internal_api.py:upload_file():2496] upload_file exception https://storage.googleapis.com/wandb-artifacts-prod/wandb_artifacts/95199606/559997372/a37748b2bbe2fd6ee2a914aedbbdac1f?Expires=1694023569&GoogleAccessId=gorilla-files-url-signer-man%40wandb-production.iam.gserviceaccount.com&Signature=Zut2cFlBs0NhJuJeUPuCsOLgQfTm52ySSl1GS0wp5Bvs2cQ7Awu60aubGquRVDJ21j25UcE0TrY9TvUep2AdWmZ5xfW9%2B52oHPM2GLiJLFMfSHDnAIHkgz6%2FceI6NgW9TiAOC%2BBBDxyThFT4XQ599PfN7GczImtq5l9Ipr3eWtyfL0k%2BKQXJL%2FifWg60kvVRGat1wJ66RsDrMdn9BqkqoEwNBJdIGVivH4NZCmLk6tXCWAOzNYWAYbOroxvR0IEURUOmmisneZ%2BJzGybENrgStJnx7LYtHlQC9tPtDhRpdW01FuvvSRoqXAhu2sgdqX1VVhH8%2F%2F538DYDp5enWlxZw%3D%3D: ('Connection aborted.', ConnectionResetError(104, 'Connection reset by peer'))
2023-09-06 02:08:54,924 ERROR   wandb-upload_2:48190 [internal_api.py:upload_file():2498] upload_file request headers: {'User-Agent': 'python-requests/2.31.0', 'Accept-Encoding': 'gzip, deflate, br', 'Accept': '*/*', 'Connection': 'keep-alive', 'Content-MD5': 'o3dIsrvi/W7iqRSu272sHw==', 'Content-Type': 'application/json', 'Content-Length': '3078'}
2023-09-06 02:08:54,924 ERROR   wandb-upload_2:48190 [internal_api.py:upload_file():2500] upload_file response body: 
2023-09-06 02:09:28,204 ERROR   wandb-upload_2:48190 [internal_api.py:upload_file():2496] upload_file exception https://storage.googleapis.com/wandb-artifacts-prod/wandb_artifacts/95199606/559997372/a37748b2bbe2fd6ee2a914aedbbdac1f?Expires=1694023569&GoogleAccessId=gorilla-files-url-signer-man%40wandb-production.iam.gserviceaccount.com&Signature=Zut2cFlBs0NhJuJeUPuCsOLgQfTm52ySSl1GS0wp5Bvs2cQ7Awu60aubGquRVDJ21j25UcE0TrY9TvUep2AdWmZ5xfW9%2B52oHPM2GLiJLFMfSHDnAIHkgz6%2FceI6NgW9TiAOC%2BBBDxyThFT4XQ599PfN7GczImtq5l9Ipr3eWtyfL0k%2BKQXJL%2FifWg60kvVRGat1wJ66RsDrMdn9BqkqoEwNBJdIGVivH4NZCmLk6tXCWAOzNYWAYbOroxvR0IEURUOmmisneZ%2BJzGybENrgStJnx7LYtHlQC9tPtDhRpdW01FuvvSRoqXAhu2sgdqX1VVhH8%2F%2F538DYDp5enWlxZw%3D%3D: ('Connection aborted.', ConnectionResetError(104, 'Connection reset by peer'))
2023-09-06 02:09:28,204 ERROR   wandb-upload_2:48190 [internal_api.py:upload_file():2498] upload_file request headers: {'User-Agent': 'python-requests/2.31.0', 'Accept-Encoding': 'gzip, deflate, br', 'Accept': '*/*', 'Connection': 'keep-alive', 'Content-MD5': 'o3dIsrvi/W7iqRSu272sHw==', 'Content-Type': 'application/json', 'Content-Length': '3078'}
2023-09-06 02:09:28,205 ERROR   wandb-upload_2:48190 [internal_api.py:upload_file():2500] upload_file response body: 
2023-09-06 02:10:37,808 ERROR   wandb-upload_2:48190 [internal_api.py:upload_file():2496] upload_file exception https://storage.googleapis.com/wandb-artifacts-prod/wandb_artifacts/95199606/559997372/a37748b2bbe2fd6ee2a914aedbbdac1f?Expires=1694023569&GoogleAccessId=gorilla-files-url-signer-man%40wandb-production.iam.gserviceaccount.com&Signature=Zut2cFlBs0NhJuJeUPuCsOLgQfTm52ySSl1GS0wp5Bvs2cQ7Awu60aubGquRVDJ21j25UcE0TrY9TvUep2AdWmZ5xfW9%2B52oHPM2GLiJLFMfSHDnAIHkgz6%2FceI6NgW9TiAOC%2BBBDxyThFT4XQ599PfN7GczImtq5l9Ipr3eWtyfL0k%2BKQXJL%2FifWg60kvVRGat1wJ66RsDrMdn9BqkqoEwNBJdIGVivH4NZCmLk6tXCWAOzNYWAYbOroxvR0IEURUOmmisneZ%2BJzGybENrgStJnx7LYtHlQC9tPtDhRpdW01FuvvSRoqXAhu2sgdqX1VVhH8%2F%2F538DYDp5enWlxZw%3D%3D: ('Connection aborted.', ConnectionResetError(104, 'Connection reset by peer'))
2023-09-06 02:10:37,809 ERROR   wandb-upload_2:48190 [internal_api.py:upload_file():2498] upload_file request headers: {'User-Agent': 'python-requests/2.31.0', 'Accept-Encoding': 'gzip, deflate, br', 'Accept': '*/*', 'Connection': 'keep-alive', 'Content-MD5': 'o3dIsrvi/W7iqRSu272sHw==', 'Content-Type': 'application/json', 'Content-Length': '3078'}
2023-09-06 02:10:37,809 ERROR   wandb-upload_2:48190 [internal_api.py:upload_file():2500] upload_file response body: 
2023-09-06 02:12:52,980 ERROR   wandb-upload_2:48190 [internal_api.py:upload_file():2496] upload_file exception https://storage.googleapis.com/wandb-artifacts-prod/wandb_artifacts/95199606/559997372/a37748b2bbe2fd6ee2a914aedbbdac1f?Expires=1694023569&GoogleAccessId=gorilla-files-url-signer-man%40wandb-production.iam.gserviceaccount.com&Signature=Zut2cFlBs0NhJuJeUPuCsOLgQfTm52ySSl1GS0wp5Bvs2cQ7Awu60aubGquRVDJ21j25UcE0TrY9TvUep2AdWmZ5xfW9%2B52oHPM2GLiJLFMfSHDnAIHkgz6%2FceI6NgW9TiAOC%2BBBDxyThFT4XQ599PfN7GczImtq5l9Ipr3eWtyfL0k%2BKQXJL%2FifWg60kvVRGat1wJ66RsDrMdn9BqkqoEwNBJdIGVivH4NZCmLk6tXCWAOzNYWAYbOroxvR0IEURUOmmisneZ%2BJzGybENrgStJnx7LYtHlQC9tPtDhRpdW01FuvvSRoqXAhu2sgdqX1VVhH8%2F%2F538DYDp5enWlxZw%3D%3D: ('Connection aborted.', ConnectionResetError(104, 'Connection reset by peer'))
2023-09-06 02:12:52,981 ERROR   wandb-upload_2:48190 [internal_api.py:upload_file():2498] upload_file request headers: {'User-Agent': 'python-requests/2.31.0', 'Accept-Encoding': 'gzip, deflate, br', 'Accept': '*/*', 'Connection': 'keep-alive', 'Content-MD5': 'o3dIsrvi/W7iqRSu272sHw==', 'Content-Type': 'application/json', 'Content-Length': '3078'}
2023-09-06 02:12:52,981 ERROR   wandb-upload_2:48190 [internal_api.py:upload_file():2500] upload_file response body: 
2023-09-06 02:13:40,184 ERROR   wandb-upload_0:48190 [internal_api.py:upload_file():2496] upload_file exception https://storage.googleapis.com/wandb-production.appspot.com/chenhaojun001/BitFlip_dqn_with_her/v74a2w8j/wandb-metadata.json?Expires=1694023455&GoogleAccessId=gorilla-files-url-signer-man%40wandb-production.iam.gserviceaccount.com&Signature=erbezeDOy0gUiGfnBVyoqFnyX9x6YljQCNvaq5lExfP8HzH25UGXmE24gSlcOUmFvblL6pCFJEw3dTbsnJkxZDTnoZRNVPIepqT4xfJU8Hb%2BKOeP9yce7%2F2wXMTKgYqacdgegU11WBIYF%2Bs3M7A7J%2BksxKFDa0FVFEu0%2BDE875cbOfGJVoW0sammoyPwbFvccn2hIbJRZm14WUlADckHvLjhK3KQLlmqNaYz%2FfBKx7Ji%2BsYRZoEotY3y2B21oy89Zy9VrLTB9ue5%2FMrZTeUQ1M29xkVZFEQNKhs67rsnrX1ENET0JX%2BA%2F%2F8qVAkHtkGRVn8Rpvnrdc%2BSSUdMDhl3tQ%3D%3D: ('Connection aborted.', ConnectionResetError(104, 'Connection reset by peer'))
2023-09-06 02:13:40,185 ERROR   wandb-upload_0:48190 [internal_api.py:upload_file():2498] upload_file request headers: {'User-Agent': 'python-requests/2.31.0', 'Accept-Encoding': 'gzip, deflate, br', 'Accept': '*/*', 'Connection': 'keep-alive', 'Content-Length': '15132'}
2023-09-06 02:13:40,185 ERROR   wandb-upload_0:48190 [internal_api.py:upload_file():2500] upload_file response body: 
2023-09-06 02:17:09,666 ERROR   wandb-upload_2:48190 [internal_api.py:upload_file():2496] upload_file exception https://storage.googleapis.com/wandb-artifacts-prod/wandb_artifacts/95199606/559997372/a37748b2bbe2fd6ee2a914aedbbdac1f?Expires=1694023569&GoogleAccessId=gorilla-files-url-signer-man%40wandb-production.iam.gserviceaccount.com&Signature=Zut2cFlBs0NhJuJeUPuCsOLgQfTm52ySSl1GS0wp5Bvs2cQ7Awu60aubGquRVDJ21j25UcE0TrY9TvUep2AdWmZ5xfW9%2B52oHPM2GLiJLFMfSHDnAIHkgz6%2FceI6NgW9TiAOC%2BBBDxyThFT4XQ599PfN7GczImtq5l9Ipr3eWtyfL0k%2BKQXJL%2FifWg60kvVRGat1wJ66RsDrMdn9BqkqoEwNBJdIGVivH4NZCmLk6tXCWAOzNYWAYbOroxvR0IEURUOmmisneZ%2BJzGybENrgStJnx7LYtHlQC9tPtDhRpdW01FuvvSRoqXAhu2sgdqX1VVhH8%2F%2F538DYDp5enWlxZw%3D%3D: ('Connection aborted.', ConnectionResetError(104, 'Connection reset by peer'))
2023-09-06 02:17:09,667 ERROR   wandb-upload_2:48190 [internal_api.py:upload_file():2498] upload_file request headers: {'User-Agent': 'python-requests/2.31.0', 'Accept-Encoding': 'gzip, deflate, br', 'Accept': '*/*', 'Connection': 'keep-alive', 'Content-MD5': 'o3dIsrvi/W7iqRSu272sHw==', 'Content-Type': 'application/json', 'Content-Length': '3078'}
2023-09-06 02:17:09,667 ERROR   wandb-upload_2:48190 [internal_api.py:upload_file():2500] upload_file response body: 
2023-09-06 02:18:43,757 ERROR   wandb-upload_0:48190 [internal_api.py:upload_file():2496] upload_file exception https://storage.googleapis.com/wandb-production.appspot.com/chenhaojun001/BitFlip_dqn_with_her/v74a2w8j/wandb-metadata.json?Expires=1694023455&GoogleAccessId=gorilla-files-url-signer-man%40wandb-production.iam.gserviceaccount.com&Signature=erbezeDOy0gUiGfnBVyoqFnyX9x6YljQCNvaq5lExfP8HzH25UGXmE24gSlcOUmFvblL6pCFJEw3dTbsnJkxZDTnoZRNVPIepqT4xfJU8Hb%2BKOeP9yce7%2F2wXMTKgYqacdgegU11WBIYF%2Bs3M7A7J%2BksxKFDa0FVFEu0%2BDE875cbOfGJVoW0sammoyPwbFvccn2hIbJRZm14WUlADckHvLjhK3KQLlmqNaYz%2FfBKx7Ji%2BsYRZoEotY3y2B21oy89Zy9VrLTB9ue5%2FMrZTeUQ1M29xkVZFEQNKhs67rsnrX1ENET0JX%2BA%2F%2F8qVAkHtkGRVn8Rpvnrdc%2BSSUdMDhl3tQ%3D%3D: ('Connection aborted.', ConnectionResetError(104, 'Connection reset by peer'))
2023-09-06 02:18:43,758 ERROR   wandb-upload_0:48190 [internal_api.py:upload_file():2498] upload_file request headers: {'User-Agent': 'python-requests/2.31.0', 'Accept-Encoding': 'gzip, deflate, br', 'Accept': '*/*', 'Connection': 'keep-alive', 'Content-Length': '15132'}
2023-09-06 02:18:43,758 ERROR   wandb-upload_0:48190 [internal_api.py:upload_file():2500] upload_file response body: 
2023-09-06 02:23:07,996 ERROR   wandb-upload_2:48190 [internal_api.py:upload_file():2496] upload_file exception https://storage.googleapis.com/wandb-artifacts-prod/wandb_artifacts/95199606/559997372/a37748b2bbe2fd6ee2a914aedbbdac1f?Expires=1694023569&GoogleAccessId=gorilla-files-url-signer-man%40wandb-production.iam.gserviceaccount.com&Signature=Zut2cFlBs0NhJuJeUPuCsOLgQfTm52ySSl1GS0wp5Bvs2cQ7Awu60aubGquRVDJ21j25UcE0TrY9TvUep2AdWmZ5xfW9%2B52oHPM2GLiJLFMfSHDnAIHkgz6%2FceI6NgW9TiAOC%2BBBDxyThFT4XQ599PfN7GczImtq5l9Ipr3eWtyfL0k%2BKQXJL%2FifWg60kvVRGat1wJ66RsDrMdn9BqkqoEwNBJdIGVivH4NZCmLk6tXCWAOzNYWAYbOroxvR0IEURUOmmisneZ%2BJzGybENrgStJnx7LYtHlQC9tPtDhRpdW01FuvvSRoqXAhu2sgdqX1VVhH8%2F%2F538DYDp5enWlxZw%3D%3D: ('Connection aborted.', ConnectionResetError(104, 'Connection reset by peer'))
2023-09-06 02:23:07,996 ERROR   wandb-upload_2:48190 [internal_api.py:upload_file():2498] upload_file request headers: {'User-Agent': 'python-requests/2.31.0', 'Accept-Encoding': 'gzip, deflate, br', 'Accept': '*/*', 'Connection': 'keep-alive', 'Content-MD5': 'o3dIsrvi/W7iqRSu272sHw==', 'Content-Type': 'application/json', 'Content-Length': '3078'}
2023-09-06 02:23:07,997 ERROR   wandb-upload_2:48190 [internal_api.py:upload_file():2500] upload_file response body: 
2023-09-06 02:24:07,800 ERROR   wandb-upload_0:48190 [internal_api.py:upload_file():2496] upload_file exception https://storage.googleapis.com/wandb-production.appspot.com/chenhaojun001/BitFlip_dqn_with_her/v74a2w8j/wandb-metadata.json?Expires=1694023455&GoogleAccessId=gorilla-files-url-signer-man%40wandb-production.iam.gserviceaccount.com&Signature=erbezeDOy0gUiGfnBVyoqFnyX9x6YljQCNvaq5lExfP8HzH25UGXmE24gSlcOUmFvblL6pCFJEw3dTbsnJkxZDTnoZRNVPIepqT4xfJU8Hb%2BKOeP9yce7%2F2wXMTKgYqacdgegU11WBIYF%2Bs3M7A7J%2BksxKFDa0FVFEu0%2BDE875cbOfGJVoW0sammoyPwbFvccn2hIbJRZm14WUlADckHvLjhK3KQLlmqNaYz%2FfBKx7Ji%2BsYRZoEotY3y2B21oy89Zy9VrLTB9ue5%2FMrZTeUQ1M29xkVZFEQNKhs67rsnrX1ENET0JX%2BA%2F%2F8qVAkHtkGRVn8Rpvnrdc%2BSSUdMDhl3tQ%3D%3D: ('Connection aborted.', ConnectionResetError(104, 'Connection reset by peer'))
2023-09-06 02:24:07,800 ERROR   wandb-upload_0:48190 [internal_api.py:upload_file():2498] upload_file request headers: {'User-Agent': 'python-requests/2.31.0', 'Accept-Encoding': 'gzip, deflate, br', 'Accept': '*/*', 'Connection': 'keep-alive', 'Content-Length': '15132'}
2023-09-06 02:24:07,800 ERROR   wandb-upload_0:48190 [internal_api.py:upload_file():2500] upload_file response body: 
2023-09-06 02:28:12,305 ERROR   wandb-upload_2:48190 [internal_api.py:upload_file():2496] upload_file exception https://storage.googleapis.com/wandb-artifacts-prod/wandb_artifacts/95199606/559997372/a37748b2bbe2fd6ee2a914aedbbdac1f?Expires=1694023569&GoogleAccessId=gorilla-files-url-signer-man%40wandb-production.iam.gserviceaccount.com&Signature=Zut2cFlBs0NhJuJeUPuCsOLgQfTm52ySSl1GS0wp5Bvs2cQ7Awu60aubGquRVDJ21j25UcE0TrY9TvUep2AdWmZ5xfW9%2B52oHPM2GLiJLFMfSHDnAIHkgz6%2FceI6NgW9TiAOC%2BBBDxyThFT4XQ599PfN7GczImtq5l9Ipr3eWtyfL0k%2BKQXJL%2FifWg60kvVRGat1wJ66RsDrMdn9BqkqoEwNBJdIGVivH4NZCmLk6tXCWAOzNYWAYbOroxvR0IEURUOmmisneZ%2BJzGybENrgStJnx7LYtHlQC9tPtDhRpdW01FuvvSRoqXAhu2sgdqX1VVhH8%2F%2F538DYDp5enWlxZw%3D%3D: ('Connection aborted.', ConnectionResetError(104, 'Connection reset by peer'))
2023-09-06 02:28:12,306 ERROR   wandb-upload_2:48190 [internal_api.py:upload_file():2498] upload_file request headers: {'User-Agent': 'python-requests/2.31.0', 'Accept-Encoding': 'gzip, deflate, br', 'Accept': '*/*', 'Connection': 'keep-alive', 'Content-MD5': 'o3dIsrvi/W7iqRSu272sHw==', 'Content-Type': 'application/json', 'Content-Length': '3078'}
2023-09-06 02:28:12,306 ERROR   wandb-upload_2:48190 [internal_api.py:upload_file():2500] upload_file response body: 
2023-09-06 02:29:54,587 ERROR   wandb-upload_0:48190 [internal_api.py:upload_file():2496] upload_file exception https://storage.googleapis.com/wandb-production.appspot.com/chenhaojun001/BitFlip_dqn_with_her/v74a2w8j/wandb-metadata.json?Expires=1694023455&GoogleAccessId=gorilla-files-url-signer-man%40wandb-production.iam.gserviceaccount.com&Signature=erbezeDOy0gUiGfnBVyoqFnyX9x6YljQCNvaq5lExfP8HzH25UGXmE24gSlcOUmFvblL6pCFJEw3dTbsnJkxZDTnoZRNVPIepqT4xfJU8Hb%2BKOeP9yce7%2F2wXMTKgYqacdgegU11WBIYF%2Bs3M7A7J%2BksxKFDa0FVFEu0%2BDE875cbOfGJVoW0sammoyPwbFvccn2hIbJRZm14WUlADckHvLjhK3KQLlmqNaYz%2FfBKx7Ji%2BsYRZoEotY3y2B21oy89Zy9VrLTB9ue5%2FMrZTeUQ1M29xkVZFEQNKhs67rsnrX1ENET0JX%2BA%2F%2F8qVAkHtkGRVn8Rpvnrdc%2BSSUdMDhl3tQ%3D%3D: ('Connection aborted.', ConnectionResetError(104, 'Connection reset by peer'))
2023-09-06 02:29:54,587 ERROR   wandb-upload_0:48190 [internal_api.py:upload_file():2498] upload_file request headers: {'User-Agent': 'python-requests/2.31.0', 'Accept-Encoding': 'gzip, deflate, br', 'Accept': '*/*', 'Connection': 'keep-alive', 'Content-Length': '15132'}
2023-09-06 02:29:54,587 ERROR   wandb-upload_0:48190 [internal_api.py:upload_file():2500] upload_file response body: 
