2023-09-07 01:38:41,864 INFO    StreamThr :161757 [internal.py:wandb_internal():86] W&B internal server running at pid: 161757, started at: 2023-09-07 01:38:41.863718
2023-09-07 01:38:41,867 DEBUG   HandlerThread:161757 [handler.py:handle_request():144] handle_request: status
2023-09-07 01:38:41,870 INFO    WriterThread:161757 [datastore.py:open_for_write():85] open: /root/BitFlip/DQNwithGOAL/outputs/2023-09-07/01-38-40/wandb/run-20230907_013841-w2e2xluc/run-w2e2xluc.wandb
2023-09-07 01:38:41,871 DEBUG   SenderThread:161757 [sender.py:send():379] send: header
2023-09-07 01:38:41,894 DEBUG   SenderThread:161757 [sender.py:send():379] send: run
2023-09-07 01:38:42,612 INFO    SenderThread:161757 [dir_watcher.py:__init__():211] watching files in: /root/BitFlip/DQNwithGOAL/outputs/2023-09-07/01-38-40/wandb/run-20230907_013841-w2e2xluc/files
2023-09-07 01:38:42,612 INFO    SenderThread:161757 [sender.py:_start_run_threads():1121] run started: w2e2xluc with start time 1694021921.864738
2023-09-07 01:38:42,620 DEBUG   SenderThread:161757 [sender.py:send_request():406] send_request: summary_record
2023-09-07 01:38:42,620 INFO    SenderThread:161757 [sender.py:_save_file():1375] saving file wandb-summary.json with policy end
2023-09-07 01:38:42,626 DEBUG   HandlerThread:161757 [handler.py:handle_request():144] handle_request: check_version
2023-09-07 01:38:42,626 DEBUG   SenderThread:161757 [sender.py:send_request():406] send_request: check_version
2023-09-07 01:38:43,045 DEBUG   HandlerThread:161757 [handler.py:handle_request():144] handle_request: run_start
2023-09-07 01:38:43,061 DEBUG   HandlerThread:161757 [system_info.py:__init__():31] System info init
2023-09-07 01:38:43,061 DEBUG   HandlerThread:161757 [system_info.py:__init__():46] System info init done
2023-09-07 01:38:43,061 INFO    HandlerThread:161757 [system_monitor.py:start():181] Starting system monitor
2023-09-07 01:38:43,062 INFO    SystemMonitor:161757 [system_monitor.py:_start():145] Starting system asset monitoring threads
2023-09-07 01:38:43,063 INFO    HandlerThread:161757 [system_monitor.py:probe():201] Collecting system info
2023-09-07 01:38:43,064 INFO    SystemMonitor:161757 [interfaces.py:start():190] Started cpu monitoring
2023-09-07 01:38:43,065 INFO    SystemMonitor:161757 [interfaces.py:start():190] Started disk monitoring
2023-09-07 01:38:43,066 INFO    SystemMonitor:161757 [interfaces.py:start():190] Started gpu monitoring
2023-09-07 01:38:43,070 INFO    SystemMonitor:161757 [interfaces.py:start():190] Started memory monitoring
2023-09-07 01:38:43,071 INFO    SystemMonitor:161757 [interfaces.py:start():190] Started network monitoring
2023-09-07 01:38:43,138 DEBUG   HandlerThread:161757 [system_info.py:probe():195] Probing system
2023-09-07 01:38:43,150 DEBUG   HandlerThread:161757 [system_info.py:_probe_git():180] Probing git
2023-09-07 01:38:43,170 DEBUG   HandlerThread:161757 [system_info.py:_probe_git():188] Probing git done
2023-09-07 01:38:43,170 DEBUG   HandlerThread:161757 [system_info.py:probe():240] Probing system done
2023-09-07 01:38:43,170 DEBUG   HandlerThread:161757 [system_monitor.py:probe():210] {'os': 'Linux-5.4.0-132-generic-x86_64-with-glibc2.35', 'python': '3.9.17', 'heartbeatAt': '2023-09-06T17:38:43.138950', 'startedAt': '2023-09-06T17:38:41.855484', 'docker': None, 'cuda': None, 'args': ('length=8', 'epsilon=0.9', 'delta_epsilon=1e-5', 'target_update=50', 'use_wandb=true', 'reward_success=0', 'reward_fail=-1', 'exp_name=dqn_g_0_-1_8bits'), 'state': 'running', 'program': '/root/BitFlip/DQNwithGOAL/main.py', 'codePath': 'DQNwithGOAL/main.py', 'git': {'remote': 'git@github.com:chjchjchjchjchj/BitFlip.git', 'commit': '9b206e2fe233ae059e46287a86a690b023553a9a'}, 'email': 'chjchjchjchjchj2001@gmail.com', 'root': '/root/BitFlip', 'host': 'autodl-container-b06911993c-7c1fab7a', 'username': 'root', 'executable': '/root/miniconda3/envs/ling/bin/python', 'cpu_count': 64, 'cpu_count_logical': 128, 'cpu_freq': {'current': 1275.3396406250001, 'min': 800.0, 'max': 3500.0}, 'cpu_freq_per_core': [{'current': 1001.857, 'min': 800.0, 'max': 3500.0}, {'current': 1141.65, 'min': 800.0, 'max': 3500.0}, {'current': 799.945, 'min': 800.0, 'max': 3500.0}, {'current': 1157.933, 'min': 800.0, 'max': 3500.0}, {'current': 892.593, 'min': 800.0, 'max': 3500.0}, {'current': 848.024, 'min': 800.0, 'max': 3500.0}, {'current': 799.415, 'min': 800.0, 'max': 3500.0}, {'current': 800.0, 'min': 800.0, 'max': 3500.0}, {'current': 866.154, 'min': 800.0, 'max': 3500.0}, {'current': 801.24, 'min': 800.0, 'max': 3500.0}, {'current': 3210.594, 'min': 800.0, 'max': 3500.0}, {'current': 845.995, 'min': 800.0, 'max': 3500.0}, {'current': 817.492, 'min': 800.0, 'max': 3500.0}, {'current': 887.175, 'min': 800.0, 'max': 3500.0}, {'current': 801.265, 'min': 800.0, 'max': 3500.0}, {'current': 897.765, 'min': 800.0, 'max': 3500.0}, {'current': 1714.645, 'min': 800.0, 'max': 3500.0}, {'current': 2596.893, 'min': 800.0, 'max': 3500.0}, {'current': 861.47, 'min': 800.0, 'max': 3500.0}, {'current': 800.158, 'min': 800.0, 'max': 3500.0}, {'current': 866.743, 'min': 800.0, 'max': 3500.0}, {'current': 827.835, 'min': 800.0, 'max': 3500.0}, {'current': 800.0, 'min': 800.0, 'max': 3500.0}, {'current': 801.008, 'min': 800.0, 'max': 3500.0}, {'current': 900.0, 'min': 800.0, 'max': 3500.0}, {'current': 911.483, 'min': 800.0, 'max': 3500.0}, {'current': 1832.616, 'min': 800.0, 'max': 3500.0}, {'current': 800.773, 'min': 800.0, 'max': 3500.0}, {'current': 800.975, 'min': 800.0, 'max': 3500.0}, {'current': 2379.975, 'min': 800.0, 'max': 3500.0}, {'current': 1987.426, 'min': 800.0, 'max': 3500.0}, {'current': 800.619, 'min': 800.0, 'max': 3500.0}, {'current': 2097.303, 'min': 800.0, 'max': 3500.0}, {'current': 800.859, 'min': 800.0, 'max': 3500.0}, {'current': 857.127, 'min': 800.0, 'max': 3500.0}, {'current': 800.448, 'min': 800.0, 'max': 3500.0}, {'current': 801.329, 'min': 800.0, 'max': 3500.0}, {'current': 2584.297, 'min': 800.0, 'max': 3500.0}, {'current': 800.889, 'min': 800.0, 'max': 3500.0}, {'current': 801.352, 'min': 800.0, 'max': 3500.0}, {'current': 1415.505, 'min': 800.0, 'max': 3500.0}, {'current': 802.427, 'min': 800.0, 'max': 3500.0}, {'current': 1787.922, 'min': 800.0, 'max': 3500.0}, {'current': 1140.54, 'min': 800.0, 'max': 3500.0}, {'current': 800.277, 'min': 800.0, 'max': 3500.0}, {'current': 2384.47, 'min': 800.0, 'max': 3500.0}, {'current': 800.873, 'min': 800.0, 'max': 3500.0}, {'current': 1039.29, 'min': 800.0, 'max': 3500.0}, {'current': 1590.303, 'min': 800.0, 'max': 3500.0}, {'current': 800.855, 'min': 800.0, 'max': 3500.0}, {'current': 1540.364, 'min': 800.0, 'max': 3500.0}, {'current': 869.235, 'min': 800.0, 'max': 3500.0}, {'current': 2180.14, 'min': 800.0, 'max': 3500.0}, {'current': 1264.756, 'min': 800.0, 'max': 3500.0}, {'current': 849.693, 'min': 800.0, 'max': 3500.0}, {'current': 800.893, 'min': 800.0, 'max': 3500.0}, {'current': 2430.964, 'min': 800.0, 'max': 3500.0}, {'current': 884.169, 'min': 800.0, 'max': 3500.0}, {'current': 800.126, 'min': 800.0, 'max': 3500.0}, {'current': 889.176, 'min': 800.0, 'max': 3500.0}, {'current': 821.781, 'min': 800.0, 'max': 3500.0}, {'current': 901.131, 'min': 800.0, 'max': 3500.0}, {'current': 1020.822, 'min': 800.0, 'max': 3500.0}, {'current': 2600.0, 'min': 800.0, 'max': 3500.0}, {'current': 1100.0, 'min': 800.0, 'max': 3500.0}, {'current': 812.541, 'min': 800.0, 'max': 3500.0}, {'current': 800.094, 'min': 800.0, 'max': 3500.0}, {'current': 813.934, 'min': 800.0, 'max': 3500.0}, {'current': 900.0, 'min': 800.0, 'max': 3500.0}, {'current': 800.0, 'min': 800.0, 'max': 3500.0}, {'current': 1073.608, 'min': 800.0, 'max': 3500.0}, {'current': 798.961, 'min': 800.0, 'max': 3500.0}, {'current': 900.861, 'min': 800.0, 'max': 3500.0}, {'current': 801.355, 'min': 800.0, 'max': 3500.0}, {'current': 3120.263, 'min': 800.0, 'max': 3500.0}, {'current': 798.93, 'min': 800.0, 'max': 3500.0}, {'current': 1549.769, 'min': 800.0, 'max': 3500.0}, {'current': 808.08, 'min': 800.0, 'max': 3500.0}, {'current': 801.042, 'min': 800.0, 'max': 3500.0}, {'current': 826.208, 'min': 800.0, 'max': 3500.0}, {'current': 1628.667, 'min': 800.0, 'max': 3500.0}, {'current': 2594.425, 'min': 800.0, 'max': 3500.0}, {'current': 852.483, 'min': 800.0, 'max': 3500.0}, {'current': 799.672, 'min': 800.0, 'max': 3500.0}, {'current': 800.794, 'min': 800.0, 'max': 3500.0}, {'current': 800.684, 'min': 800.0, 'max': 3500.0}, {'current': 951.893, 'min': 800.0, 'max': 3500.0}, {'current': 801.022, 'min': 800.0, 'max': 3500.0}, {'current': 872.655, 'min': 800.0, 'max': 3500.0}, {'current': 833.533, 'min': 800.0, 'max': 3500.0}, {'current': 800.283, 'min': 800.0, 'max': 3500.0}, {'current': 801.648, 'min': 800.0, 'max': 3500.0}, {'current': 800.818, 'min': 800.0, 'max': 3500.0}, {'current': 1440.0, 'min': 800.0, 'max': 3500.0}, {'current': 2561.547, 'min': 800.0, 'max': 3500.0}, {'current': 1010.029, 'min': 800.0, 'max': 3500.0}, {'current': 2413.308, 'min': 800.0, 'max': 3500.0}, {'current': 800.186, 'min': 800.0, 'max': 3500.0}, {'current': 855.748, 'min': 800.0, 'max': 3500.0}, {'current': 800.449, 'min': 800.0, 'max': 3500.0}, {'current': 800.446, 'min': 800.0, 'max': 3500.0}, {'current': 2488.489, 'min': 800.0, 'max': 3500.0}, {'current': 800.439, 'min': 800.0, 'max': 3500.0}, {'current': 798.715, 'min': 800.0, 'max': 3500.0}, {'current': 801.32, 'min': 800.0, 'max': 3500.0}, {'current': 800.89, 'min': 800.0, 'max': 3500.0}, {'current': 1695.282, 'min': 800.0, 'max': 3500.0}, {'current': 1587.279, 'min': 800.0, 'max': 3500.0}, {'current': 801.388, 'min': 800.0, 'max': 3500.0}, {'current': 2517.751, 'min': 800.0, 'max': 3500.0}, {'current': 800.913, 'min': 800.0, 'max': 3500.0}, {'current': 800.891, 'min': 800.0, 'max': 3500.0}, {'current': 1605.431, 'min': 800.0, 'max': 3500.0}, {'current': 1647.277, 'min': 800.0, 'max': 3500.0}, {'current': 1588.396, 'min': 800.0, 'max': 3500.0}, {'current': 891.736, 'min': 800.0, 'max': 3500.0}, {'current': 2271.905, 'min': 800.0, 'max': 3500.0}, {'current': 1884.866, 'min': 800.0, 'max': 3500.0}, {'current': 829.333, 'min': 800.0, 'max': 3500.0}, {'current': 800.291, 'min': 800.0, 'max': 3500.0}, {'current': 2434.533, 'min': 800.0, 'max': 3500.0}, {'current': 801.396, 'min': 800.0, 'max': 3500.0}, {'current': 800.907, 'min': 800.0, 'max': 3500.0}, {'current': 856.343, 'min': 800.0, 'max': 3500.0}, {'current': 800.0, 'min': 800.0, 'max': 3500.0}, {'current': 877.47, 'min': 800.0, 'max': 3500.0}, {'current': 864.222, 'min': 800.0, 'max': 3500.0}, {'current': 2602.985, 'min': 800.0, 'max': 3500.0}], 'disk': {'total': 30.0, 'used': 11.522270202636719}, 'gpu': 'NVIDIA GeForce RTX 3090', 'gpu_count': 4, 'gpu_devices': [{'name': 'NVIDIA GeForce RTX 3090', 'memory_total': 25769803776}, {'name': 'NVIDIA GeForce RTX 3090', 'memory_total': 25769803776}, {'name': 'NVIDIA GeForce RTX 3090', 'memory_total': 25769803776}, {'name': 'NVIDIA GeForce RTX 3090', 'memory_total': 25769803776}], 'memory': {'total': 377.53807830810547}}
2023-09-07 01:38:43,170 INFO    HandlerThread:161757 [system_monitor.py:probe():211] Finished collecting system info
2023-09-07 01:38:43,170 INFO    HandlerThread:161757 [system_monitor.py:probe():214] Publishing system info
2023-09-07 01:38:43,170 DEBUG   HandlerThread:161757 [system_info.py:_save_pip():51] Saving list of pip packages installed into the current environment
2023-09-07 01:38:43,171 DEBUG   HandlerThread:161757 [system_info.py:_save_pip():67] Saving pip packages done
2023-09-07 01:38:43,171 DEBUG   HandlerThread:161757 [system_info.py:_save_conda():74] Saving list of conda packages installed into the current environment
2023-09-07 01:38:43,177 ERROR   HandlerThread:161757 [system_info.py:_save_conda():85] Error saving conda packages: [Errno 2] No such file or directory: 'conda'
Traceback (most recent call last):
  File "/root/miniconda3/envs/ling/lib/python3.9/site-packages/wandb/sdk/internal/system/system_info.py", line 81, in _save_conda
    subprocess.call(
  File "/root/miniconda3/envs/ling/lib/python3.9/subprocess.py", line 349, in call
    with Popen(*popenargs, **kwargs) as p:
  File "/root/miniconda3/envs/ling/lib/python3.9/subprocess.py", line 951, in __init__
    self._execute_child(args, executable, preexec_fn, close_fds,
  File "/root/miniconda3/envs/ling/lib/python3.9/subprocess.py", line 1837, in _execute_child
    raise child_exception_type(errno_num, err_msg, err_filename)
FileNotFoundError: [Errno 2] No such file or directory: 'conda'
2023-09-07 01:38:43,178 DEBUG   HandlerThread:161757 [system_info.py:_save_conda():86] Saving conda packages done
2023-09-07 01:38:43,179 INFO    HandlerThread:161757 [system_monitor.py:probe():216] Finished publishing system info
2023-09-07 01:38:43,185 DEBUG   SenderThread:161757 [sender.py:send():379] send: files
2023-09-07 01:38:43,186 INFO    SenderThread:161757 [sender.py:_save_file():1375] saving file wandb-metadata.json with policy now
2023-09-07 01:38:43,197 DEBUG   HandlerThread:161757 [handler.py:handle_request():144] handle_request: stop_status
2023-09-07 01:38:43,198 DEBUG   SenderThread:161757 [sender.py:send_request():406] send_request: stop_status
2023-09-07 01:38:43,619 INFO    Thread-12 :161757 [dir_watcher.py:_on_file_created():271] file/dir created: /root/BitFlip/DQNwithGOAL/outputs/2023-09-07/01-38-40/wandb/run-20230907_013841-w2e2xluc/files/wandb-metadata.json
2023-09-07 01:38:43,619 INFO    Thread-12 :161757 [dir_watcher.py:_on_file_created():271] file/dir created: /root/BitFlip/DQNwithGOAL/outputs/2023-09-07/01-38-40/wandb/run-20230907_013841-w2e2xluc/files/conda-environment.yaml
2023-09-07 01:38:43,619 INFO    Thread-12 :161757 [dir_watcher.py:_on_file_created():271] file/dir created: /root/BitFlip/DQNwithGOAL/outputs/2023-09-07/01-38-40/wandb/run-20230907_013841-w2e2xluc/files/requirements.txt
2023-09-07 01:38:43,619 INFO    Thread-12 :161757 [dir_watcher.py:_on_file_created():271] file/dir created: /root/BitFlip/DQNwithGOAL/outputs/2023-09-07/01-38-40/wandb/run-20230907_013841-w2e2xluc/files/wandb-summary.json
2023-09-07 01:38:43,667 DEBUG   SenderThread:161757 [sender.py:send():379] send: telemetry
2023-09-07 01:38:43,807 ERROR   wandb-upload_0:161757 [internal_api.py:upload_file():2496] upload_file exception https://storage.googleapis.com/wandb-production.appspot.com/chenhaojun001/BitFlip/w2e2xluc/wandb-metadata.json?Expires=1694108323&GoogleAccessId=gorilla-files-url-signer-man%40wandb-production.iam.gserviceaccount.com&Signature=tUHWr747Rlob8G4Y66LxBo59VQ9Dc%2FXN4ghuSsiG8LSXs3y84gX0nGSZYUz2tG%2FgwKj0Ew1eXbIcOSTZwizpRaB8pdaMZ05Y4sP0guxZlCfFbaTE3sxdkeLPNDNerEurRrNuwYJ5oZuF2h24lLkjP0e%2Fh6BrNf%2BfCSF76WZ3YuXeanQTlFADS%2BqM5tCiz2DlIaHlTSDwCQZSypQVsQeFcnvGz%2BaOXaqbVeNTy835PbBBXA0AhWeH5xBg3EmLOW2wbvClBk%2Bdsl3B8eayvh0Nxcvp2v5XqfIj7nUcip6TbUP4A8XKd1WoEw7JwoCUF7BFSV9CY9EnpLpMAeWNJKXGkQ%3D%3D: ('Connection aborted.', ConnectionResetError(104, 'Connection reset by peer'))
2023-09-07 01:38:43,808 ERROR   wandb-upload_0:161757 [internal_api.py:upload_file():2498] upload_file request headers: {'User-Agent': 'python-requests/2.31.0', 'Accept-Encoding': 'gzip, deflate, br', 'Accept': '*/*', 'Connection': 'keep-alive', 'Content-Length': '15229'}
2023-09-07 01:38:43,808 ERROR   wandb-upload_0:161757 [internal_api.py:upload_file():2500] upload_file response body: 
2023-09-07 01:38:44,614 INFO    Thread-12 :161757 [dir_watcher.py:_on_file_created():271] file/dir created: /root/BitFlip/DQNwithGOAL/outputs/2023-09-07/01-38-40/wandb/run-20230907_013841-w2e2xluc/files/output.log
2023-09-07 01:38:45,604 DEBUG   HandlerThread:161757 [handler.py:handle_request():144] handle_request: partial_history
2023-09-07 01:38:45,609 DEBUG   SenderThread:161757 [sender.py:send():379] send: history
2023-09-07 01:38:45,610 DEBUG   SenderThread:161757 [sender.py:send_request():406] send_request: summary_record
2023-09-07 01:38:45,611 INFO    SenderThread:161757 [sender.py:_save_file():1375] saving file wandb-summary.json with policy end
2023-09-07 01:38:45,614 INFO    Thread-12 :161757 [dir_watcher.py:_on_file_modified():288] file/dir modified: /root/BitFlip/DQNwithGOAL/outputs/2023-09-07/01-38-40/wandb/run-20230907_013841-w2e2xluc/files/wandb-summary.json
2023-09-07 01:38:46,615 INFO    Thread-12 :161757 [dir_watcher.py:_on_file_modified():288] file/dir modified: /root/BitFlip/DQNwithGOAL/outputs/2023-09-07/01-38-40/wandb/run-20230907_013841-w2e2xluc/files/output.log
2023-09-07 01:38:46,983 DEBUG   HandlerThread:161757 [handler.py:handle_request():144] handle_request: status_report
2023-09-07 01:38:47,616 INFO    Thread-12 :161757 [dir_watcher.py:_on_file_modified():288] file/dir modified: /root/BitFlip/DQNwithGOAL/outputs/2023-09-07/01-38-40/wandb/run-20230907_013841-w2e2xluc/files/output.log
2023-09-07 01:38:48,616 INFO    Thread-12 :161757 [dir_watcher.py:_on_file_modified():288] file/dir modified: /root/BitFlip/DQNwithGOAL/outputs/2023-09-07/01-38-40/wandb/run-20230907_013841-w2e2xluc/files/output.log
2023-09-07 01:38:50,617 INFO    Thread-12 :161757 [dir_watcher.py:_on_file_modified():288] file/dir modified: /root/BitFlip/DQNwithGOAL/outputs/2023-09-07/01-38-40/wandb/run-20230907_013841-w2e2xluc/files/output.log
2023-09-07 01:38:52,000 DEBUG   HandlerThread:161757 [handler.py:handle_request():144] handle_request: status_report
2023-09-07 01:38:52,619 INFO    Thread-12 :161757 [dir_watcher.py:_on_file_modified():288] file/dir modified: /root/BitFlip/DQNwithGOAL/outputs/2023-09-07/01-38-40/wandb/run-20230907_013841-w2e2xluc/files/output.log
2023-09-07 01:38:54,620 INFO    Thread-12 :161757 [dir_watcher.py:_on_file_modified():288] file/dir modified: /root/BitFlip/DQNwithGOAL/outputs/2023-09-07/01-38-40/wandb/run-20230907_013841-w2e2xluc/files/output.log
2023-09-07 01:38:56,622 INFO    Thread-12 :161757 [dir_watcher.py:_on_file_modified():288] file/dir modified: /root/BitFlip/DQNwithGOAL/outputs/2023-09-07/01-38-40/wandb/run-20230907_013841-w2e2xluc/files/output.log
2023-09-07 01:38:57,017 DEBUG   HandlerThread:161757 [handler.py:handle_request():144] handle_request: status_report
2023-09-07 01:38:58,196 DEBUG   HandlerThread:161757 [handler.py:handle_request():144] handle_request: stop_status
2023-09-07 01:38:58,197 DEBUG   SenderThread:161757 [sender.py:send_request():406] send_request: stop_status
2023-09-07 01:38:58,623 INFO    Thread-12 :161757 [dir_watcher.py:_on_file_modified():288] file/dir modified: /root/BitFlip/DQNwithGOAL/outputs/2023-09-07/01-38-40/wandb/run-20230907_013841-w2e2xluc/files/output.log
2023-09-07 01:38:59,403 DEBUG   HandlerThread:161757 [handler.py:handle_request():144] handle_request: partial_history
2023-09-07 01:38:59,406 DEBUG   SenderThread:161757 [sender.py:send():379] send: history
2023-09-07 01:38:59,406 DEBUG   SenderThread:161757 [sender.py:send_request():406] send_request: summary_record
2023-09-07 01:38:59,408 INFO    SenderThread:161757 [sender.py:_save_file():1375] saving file wandb-summary.json with policy end
2023-09-07 01:38:59,624 INFO    Thread-12 :161757 [dir_watcher.py:_on_file_modified():288] file/dir modified: /root/BitFlip/DQNwithGOAL/outputs/2023-09-07/01-38-40/wandb/run-20230907_013841-w2e2xluc/files/wandb-summary.json
2023-09-07 01:39:00,624 INFO    Thread-12 :161757 [dir_watcher.py:_on_file_modified():288] file/dir modified: /root/BitFlip/DQNwithGOAL/outputs/2023-09-07/01-38-40/wandb/run-20230907_013841-w2e2xluc/files/output.log
2023-09-07 01:39:02,107 DEBUG   HandlerThread:161757 [handler.py:handle_request():144] handle_request: status_report
2023-09-07 01:39:02,626 INFO    Thread-12 :161757 [dir_watcher.py:_on_file_modified():288] file/dir modified: /root/BitFlip/DQNwithGOAL/outputs/2023-09-07/01-38-40/wandb/run-20230907_013841-w2e2xluc/files/output.log
2023-09-07 01:39:04,627 INFO    Thread-12 :161757 [dir_watcher.py:_on_file_modified():288] file/dir modified: /root/BitFlip/DQNwithGOAL/outputs/2023-09-07/01-38-40/wandb/run-20230907_013841-w2e2xluc/files/output.log
2023-09-07 01:39:06,628 INFO    Thread-12 :161757 [dir_watcher.py:_on_file_modified():288] file/dir modified: /root/BitFlip/DQNwithGOAL/outputs/2023-09-07/01-38-40/wandb/run-20230907_013841-w2e2xluc/files/output.log
2023-09-07 01:39:07,172 DEBUG   HandlerThread:161757 [handler.py:handle_request():144] handle_request: status_report
2023-09-07 01:39:08,629 INFO    Thread-12 :161757 [dir_watcher.py:_on_file_modified():288] file/dir modified: /root/BitFlip/DQNwithGOAL/outputs/2023-09-07/01-38-40/wandb/run-20230907_013841-w2e2xluc/files/output.log
2023-09-07 01:39:10,630 INFO    Thread-12 :161757 [dir_watcher.py:_on_file_modified():288] file/dir modified: /root/BitFlip/DQNwithGOAL/outputs/2023-09-07/01-38-40/wandb/run-20230907_013841-w2e2xluc/files/output.log
2023-09-07 01:39:12,179 DEBUG   HandlerThread:161757 [handler.py:handle_request():144] handle_request: status_report
2023-09-07 01:39:12,632 INFO    Thread-12 :161757 [dir_watcher.py:_on_file_modified():288] file/dir modified: /root/BitFlip/DQNwithGOAL/outputs/2023-09-07/01-38-40/wandb/run-20230907_013841-w2e2xluc/files/config.yaml
2023-09-07 01:39:12,633 INFO    Thread-12 :161757 [dir_watcher.py:_on_file_modified():288] file/dir modified: /root/BitFlip/DQNwithGOAL/outputs/2023-09-07/01-38-40/wandb/run-20230907_013841-w2e2xluc/files/output.log
2023-09-07 01:39:13,196 DEBUG   HandlerThread:161757 [handler.py:handle_request():144] handle_request: stop_status
2023-09-07 01:39:13,197 DEBUG   SenderThread:161757 [sender.py:send_request():406] send_request: stop_status
2023-09-07 01:39:13,884 DEBUG   HandlerThread:161757 [handler.py:handle_request():144] handle_request: partial_history
2023-09-07 01:39:13,887 DEBUG   SenderThread:161757 [sender.py:send():379] send: history
2023-09-07 01:39:13,887 DEBUG   SenderThread:161757 [sender.py:send_request():406] send_request: summary_record
2023-09-07 01:39:13,889 INFO    SenderThread:161757 [sender.py:_save_file():1375] saving file wandb-summary.json with policy end
2023-09-07 01:39:14,633 INFO    Thread-12 :161757 [dir_watcher.py:_on_file_modified():288] file/dir modified: /root/BitFlip/DQNwithGOAL/outputs/2023-09-07/01-38-40/wandb/run-20230907_013841-w2e2xluc/files/wandb-summary.json
2023-09-07 01:39:14,633 INFO    Thread-12 :161757 [dir_watcher.py:_on_file_modified():288] file/dir modified: /root/BitFlip/DQNwithGOAL/outputs/2023-09-07/01-38-40/wandb/run-20230907_013841-w2e2xluc/files/output.log
2023-09-07 01:39:16,634 INFO    Thread-12 :161757 [dir_watcher.py:_on_file_modified():288] file/dir modified: /root/BitFlip/DQNwithGOAL/outputs/2023-09-07/01-38-40/wandb/run-20230907_013841-w2e2xluc/files/output.log
2023-09-07 01:39:17,664 DEBUG   HandlerThread:161757 [handler.py:handle_request():144] handle_request: status_report
2023-09-07 01:39:18,635 INFO    Thread-12 :161757 [dir_watcher.py:_on_file_modified():288] file/dir modified: /root/BitFlip/DQNwithGOAL/outputs/2023-09-07/01-38-40/wandb/run-20230907_013841-w2e2xluc/files/output.log
2023-09-07 01:39:20,636 INFO    Thread-12 :161757 [dir_watcher.py:_on_file_modified():288] file/dir modified: /root/BitFlip/DQNwithGOAL/outputs/2023-09-07/01-38-40/wandb/run-20230907_013841-w2e2xluc/files/output.log
2023-09-07 01:39:22,637 INFO    Thread-12 :161757 [dir_watcher.py:_on_file_modified():288] file/dir modified: /root/BitFlip/DQNwithGOAL/outputs/2023-09-07/01-38-40/wandb/run-20230907_013841-w2e2xluc/files/output.log
2023-09-07 01:39:22,669 DEBUG   HandlerThread:161757 [handler.py:handle_request():144] handle_request: status_report
2023-09-07 01:39:24,638 INFO    Thread-12 :161757 [dir_watcher.py:_on_file_modified():288] file/dir modified: /root/BitFlip/DQNwithGOAL/outputs/2023-09-07/01-38-40/wandb/run-20230907_013841-w2e2xluc/files/output.log
2023-09-07 01:39:26,639 INFO    Thread-12 :161757 [dir_watcher.py:_on_file_modified():288] file/dir modified: /root/BitFlip/DQNwithGOAL/outputs/2023-09-07/01-38-40/wandb/run-20230907_013841-w2e2xluc/files/output.log
2023-09-07 01:39:27,673 DEBUG   HandlerThread:161757 [handler.py:handle_request():144] handle_request: status_report
2023-09-07 01:39:27,967 DEBUG   HandlerThread:161757 [handler.py:handle_request():144] handle_request: partial_history
2023-09-07 01:39:27,969 DEBUG   SenderThread:161757 [sender.py:send():379] send: history
2023-09-07 01:39:27,970 DEBUG   SenderThread:161757 [sender.py:send_request():406] send_request: summary_record
2023-09-07 01:39:27,971 INFO    SenderThread:161757 [sender.py:_save_file():1375] saving file wandb-summary.json with policy end
2023-09-07 01:39:28,196 DEBUG   HandlerThread:161757 [handler.py:handle_request():144] handle_request: stop_status
2023-09-07 01:39:28,198 DEBUG   SenderThread:161757 [sender.py:send_request():406] send_request: stop_status
2023-09-07 01:39:28,640 INFO    Thread-12 :161757 [dir_watcher.py:_on_file_modified():288] file/dir modified: /root/BitFlip/DQNwithGOAL/outputs/2023-09-07/01-38-40/wandb/run-20230907_013841-w2e2xluc/files/wandb-summary.json
2023-09-07 01:39:28,640 INFO    Thread-12 :161757 [dir_watcher.py:_on_file_modified():288] file/dir modified: /root/BitFlip/DQNwithGOAL/outputs/2023-09-07/01-38-40/wandb/run-20230907_013841-w2e2xluc/files/output.log
2023-09-07 01:39:30,641 INFO    Thread-12 :161757 [dir_watcher.py:_on_file_modified():288] file/dir modified: /root/BitFlip/DQNwithGOAL/outputs/2023-09-07/01-38-40/wandb/run-20230907_013841-w2e2xluc/files/output.log
2023-09-07 01:39:32,642 INFO    Thread-12 :161757 [dir_watcher.py:_on_file_modified():288] file/dir modified: /root/BitFlip/DQNwithGOAL/outputs/2023-09-07/01-38-40/wandb/run-20230907_013841-w2e2xluc/files/output.log
2023-09-07 01:39:32,786 DEBUG   HandlerThread:161757 [handler.py:handle_request():144] handle_request: status_report
2023-09-07 01:39:34,643 INFO    Thread-12 :161757 [dir_watcher.py:_on_file_modified():288] file/dir modified: /root/BitFlip/DQNwithGOAL/outputs/2023-09-07/01-38-40/wandb/run-20230907_013841-w2e2xluc/files/output.log
2023-09-07 01:39:36,644 INFO    Thread-12 :161757 [dir_watcher.py:_on_file_modified():288] file/dir modified: /root/BitFlip/DQNwithGOAL/outputs/2023-09-07/01-38-40/wandb/run-20230907_013841-w2e2xluc/files/output.log
2023-09-07 01:39:37,810 DEBUG   HandlerThread:161757 [handler.py:handle_request():144] handle_request: status_report
2023-09-07 01:39:38,646 INFO    Thread-12 :161757 [dir_watcher.py:_on_file_modified():288] file/dir modified: /root/BitFlip/DQNwithGOAL/outputs/2023-09-07/01-38-40/wandb/run-20230907_013841-w2e2xluc/files/output.log
2023-09-07 01:39:40,647 INFO    Thread-12 :161757 [dir_watcher.py:_on_file_modified():288] file/dir modified: /root/BitFlip/DQNwithGOAL/outputs/2023-09-07/01-38-40/wandb/run-20230907_013841-w2e2xluc/files/output.log
2023-09-07 01:39:42,648 INFO    Thread-12 :161757 [dir_watcher.py:_on_file_modified():288] file/dir modified: /root/BitFlip/DQNwithGOAL/outputs/2023-09-07/01-38-40/wandb/run-20230907_013841-w2e2xluc/files/output.log
2023-09-07 01:39:42,879 DEBUG   HandlerThread:161757 [handler.py:handle_request():144] handle_request: status_report
2023-09-07 01:39:42,916 DEBUG   HandlerThread:161757 [handler.py:handle_request():144] handle_request: partial_history
2023-09-07 01:39:42,918 DEBUG   SenderThread:161757 [sender.py:send():379] send: history
2023-09-07 01:39:42,919 DEBUG   SenderThread:161757 [sender.py:send_request():406] send_request: summary_record
2023-09-07 01:39:42,920 INFO    SenderThread:161757 [sender.py:_save_file():1375] saving file wandb-summary.json with policy end
2023-09-07 01:39:43,071 DEBUG   SystemMonitor:161757 [system_monitor.py:_start():159] Starting system metrics aggregation loop
2023-09-07 01:39:43,075 DEBUG   SenderThread:161757 [sender.py:send():379] send: stats
2023-09-07 01:39:43,196 DEBUG   HandlerThread:161757 [handler.py:handle_request():144] handle_request: stop_status
2023-09-07 01:39:43,198 DEBUG   SenderThread:161757 [sender.py:send_request():406] send_request: stop_status
2023-09-07 01:39:43,649 INFO    Thread-12 :161757 [dir_watcher.py:_on_file_modified():288] file/dir modified: /root/BitFlip/DQNwithGOAL/outputs/2023-09-07/01-38-40/wandb/run-20230907_013841-w2e2xluc/files/wandb-summary.json
2023-09-07 01:39:44,650 INFO    Thread-12 :161757 [dir_watcher.py:_on_file_modified():288] file/dir modified: /root/BitFlip/DQNwithGOAL/outputs/2023-09-07/01-38-40/wandb/run-20230907_013841-w2e2xluc/files/output.log
2023-09-07 01:39:46,650 INFO    Thread-12 :161757 [dir_watcher.py:_on_file_modified():288] file/dir modified: /root/BitFlip/DQNwithGOAL/outputs/2023-09-07/01-38-40/wandb/run-20230907_013841-w2e2xluc/files/output.log
2023-09-07 01:39:47,985 DEBUG   HandlerThread:161757 [handler.py:handle_request():144] handle_request: status_report
2023-09-07 01:39:48,651 INFO    Thread-12 :161757 [dir_watcher.py:_on_file_modified():288] file/dir modified: /root/BitFlip/DQNwithGOAL/outputs/2023-09-07/01-38-40/wandb/run-20230907_013841-w2e2xluc/files/output.log
2023-09-07 01:39:50,653 INFO    Thread-12 :161757 [dir_watcher.py:_on_file_modified():288] file/dir modified: /root/BitFlip/DQNwithGOAL/outputs/2023-09-07/01-38-40/wandb/run-20230907_013841-w2e2xluc/files/output.log
2023-09-07 01:39:52,655 INFO    Thread-12 :161757 [dir_watcher.py:_on_file_modified():288] file/dir modified: /root/BitFlip/DQNwithGOAL/outputs/2023-09-07/01-38-40/wandb/run-20230907_013841-w2e2xluc/files/output.log
2023-09-07 01:39:53,029 DEBUG   HandlerThread:161757 [handler.py:handle_request():144] handle_request: status_report
2023-09-07 01:39:54,656 INFO    Thread-12 :161757 [dir_watcher.py:_on_file_modified():288] file/dir modified: /root/BitFlip/DQNwithGOAL/outputs/2023-09-07/01-38-40/wandb/run-20230907_013841-w2e2xluc/files/output.log
2023-09-07 01:39:56,657 INFO    Thread-12 :161757 [dir_watcher.py:_on_file_modified():288] file/dir modified: /root/BitFlip/DQNwithGOAL/outputs/2023-09-07/01-38-40/wandb/run-20230907_013841-w2e2xluc/files/output.log
2023-09-07 01:39:57,297 DEBUG   HandlerThread:161757 [handler.py:handle_request():144] handle_request: partial_history
2023-09-07 01:39:57,299 DEBUG   SenderThread:161757 [sender.py:send():379] send: history
2023-09-07 01:39:57,300 DEBUG   SenderThread:161757 [sender.py:send_request():406] send_request: summary_record
2023-09-07 01:39:57,301 INFO    SenderThread:161757 [sender.py:_save_file():1375] saving file wandb-summary.json with policy end
2023-09-07 01:39:57,662 INFO    Thread-12 :161757 [dir_watcher.py:_on_file_modified():288] file/dir modified: /root/BitFlip/DQNwithGOAL/outputs/2023-09-07/01-38-40/wandb/run-20230907_013841-w2e2xluc/files/wandb-summary.json
2023-09-07 01:39:58,141 DEBUG   HandlerThread:161757 [handler.py:handle_request():144] handle_request: status_report
2023-09-07 01:39:58,196 DEBUG   HandlerThread:161757 [handler.py:handle_request():144] handle_request: stop_status
2023-09-07 01:39:58,198 DEBUG   SenderThread:161757 [sender.py:send_request():406] send_request: stop_status
2023-09-07 01:39:58,658 INFO    Thread-12 :161757 [dir_watcher.py:_on_file_modified():288] file/dir modified: /root/BitFlip/DQNwithGOAL/outputs/2023-09-07/01-38-40/wandb/run-20230907_013841-w2e2xluc/files/output.log
2023-09-07 01:40:00,659 INFO    Thread-12 :161757 [dir_watcher.py:_on_file_modified():288] file/dir modified: /root/BitFlip/DQNwithGOAL/outputs/2023-09-07/01-38-40/wandb/run-20230907_013841-w2e2xluc/files/output.log
2023-09-07 01:40:02,661 INFO    Thread-12 :161757 [dir_watcher.py:_on_file_modified():288] file/dir modified: /root/BitFlip/DQNwithGOAL/outputs/2023-09-07/01-38-40/wandb/run-20230907_013841-w2e2xluc/files/output.log
2023-09-07 01:40:03,219 DEBUG   HandlerThread:161757 [handler.py:handle_request():144] handle_request: status_report
2023-09-07 01:40:04,662 INFO    Thread-12 :161757 [dir_watcher.py:_on_file_modified():288] file/dir modified: /root/BitFlip/DQNwithGOAL/outputs/2023-09-07/01-38-40/wandb/run-20230907_013841-w2e2xluc/files/output.log
2023-09-07 01:40:06,663 INFO    Thread-12 :161757 [dir_watcher.py:_on_file_modified():288] file/dir modified: /root/BitFlip/DQNwithGOAL/outputs/2023-09-07/01-38-40/wandb/run-20230907_013841-w2e2xluc/files/output.log
2023-09-07 01:40:08,250 DEBUG   HandlerThread:161757 [handler.py:handle_request():144] handle_request: status_report
2023-09-07 01:40:08,665 INFO    Thread-12 :161757 [dir_watcher.py:_on_file_modified():288] file/dir modified: /root/BitFlip/DQNwithGOAL/outputs/2023-09-07/01-38-40/wandb/run-20230907_013841-w2e2xluc/files/output.log
2023-09-07 01:40:10,666 INFO    Thread-12 :161757 [dir_watcher.py:_on_file_modified():288] file/dir modified: /root/BitFlip/DQNwithGOAL/outputs/2023-09-07/01-38-40/wandb/run-20230907_013841-w2e2xluc/files/output.log
2023-09-07 01:40:12,107 DEBUG   HandlerThread:161757 [handler.py:handle_request():144] handle_request: partial_history
2023-09-07 01:40:12,110 DEBUG   SenderThread:161757 [sender.py:send():379] send: history
2023-09-07 01:40:12,110 DEBUG   SenderThread:161757 [sender.py:send_request():406] send_request: summary_record
2023-09-07 01:40:12,111 INFO    SenderThread:161757 [sender.py:_save_file():1375] saving file wandb-summary.json with policy end
2023-09-07 01:40:12,668 INFO    Thread-12 :161757 [dir_watcher.py:_on_file_modified():288] file/dir modified: /root/BitFlip/DQNwithGOAL/outputs/2023-09-07/01-38-40/wandb/run-20230907_013841-w2e2xluc/files/wandb-summary.json
2023-09-07 01:40:12,668 INFO    Thread-12 :161757 [dir_watcher.py:_on_file_modified():288] file/dir modified: /root/BitFlip/DQNwithGOAL/outputs/2023-09-07/01-38-40/wandb/run-20230907_013841-w2e2xluc/files/output.log
2023-09-07 01:40:13,080 DEBUG   SenderThread:161757 [sender.py:send():379] send: stats
2023-09-07 01:40:13,196 DEBUG   HandlerThread:161757 [handler.py:handle_request():144] handle_request: stop_status
2023-09-07 01:40:13,198 DEBUG   SenderThread:161757 [sender.py:send_request():406] send_request: stop_status
2023-09-07 01:40:13,522 DEBUG   HandlerThread:161757 [handler.py:handle_request():144] handle_request: status_report
2023-09-07 01:40:14,669 INFO    Thread-12 :161757 [dir_watcher.py:_on_file_modified():288] file/dir modified: /root/BitFlip/DQNwithGOAL/outputs/2023-09-07/01-38-40/wandb/run-20230907_013841-w2e2xluc/files/output.log
2023-09-07 01:40:16,670 INFO    Thread-12 :161757 [dir_watcher.py:_on_file_modified():288] file/dir modified: /root/BitFlip/DQNwithGOAL/outputs/2023-09-07/01-38-40/wandb/run-20230907_013841-w2e2xluc/files/output.log
2023-09-07 01:40:18,580 DEBUG   HandlerThread:161757 [handler.py:handle_request():144] handle_request: status_report
2023-09-07 01:40:18,672 INFO    Thread-12 :161757 [dir_watcher.py:_on_file_modified():288] file/dir modified: /root/BitFlip/DQNwithGOAL/outputs/2023-09-07/01-38-40/wandb/run-20230907_013841-w2e2xluc/files/output.log
2023-09-07 01:40:20,672 INFO    Thread-12 :161757 [dir_watcher.py:_on_file_modified():288] file/dir modified: /root/BitFlip/DQNwithGOAL/outputs/2023-09-07/01-38-40/wandb/run-20230907_013841-w2e2xluc/files/output.log
2023-09-07 01:40:22,674 INFO    Thread-12 :161757 [dir_watcher.py:_on_file_modified():288] file/dir modified: /root/BitFlip/DQNwithGOAL/outputs/2023-09-07/01-38-40/wandb/run-20230907_013841-w2e2xluc/files/output.log
2023-09-07 01:40:23,662 DEBUG   HandlerThread:161757 [handler.py:handle_request():144] handle_request: status_report
2023-09-07 01:40:24,675 INFO    Thread-12 :161757 [dir_watcher.py:_on_file_modified():288] file/dir modified: /root/BitFlip/DQNwithGOAL/outputs/2023-09-07/01-38-40/wandb/run-20230907_013841-w2e2xluc/files/output.log
2023-09-07 01:40:26,676 INFO    Thread-12 :161757 [dir_watcher.py:_on_file_modified():288] file/dir modified: /root/BitFlip/DQNwithGOAL/outputs/2023-09-07/01-38-40/wandb/run-20230907_013841-w2e2xluc/files/output.log
2023-09-07 01:40:28,197 DEBUG   HandlerThread:161757 [handler.py:handle_request():144] handle_request: stop_status
2023-09-07 01:40:28,198 DEBUG   SenderThread:161757 [sender.py:send_request():406] send_request: stop_status
2023-09-07 01:40:28,678 INFO    Thread-12 :161757 [dir_watcher.py:_on_file_modified():288] file/dir modified: /root/BitFlip/DQNwithGOAL/outputs/2023-09-07/01-38-40/wandb/run-20230907_013841-w2e2xluc/files/output.log
2023-09-07 01:40:28,713 DEBUG   HandlerThread:161757 [handler.py:handle_request():144] handle_request: status_report
2023-09-07 01:40:28,716 DEBUG   HandlerThread:161757 [handler.py:handle_request():144] handle_request: partial_history
2023-09-07 01:40:28,719 DEBUG   SenderThread:161757 [sender.py:send():379] send: history
2023-09-07 01:40:28,719 DEBUG   SenderThread:161757 [sender.py:send_request():406] send_request: summary_record
2023-09-07 01:40:28,720 INFO    SenderThread:161757 [sender.py:_save_file():1375] saving file wandb-summary.json with policy end
2023-09-07 01:40:29,678 INFO    Thread-12 :161757 [dir_watcher.py:_on_file_modified():288] file/dir modified: /root/BitFlip/DQNwithGOAL/outputs/2023-09-07/01-38-40/wandb/run-20230907_013841-w2e2xluc/files/wandb-summary.json
2023-09-07 01:40:30,679 INFO    Thread-12 :161757 [dir_watcher.py:_on_file_modified():288] file/dir modified: /root/BitFlip/DQNwithGOAL/outputs/2023-09-07/01-38-40/wandb/run-20230907_013841-w2e2xluc/files/output.log
2023-09-07 01:40:32,680 INFO    Thread-12 :161757 [dir_watcher.py:_on_file_modified():288] file/dir modified: /root/BitFlip/DQNwithGOAL/outputs/2023-09-07/01-38-40/wandb/run-20230907_013841-w2e2xluc/files/output.log
2023-09-07 01:40:33,829 DEBUG   HandlerThread:161757 [handler.py:handle_request():144] handle_request: status_report
2023-09-07 01:40:34,681 INFO    Thread-12 :161757 [dir_watcher.py:_on_file_modified():288] file/dir modified: /root/BitFlip/DQNwithGOAL/outputs/2023-09-07/01-38-40/wandb/run-20230907_013841-w2e2xluc/files/output.log
2023-09-07 01:40:36,682 INFO    Thread-12 :161757 [dir_watcher.py:_on_file_modified():288] file/dir modified: /root/BitFlip/DQNwithGOAL/outputs/2023-09-07/01-38-40/wandb/run-20230907_013841-w2e2xluc/files/output.log
2023-09-07 01:40:38,684 INFO    Thread-12 :161757 [dir_watcher.py:_on_file_modified():288] file/dir modified: /root/BitFlip/DQNwithGOAL/outputs/2023-09-07/01-38-40/wandb/run-20230907_013841-w2e2xluc/files/output.log
2023-09-07 01:40:38,943 DEBUG   HandlerThread:161757 [handler.py:handle_request():144] handle_request: status_report
2023-09-07 01:40:40,685 INFO    Thread-12 :161757 [dir_watcher.py:_on_file_modified():288] file/dir modified: /root/BitFlip/DQNwithGOAL/outputs/2023-09-07/01-38-40/wandb/run-20230907_013841-w2e2xluc/files/output.log
2023-09-07 01:40:42,685 INFO    Thread-12 :161757 [dir_watcher.py:_on_file_modified():288] file/dir modified: /root/BitFlip/DQNwithGOAL/outputs/2023-09-07/01-38-40/wandb/run-20230907_013841-w2e2xluc/files/output.log
2023-09-07 01:40:43,086 DEBUG   SenderThread:161757 [sender.py:send():379] send: stats
2023-09-07 01:40:43,197 DEBUG   HandlerThread:161757 [handler.py:handle_request():144] handle_request: stop_status
2023-09-07 01:40:43,200 DEBUG   SenderThread:161757 [sender.py:send_request():406] send_request: stop_status
2023-09-07 01:40:43,967 DEBUG   HandlerThread:161757 [handler.py:handle_request():144] handle_request: status_report
2023-09-07 01:40:44,621 DEBUG   HandlerThread:161757 [handler.py:handle_request():144] handle_request: partial_history
2023-09-07 01:40:44,623 DEBUG   SenderThread:161757 [sender.py:send():379] send: history
2023-09-07 01:40:44,624 DEBUG   SenderThread:161757 [sender.py:send_request():406] send_request: summary_record
2023-09-07 01:40:44,625 INFO    SenderThread:161757 [sender.py:_save_file():1375] saving file wandb-summary.json with policy end
2023-09-07 01:40:44,687 INFO    Thread-12 :161757 [dir_watcher.py:_on_file_modified():288] file/dir modified: /root/BitFlip/DQNwithGOAL/outputs/2023-09-07/01-38-40/wandb/run-20230907_013841-w2e2xluc/files/wandb-summary.json
2023-09-07 01:40:44,687 INFO    Thread-12 :161757 [dir_watcher.py:_on_file_modified():288] file/dir modified: /root/BitFlip/DQNwithGOAL/outputs/2023-09-07/01-38-40/wandb/run-20230907_013841-w2e2xluc/files/output.log
2023-09-07 01:40:46,688 INFO    Thread-12 :161757 [dir_watcher.py:_on_file_modified():288] file/dir modified: /root/BitFlip/DQNwithGOAL/outputs/2023-09-07/01-38-40/wandb/run-20230907_013841-w2e2xluc/files/output.log
2023-09-07 01:40:48,689 INFO    Thread-12 :161757 [dir_watcher.py:_on_file_modified():288] file/dir modified: /root/BitFlip/DQNwithGOAL/outputs/2023-09-07/01-38-40/wandb/run-20230907_013841-w2e2xluc/files/output.log
2023-09-07 01:40:49,054 DEBUG   HandlerThread:161757 [handler.py:handle_request():144] handle_request: status_report
2023-09-07 01:40:50,690 INFO    Thread-12 :161757 [dir_watcher.py:_on_file_modified():288] file/dir modified: /root/BitFlip/DQNwithGOAL/outputs/2023-09-07/01-38-40/wandb/run-20230907_013841-w2e2xluc/files/output.log
2023-09-07 01:40:52,692 INFO    Thread-12 :161757 [dir_watcher.py:_on_file_modified():288] file/dir modified: /root/BitFlip/DQNwithGOAL/outputs/2023-09-07/01-38-40/wandb/run-20230907_013841-w2e2xluc/files/output.log
2023-09-07 01:40:54,109 DEBUG   HandlerThread:161757 [handler.py:handle_request():144] handle_request: status_report
2023-09-07 01:40:54,693 INFO    Thread-12 :161757 [dir_watcher.py:_on_file_modified():288] file/dir modified: /root/BitFlip/DQNwithGOAL/outputs/2023-09-07/01-38-40/wandb/run-20230907_013841-w2e2xluc/files/output.log
2023-09-07 01:40:55,121 ERROR   wandb-upload_0:161757 [internal_api.py:upload_file():2496] upload_file exception https://storage.googleapis.com/wandb-production.appspot.com/chenhaojun001/BitFlip/w2e2xluc/wandb-metadata.json?Expires=1694108323&GoogleAccessId=gorilla-files-url-signer-man%40wandb-production.iam.gserviceaccount.com&Signature=tUHWr747Rlob8G4Y66LxBo59VQ9Dc%2FXN4ghuSsiG8LSXs3y84gX0nGSZYUz2tG%2FgwKj0Ew1eXbIcOSTZwizpRaB8pdaMZ05Y4sP0guxZlCfFbaTE3sxdkeLPNDNerEurRrNuwYJ5oZuF2h24lLkjP0e%2Fh6BrNf%2BfCSF76WZ3YuXeanQTlFADS%2BqM5tCiz2DlIaHlTSDwCQZSypQVsQeFcnvGz%2BaOXaqbVeNTy835PbBBXA0AhWeH5xBg3EmLOW2wbvClBk%2Bdsl3B8eayvh0Nxcvp2v5XqfIj7nUcip6TbUP4A8XKd1WoEw7JwoCUF7BFSV9CY9EnpLpMAeWNJKXGkQ%3D%3D: ('Connection aborted.', ConnectionResetError(104, 'Connection reset by peer'))
2023-09-07 01:40:55,122 ERROR   wandb-upload_0:161757 [internal_api.py:upload_file():2498] upload_file request headers: {'User-Agent': 'python-requests/2.31.0', 'Accept-Encoding': 'gzip, deflate, br', 'Accept': '*/*', 'Connection': 'keep-alive', 'Content-Length': '15229'}
2023-09-07 01:40:55,122 ERROR   wandb-upload_0:161757 [internal_api.py:upload_file():2500] upload_file response body: 
2023-09-07 01:40:56,694 INFO    Thread-12 :161757 [dir_watcher.py:_on_file_modified():288] file/dir modified: /root/BitFlip/DQNwithGOAL/outputs/2023-09-07/01-38-40/wandb/run-20230907_013841-w2e2xluc/files/output.log
2023-09-07 01:40:57,701 ERROR   wandb-upload_0:161757 [internal_api.py:upload_file():2496] upload_file exception https://storage.googleapis.com/wandb-production.appspot.com/chenhaojun001/BitFlip/w2e2xluc/wandb-metadata.json?Expires=1694108323&GoogleAccessId=gorilla-files-url-signer-man%40wandb-production.iam.gserviceaccount.com&Signature=tUHWr747Rlob8G4Y66LxBo59VQ9Dc%2FXN4ghuSsiG8LSXs3y84gX0nGSZYUz2tG%2FgwKj0Ew1eXbIcOSTZwizpRaB8pdaMZ05Y4sP0guxZlCfFbaTE3sxdkeLPNDNerEurRrNuwYJ5oZuF2h24lLkjP0e%2Fh6BrNf%2BfCSF76WZ3YuXeanQTlFADS%2BqM5tCiz2DlIaHlTSDwCQZSypQVsQeFcnvGz%2BaOXaqbVeNTy835PbBBXA0AhWeH5xBg3EmLOW2wbvClBk%2Bdsl3B8eayvh0Nxcvp2v5XqfIj7nUcip6TbUP4A8XKd1WoEw7JwoCUF7BFSV9CY9EnpLpMAeWNJKXGkQ%3D%3D: ('Connection aborted.', ConnectionResetError(104, 'Connection reset by peer'))
2023-09-07 01:40:57,701 ERROR   wandb-upload_0:161757 [internal_api.py:upload_file():2498] upload_file request headers: {'User-Agent': 'python-requests/2.31.0', 'Accept-Encoding': 'gzip, deflate, br', 'Accept': '*/*', 'Connection': 'keep-alive', 'Content-Length': '15229'}
2023-09-07 01:40:57,702 ERROR   wandb-upload_0:161757 [internal_api.py:upload_file():2500] upload_file response body: 
2023-09-07 01:40:57,702 INFO    wandb-upload_0:161757 [retry.py:__call__():172] Retry attempt failed:
Traceback (most recent call last):
  File "/root/miniconda3/envs/ling/lib/python3.9/site-packages/urllib3/connectionpool.py", line 714, in urlopen
    httplib_response = self._make_request(
  File "/root/miniconda3/envs/ling/lib/python3.9/site-packages/urllib3/connectionpool.py", line 403, in _make_request
    self._validate_conn(conn)
  File "/root/miniconda3/envs/ling/lib/python3.9/site-packages/urllib3/connectionpool.py", line 1053, in _validate_conn
    conn.connect()
  File "/root/miniconda3/envs/ling/lib/python3.9/site-packages/urllib3/connection.py", line 419, in connect
    self.sock = ssl_wrap_socket(
  File "/root/miniconda3/envs/ling/lib/python3.9/site-packages/urllib3/util/ssl_.py", line 449, in ssl_wrap_socket
    ssl_sock = _ssl_wrap_socket_impl(
  File "/root/miniconda3/envs/ling/lib/python3.9/site-packages/urllib3/util/ssl_.py", line 493, in _ssl_wrap_socket_impl
    return ssl_context.wrap_socket(sock, server_hostname=server_hostname)
  File "/root/miniconda3/envs/ling/lib/python3.9/ssl.py", line 501, in wrap_socket
    return self.sslsocket_class._create(
  File "/root/miniconda3/envs/ling/lib/python3.9/ssl.py", line 1041, in _create
    self.do_handshake()
  File "/root/miniconda3/envs/ling/lib/python3.9/ssl.py", line 1310, in do_handshake
    self._sslobj.do_handshake()
ConnectionResetError: [Errno 104] Connection reset by peer

During handling of the above exception, another exception occurred:

Traceback (most recent call last):
  File "/root/miniconda3/envs/ling/lib/python3.9/site-packages/requests/adapters.py", line 486, in send
    resp = conn.urlopen(
  File "/root/miniconda3/envs/ling/lib/python3.9/site-packages/urllib3/connectionpool.py", line 798, in urlopen
    retries = retries.increment(
  File "/root/miniconda3/envs/ling/lib/python3.9/site-packages/urllib3/util/retry.py", line 550, in increment
    raise six.reraise(type(error), error, _stacktrace)
  File "/root/miniconda3/envs/ling/lib/python3.9/site-packages/urllib3/packages/six.py", line 769, in reraise
    raise value.with_traceback(tb)
  File "/root/miniconda3/envs/ling/lib/python3.9/site-packages/urllib3/connectionpool.py", line 714, in urlopen
    httplib_response = self._make_request(
  File "/root/miniconda3/envs/ling/lib/python3.9/site-packages/urllib3/connectionpool.py", line 403, in _make_request
    self._validate_conn(conn)
  File "/root/miniconda3/envs/ling/lib/python3.9/site-packages/urllib3/connectionpool.py", line 1053, in _validate_conn
    conn.connect()
  File "/root/miniconda3/envs/ling/lib/python3.9/site-packages/urllib3/connection.py", line 419, in connect
    self.sock = ssl_wrap_socket(
  File "/root/miniconda3/envs/ling/lib/python3.9/site-packages/urllib3/util/ssl_.py", line 449, in ssl_wrap_socket
    ssl_sock = _ssl_wrap_socket_impl(
  File "/root/miniconda3/envs/ling/lib/python3.9/site-packages/urllib3/util/ssl_.py", line 493, in _ssl_wrap_socket_impl
    return ssl_context.wrap_socket(sock, server_hostname=server_hostname)
  File "/root/miniconda3/envs/ling/lib/python3.9/ssl.py", line 501, in wrap_socket
    return self.sslsocket_class._create(
  File "/root/miniconda3/envs/ling/lib/python3.9/ssl.py", line 1041, in _create
    self.do_handshake()
  File "/root/miniconda3/envs/ling/lib/python3.9/ssl.py", line 1310, in do_handshake
    self._sslobj.do_handshake()
urllib3.exceptions.ProtocolError: ('Connection aborted.', ConnectionResetError(104, 'Connection reset by peer'))

During handling of the above exception, another exception occurred:

Traceback (most recent call last):
  File "/root/miniconda3/envs/ling/lib/python3.9/site-packages/wandb/sdk/internal/internal_api.py", line 2491, in upload_file
    response = self._upload_file_session.put(
  File "/root/miniconda3/envs/ling/lib/python3.9/site-packages/requests/sessions.py", line 649, in put
    return self.request("PUT", url, data=data, **kwargs)
  File "/root/miniconda3/envs/ling/lib/python3.9/site-packages/requests/sessions.py", line 589, in request
    resp = self.send(prep, **send_kwargs)
  File "/root/miniconda3/envs/ling/lib/python3.9/site-packages/requests/sessions.py", line 703, in send
    r = adapter.send(request, **kwargs)
  File "/root/miniconda3/envs/ling/lib/python3.9/site-packages/requests/adapters.py", line 501, in send
    raise ConnectionError(err, request=request)
requests.exceptions.ConnectionError: ('Connection aborted.', ConnectionResetError(104, 'Connection reset by peer'))

During handling of the above exception, another exception occurred:

Traceback (most recent call last):
  File "/root/miniconda3/envs/ling/lib/python3.9/site-packages/wandb/sdk/lib/retry.py", line 131, in __call__
    result = self._call_fn(*args, **kwargs)
  File "/root/miniconda3/envs/ling/lib/python3.9/site-packages/wandb/sdk/internal/internal_api.py", line 2520, in upload_file
    raise _e.with_traceback(sys.exc_info()[2])
  File "/root/miniconda3/envs/ling/lib/python3.9/site-packages/wandb/sdk/internal/internal_api.py", line 2491, in upload_file
    response = self._upload_file_session.put(
  File "/root/miniconda3/envs/ling/lib/python3.9/site-packages/requests/sessions.py", line 649, in put
    return self.request("PUT", url, data=data, **kwargs)
  File "/root/miniconda3/envs/ling/lib/python3.9/site-packages/requests/sessions.py", line 589, in request
    resp = self.send(prep, **send_kwargs)
  File "/root/miniconda3/envs/ling/lib/python3.9/site-packages/requests/sessions.py", line 703, in send
    r = adapter.send(request, **kwargs)
  File "/root/miniconda3/envs/ling/lib/python3.9/site-packages/requests/adapters.py", line 501, in send
    raise ConnectionError(err, request=request)
wandb.sdk.lib.retry.TransientError: None
2023-09-07 01:40:58,197 DEBUG   HandlerThread:161757 [handler.py:handle_request():144] handle_request: stop_status
2023-09-07 01:40:58,198 DEBUG   SenderThread:161757 [sender.py:send_request():406] send_request: stop_status
2023-09-07 01:40:58,695 INFO    Thread-12 :161757 [dir_watcher.py:_on_file_modified():288] file/dir modified: /root/BitFlip/DQNwithGOAL/outputs/2023-09-07/01-38-40/wandb/run-20230907_013841-w2e2xluc/files/output.log
2023-09-07 01:40:59,153 DEBUG   HandlerThread:161757 [handler.py:handle_request():144] handle_request: status_report
2023-09-07 01:41:00,122 DEBUG   HandlerThread:161757 [handler.py:handle_request():144] handle_request: partial_history
2023-09-07 01:41:00,124 DEBUG   SenderThread:161757 [sender.py:send():379] send: history
2023-09-07 01:41:00,124 DEBUG   SenderThread:161757 [sender.py:send_request():406] send_request: summary_record
2023-09-07 01:41:00,124 INFO    SenderThread:161757 [sender.py:_save_file():1375] saving file wandb-summary.json with policy end
2023-09-07 01:41:00,697 INFO    Thread-12 :161757 [dir_watcher.py:_on_file_modified():288] file/dir modified: /root/BitFlip/DQNwithGOAL/outputs/2023-09-07/01-38-40/wandb/run-20230907_013841-w2e2xluc/files/wandb-summary.json
2023-09-07 01:41:00,697 INFO    Thread-12 :161757 [dir_watcher.py:_on_file_modified():288] file/dir modified: /root/BitFlip/DQNwithGOAL/outputs/2023-09-07/01-38-40/wandb/run-20230907_013841-w2e2xluc/files/output.log
2023-09-07 01:41:02,556 ERROR   wandb-upload_0:161757 [internal_api.py:upload_file():2496] upload_file exception https://storage.googleapis.com/wandb-production.appspot.com/chenhaojun001/BitFlip/w2e2xluc/wandb-metadata.json?Expires=1694108323&GoogleAccessId=gorilla-files-url-signer-man%40wandb-production.iam.gserviceaccount.com&Signature=tUHWr747Rlob8G4Y66LxBo59VQ9Dc%2FXN4ghuSsiG8LSXs3y84gX0nGSZYUz2tG%2FgwKj0Ew1eXbIcOSTZwizpRaB8pdaMZ05Y4sP0guxZlCfFbaTE3sxdkeLPNDNerEurRrNuwYJ5oZuF2h24lLkjP0e%2Fh6BrNf%2BfCSF76WZ3YuXeanQTlFADS%2BqM5tCiz2DlIaHlTSDwCQZSypQVsQeFcnvGz%2BaOXaqbVeNTy835PbBBXA0AhWeH5xBg3EmLOW2wbvClBk%2Bdsl3B8eayvh0Nxcvp2v5XqfIj7nUcip6TbUP4A8XKd1WoEw7JwoCUF7BFSV9CY9EnpLpMAeWNJKXGkQ%3D%3D: ('Connection aborted.', ConnectionResetError(104, 'Connection reset by peer'))
2023-09-07 01:41:02,556 ERROR   wandb-upload_0:161757 [internal_api.py:upload_file():2498] upload_file request headers: {'User-Agent': 'python-requests/2.31.0', 'Accept-Encoding': 'gzip, deflate, br', 'Accept': '*/*', 'Connection': 'keep-alive', 'Content-Length': '15229'}
2023-09-07 01:41:02,556 ERROR   wandb-upload_0:161757 [internal_api.py:upload_file():2500] upload_file response body: 
2023-09-07 01:41:02,698 INFO    Thread-12 :161757 [dir_watcher.py:_on_file_modified():288] file/dir modified: /root/BitFlip/DQNwithGOAL/outputs/2023-09-07/01-38-40/wandb/run-20230907_013841-w2e2xluc/files/output.log
2023-09-07 01:41:04,238 DEBUG   HandlerThread:161757 [handler.py:handle_request():144] handle_request: status_report
2023-09-07 01:41:04,699 INFO    Thread-12 :161757 [dir_watcher.py:_on_file_modified():288] file/dir modified: /root/BitFlip/DQNwithGOAL/outputs/2023-09-07/01-38-40/wandb/run-20230907_013841-w2e2xluc/files/output.log
2023-09-07 01:41:06,700 INFO    Thread-12 :161757 [dir_watcher.py:_on_file_modified():288] file/dir modified: /root/BitFlip/DQNwithGOAL/outputs/2023-09-07/01-38-40/wandb/run-20230907_013841-w2e2xluc/files/output.log
2023-09-07 01:41:08,701 INFO    Thread-12 :161757 [dir_watcher.py:_on_file_modified():288] file/dir modified: /root/BitFlip/DQNwithGOAL/outputs/2023-09-07/01-38-40/wandb/run-20230907_013841-w2e2xluc/files/output.log
2023-09-07 01:41:09,268 DEBUG   HandlerThread:161757 [handler.py:handle_request():144] handle_request: status_report
2023-09-07 01:41:10,702 INFO    Thread-12 :161757 [dir_watcher.py:_on_file_modified():288] file/dir modified: /root/BitFlip/DQNwithGOAL/outputs/2023-09-07/01-38-40/wandb/run-20230907_013841-w2e2xluc/files/output.log
2023-09-07 01:41:11,500 ERROR   wandb-upload_0:161757 [internal_api.py:upload_file():2496] upload_file exception https://storage.googleapis.com/wandb-production.appspot.com/chenhaojun001/BitFlip/w2e2xluc/wandb-metadata.json?Expires=1694108323&GoogleAccessId=gorilla-files-url-signer-man%40wandb-production.iam.gserviceaccount.com&Signature=tUHWr747Rlob8G4Y66LxBo59VQ9Dc%2FXN4ghuSsiG8LSXs3y84gX0nGSZYUz2tG%2FgwKj0Ew1eXbIcOSTZwizpRaB8pdaMZ05Y4sP0guxZlCfFbaTE3sxdkeLPNDNerEurRrNuwYJ5oZuF2h24lLkjP0e%2Fh6BrNf%2BfCSF76WZ3YuXeanQTlFADS%2BqM5tCiz2DlIaHlTSDwCQZSypQVsQeFcnvGz%2BaOXaqbVeNTy835PbBBXA0AhWeH5xBg3EmLOW2wbvClBk%2Bdsl3B8eayvh0Nxcvp2v5XqfIj7nUcip6TbUP4A8XKd1WoEw7JwoCUF7BFSV9CY9EnpLpMAeWNJKXGkQ%3D%3D: ('Connection aborted.', ConnectionResetError(104, 'Connection reset by peer'))
2023-09-07 01:41:11,501 ERROR   wandb-upload_0:161757 [internal_api.py:upload_file():2498] upload_file request headers: {'User-Agent': 'python-requests/2.31.0', 'Accept-Encoding': 'gzip, deflate, br', 'Accept': '*/*', 'Connection': 'keep-alive', 'Content-Length': '15229'}
2023-09-07 01:41:11,501 ERROR   wandb-upload_0:161757 [internal_api.py:upload_file():2500] upload_file response body: 
2023-09-07 01:41:12,704 INFO    Thread-12 :161757 [dir_watcher.py:_on_file_modified():288] file/dir modified: /root/BitFlip/DQNwithGOAL/outputs/2023-09-07/01-38-40/wandb/run-20230907_013841-w2e2xluc/files/output.log
2023-09-07 01:41:13,097 DEBUG   SenderThread:161757 [sender.py:send():379] send: stats
2023-09-07 01:41:13,197 DEBUG   HandlerThread:161757 [handler.py:handle_request():144] handle_request: stop_status
2023-09-07 01:41:13,198 DEBUG   SenderThread:161757 [sender.py:send_request():406] send_request: stop_status
2023-09-07 01:41:14,329 DEBUG   HandlerThread:161757 [handler.py:handle_request():144] handle_request: status_report
2023-09-07 01:41:14,705 INFO    Thread-12 :161757 [dir_watcher.py:_on_file_modified():288] file/dir modified: /root/BitFlip/DQNwithGOAL/outputs/2023-09-07/01-38-40/wandb/run-20230907_013841-w2e2xluc/files/output.log
2023-09-07 01:41:15,376 DEBUG   HandlerThread:161757 [handler.py:handle_request():144] handle_request: partial_history
2023-09-07 01:41:15,378 DEBUG   SenderThread:161757 [sender.py:send():379] send: history
2023-09-07 01:41:15,378 DEBUG   SenderThread:161757 [sender.py:send_request():406] send_request: summary_record
2023-09-07 01:41:15,379 INFO    SenderThread:161757 [sender.py:_save_file():1375] saving file wandb-summary.json with policy end
2023-09-07 01:41:15,705 INFO    Thread-12 :161757 [dir_watcher.py:_on_file_modified():288] file/dir modified: /root/BitFlip/DQNwithGOAL/outputs/2023-09-07/01-38-40/wandb/run-20230907_013841-w2e2xluc/files/wandb-summary.json
2023-09-07 01:41:16,706 INFO    Thread-12 :161757 [dir_watcher.py:_on_file_modified():288] file/dir modified: /root/BitFlip/DQNwithGOAL/outputs/2023-09-07/01-38-40/wandb/run-20230907_013841-w2e2xluc/files/output.log
2023-09-07 01:41:18,706 INFO    Thread-12 :161757 [dir_watcher.py:_on_file_modified():288] file/dir modified: /root/BitFlip/DQNwithGOAL/outputs/2023-09-07/01-38-40/wandb/run-20230907_013841-w2e2xluc/files/output.log
2023-09-07 01:41:19,441 DEBUG   HandlerThread:161757 [handler.py:handle_request():144] handle_request: status_report
2023-09-07 01:41:20,708 INFO    Thread-12 :161757 [dir_watcher.py:_on_file_modified():288] file/dir modified: /root/BitFlip/DQNwithGOAL/outputs/2023-09-07/01-38-40/wandb/run-20230907_013841-w2e2xluc/files/output.log
2023-09-07 01:41:22,709 INFO    Thread-12 :161757 [dir_watcher.py:_on_file_modified():288] file/dir modified: /root/BitFlip/DQNwithGOAL/outputs/2023-09-07/01-38-40/wandb/run-20230907_013841-w2e2xluc/files/output.log
2023-09-07 01:41:24,475 DEBUG   HandlerThread:161757 [handler.py:handle_request():144] handle_request: status_report
2023-09-07 01:41:24,710 INFO    Thread-12 :161757 [dir_watcher.py:_on_file_modified():288] file/dir modified: /root/BitFlip/DQNwithGOAL/outputs/2023-09-07/01-38-40/wandb/run-20230907_013841-w2e2xluc/files/output.log
2023-09-07 01:41:26,712 INFO    Thread-12 :161757 [dir_watcher.py:_on_file_modified():288] file/dir modified: /root/BitFlip/DQNwithGOAL/outputs/2023-09-07/01-38-40/wandb/run-20230907_013841-w2e2xluc/files/output.log
2023-09-07 01:41:28,198 DEBUG   HandlerThread:161757 [handler.py:handle_request():144] handle_request: stop_status
2023-09-07 01:41:28,199 DEBUG   SenderThread:161757 [sender.py:send_request():406] send_request: stop_status
2023-09-07 01:41:28,713 INFO    Thread-12 :161757 [dir_watcher.py:_on_file_modified():288] file/dir modified: /root/BitFlip/DQNwithGOAL/outputs/2023-09-07/01-38-40/wandb/run-20230907_013841-w2e2xluc/files/output.log
2023-09-07 01:41:29,548 DEBUG   HandlerThread:161757 [handler.py:handle_request():144] handle_request: status_report
2023-09-07 01:41:30,450 DEBUG   HandlerThread:161757 [handler.py:handle_request():144] handle_request: partial_history
2023-09-07 01:41:30,452 DEBUG   SenderThread:161757 [sender.py:send():379] send: history
2023-09-07 01:41:30,453 DEBUG   SenderThread:161757 [sender.py:send_request():406] send_request: summary_record
2023-09-07 01:41:30,453 INFO    SenderThread:161757 [sender.py:_save_file():1375] saving file wandb-summary.json with policy end
2023-09-07 01:41:30,714 INFO    Thread-12 :161757 [dir_watcher.py:_on_file_modified():288] file/dir modified: /root/BitFlip/DQNwithGOAL/outputs/2023-09-07/01-38-40/wandb/run-20230907_013841-w2e2xluc/files/wandb-summary.json
2023-09-07 01:41:30,714 INFO    Thread-12 :161757 [dir_watcher.py:_on_file_modified():288] file/dir modified: /root/BitFlip/DQNwithGOAL/outputs/2023-09-07/01-38-40/wandb/run-20230907_013841-w2e2xluc/files/output.log
2023-09-07 01:41:32,715 INFO    Thread-12 :161757 [dir_watcher.py:_on_file_modified():288] file/dir modified: /root/BitFlip/DQNwithGOAL/outputs/2023-09-07/01-38-40/wandb/run-20230907_013841-w2e2xluc/files/output.log
2023-09-07 01:41:34,575 DEBUG   HandlerThread:161757 [handler.py:handle_request():144] handle_request: status_report
2023-09-07 01:41:34,717 INFO    Thread-12 :161757 [dir_watcher.py:_on_file_modified():288] file/dir modified: /root/BitFlip/DQNwithGOAL/outputs/2023-09-07/01-38-40/wandb/run-20230907_013841-w2e2xluc/files/output.log
2023-09-07 01:41:36,718 INFO    Thread-12 :161757 [dir_watcher.py:_on_file_modified():288] file/dir modified: /root/BitFlip/DQNwithGOAL/outputs/2023-09-07/01-38-40/wandb/run-20230907_013841-w2e2xluc/files/output.log
2023-09-07 01:41:38,719 INFO    Thread-12 :161757 [dir_watcher.py:_on_file_modified():288] file/dir modified: /root/BitFlip/DQNwithGOAL/outputs/2023-09-07/01-38-40/wandb/run-20230907_013841-w2e2xluc/files/output.log
2023-09-07 01:41:39,695 DEBUG   HandlerThread:161757 [handler.py:handle_request():144] handle_request: status_report
2023-09-07 01:41:40,720 INFO    Thread-12 :161757 [dir_watcher.py:_on_file_modified():288] file/dir modified: /root/BitFlip/DQNwithGOAL/outputs/2023-09-07/01-38-40/wandb/run-20230907_013841-w2e2xluc/files/output.log
2023-09-07 01:41:42,722 INFO    Thread-12 :161757 [dir_watcher.py:_on_file_modified():288] file/dir modified: /root/BitFlip/DQNwithGOAL/outputs/2023-09-07/01-38-40/wandb/run-20230907_013841-w2e2xluc/files/output.log
2023-09-07 01:41:43,102 DEBUG   SenderThread:161757 [sender.py:send():379] send: stats
2023-09-07 01:41:43,198 DEBUG   HandlerThread:161757 [handler.py:handle_request():144] handle_request: stop_status
2023-09-07 01:41:43,198 DEBUG   SenderThread:161757 [sender.py:send_request():406] send_request: stop_status
2023-09-07 01:41:44,380 DEBUG   HandlerThread:161757 [handler.py:handle_request():144] handle_request: partial_history
2023-09-07 01:41:44,382 DEBUG   SenderThread:161757 [sender.py:send():379] send: history
2023-09-07 01:41:44,383 DEBUG   SenderThread:161757 [sender.py:send_request():406] send_request: summary_record
2023-09-07 01:41:44,384 INFO    SenderThread:161757 [sender.py:_save_file():1375] saving file wandb-summary.json with policy end
2023-09-07 01:41:44,722 INFO    Thread-12 :161757 [dir_watcher.py:_on_file_modified():288] file/dir modified: /root/BitFlip/DQNwithGOAL/outputs/2023-09-07/01-38-40/wandb/run-20230907_013841-w2e2xluc/files/wandb-summary.json
2023-09-07 01:41:44,723 INFO    Thread-12 :161757 [dir_watcher.py:_on_file_modified():288] file/dir modified: /root/BitFlip/DQNwithGOAL/outputs/2023-09-07/01-38-40/wandb/run-20230907_013841-w2e2xluc/files/output.log
2023-09-07 01:41:44,773 DEBUG   HandlerThread:161757 [handler.py:handle_request():144] handle_request: status_report
2023-09-07 01:41:46,724 INFO    Thread-12 :161757 [dir_watcher.py:_on_file_modified():288] file/dir modified: /root/BitFlip/DQNwithGOAL/outputs/2023-09-07/01-38-40/wandb/run-20230907_013841-w2e2xluc/files/output.log
2023-09-07 01:41:48,725 INFO    Thread-12 :161757 [dir_watcher.py:_on_file_modified():288] file/dir modified: /root/BitFlip/DQNwithGOAL/outputs/2023-09-07/01-38-40/wandb/run-20230907_013841-w2e2xluc/files/output.log
2023-09-07 01:41:49,829 DEBUG   HandlerThread:161757 [handler.py:handle_request():144] handle_request: status_report
2023-09-07 01:41:50,726 INFO    Thread-12 :161757 [dir_watcher.py:_on_file_modified():288] file/dir modified: /root/BitFlip/DQNwithGOAL/outputs/2023-09-07/01-38-40/wandb/run-20230907_013841-w2e2xluc/files/output.log
2023-09-07 01:41:52,727 INFO    Thread-12 :161757 [dir_watcher.py:_on_file_modified():288] file/dir modified: /root/BitFlip/DQNwithGOAL/outputs/2023-09-07/01-38-40/wandb/run-20230907_013841-w2e2xluc/files/output.log
2023-09-07 01:41:54,728 INFO    Thread-12 :161757 [dir_watcher.py:_on_file_modified():288] file/dir modified: /root/BitFlip/DQNwithGOAL/outputs/2023-09-07/01-38-40/wandb/run-20230907_013841-w2e2xluc/files/output.log
2023-09-07 01:41:54,947 DEBUG   HandlerThread:161757 [handler.py:handle_request():144] handle_request: status_report
2023-09-07 01:41:56,730 INFO    Thread-12 :161757 [dir_watcher.py:_on_file_modified():288] file/dir modified: /root/BitFlip/DQNwithGOAL/outputs/2023-09-07/01-38-40/wandb/run-20230907_013841-w2e2xluc/files/output.log
2023-09-07 01:41:58,198 DEBUG   HandlerThread:161757 [handler.py:handle_request():144] handle_request: stop_status
2023-09-07 01:41:58,199 DEBUG   SenderThread:161757 [sender.py:send_request():406] send_request: stop_status
2023-09-07 01:41:58,732 INFO    Thread-12 :161757 [dir_watcher.py:_on_file_modified():288] file/dir modified: /root/BitFlip/DQNwithGOAL/outputs/2023-09-07/01-38-40/wandb/run-20230907_013841-w2e2xluc/files/output.log
2023-09-07 01:41:59,420 DEBUG   HandlerThread:161757 [handler.py:handle_request():144] handle_request: partial_history
2023-09-07 01:41:59,423 DEBUG   SenderThread:161757 [sender.py:send():379] send: history
2023-09-07 01:41:59,423 DEBUG   SenderThread:161757 [sender.py:send_request():406] send_request: summary_record
2023-09-07 01:41:59,424 INFO    SenderThread:161757 [sender.py:_save_file():1375] saving file wandb-summary.json with policy end
2023-09-07 01:41:59,732 INFO    Thread-12 :161757 [dir_watcher.py:_on_file_modified():288] file/dir modified: /root/BitFlip/DQNwithGOAL/outputs/2023-09-07/01-38-40/wandb/run-20230907_013841-w2e2xluc/files/wandb-summary.json
2023-09-07 01:41:59,989 DEBUG   HandlerThread:161757 [handler.py:handle_request():144] handle_request: status_report
2023-09-07 01:42:00,733 INFO    Thread-12 :161757 [dir_watcher.py:_on_file_modified():288] file/dir modified: /root/BitFlip/DQNwithGOAL/outputs/2023-09-07/01-38-40/wandb/run-20230907_013841-w2e2xluc/files/output.log
2023-09-07 01:42:02,734 INFO    Thread-12 :161757 [dir_watcher.py:_on_file_modified():288] file/dir modified: /root/BitFlip/DQNwithGOAL/outputs/2023-09-07/01-38-40/wandb/run-20230907_013841-w2e2xluc/files/output.log
2023-09-07 01:42:04,736 INFO    Thread-12 :161757 [dir_watcher.py:_on_file_modified():288] file/dir modified: /root/BitFlip/DQNwithGOAL/outputs/2023-09-07/01-38-40/wandb/run-20230907_013841-w2e2xluc/files/output.log
2023-09-07 01:42:05,043 DEBUG   HandlerThread:161757 [handler.py:handle_request():144] handle_request: status_report
2023-09-07 01:42:06,738 INFO    Thread-12 :161757 [dir_watcher.py:_on_file_modified():288] file/dir modified: /root/BitFlip/DQNwithGOAL/outputs/2023-09-07/01-38-40/wandb/run-20230907_013841-w2e2xluc/files/output.log
2023-09-07 01:42:08,739 INFO    Thread-12 :161757 [dir_watcher.py:_on_file_modified():288] file/dir modified: /root/BitFlip/DQNwithGOAL/outputs/2023-09-07/01-38-40/wandb/run-20230907_013841-w2e2xluc/files/output.log
2023-09-07 01:42:10,069 DEBUG   HandlerThread:161757 [handler.py:handle_request():144] handle_request: status_report
2023-09-07 01:42:10,740 INFO    Thread-12 :161757 [dir_watcher.py:_on_file_modified():288] file/dir modified: /root/BitFlip/DQNwithGOAL/outputs/2023-09-07/01-38-40/wandb/run-20230907_013841-w2e2xluc/files/output.log
2023-09-07 01:42:12,741 INFO    Thread-12 :161757 [dir_watcher.py:_on_file_modified():288] file/dir modified: /root/BitFlip/DQNwithGOAL/outputs/2023-09-07/01-38-40/wandb/run-20230907_013841-w2e2xluc/files/output.log
2023-09-07 01:42:13,107 DEBUG   SenderThread:161757 [sender.py:send():379] send: stats
2023-09-07 01:42:13,198 DEBUG   HandlerThread:161757 [handler.py:handle_request():144] handle_request: stop_status
2023-09-07 01:42:13,199 DEBUG   SenderThread:161757 [sender.py:send_request():406] send_request: stop_status
2023-09-07 01:42:13,706 DEBUG   HandlerThread:161757 [handler.py:handle_request():144] handle_request: partial_history
2023-09-07 01:42:13,708 DEBUG   SenderThread:161757 [sender.py:send():379] send: history
2023-09-07 01:42:13,709 DEBUG   SenderThread:161757 [sender.py:send_request():406] send_request: summary_record
2023-09-07 01:42:13,710 INFO    SenderThread:161757 [sender.py:_save_file():1375] saving file wandb-summary.json with policy end
2023-09-07 01:42:13,741 INFO    Thread-12 :161757 [dir_watcher.py:_on_file_modified():288] file/dir modified: /root/BitFlip/DQNwithGOAL/outputs/2023-09-07/01-38-40/wandb/run-20230907_013841-w2e2xluc/files/wandb-summary.json
2023-09-07 01:42:14,741 INFO    Thread-12 :161757 [dir_watcher.py:_on_file_modified():288] file/dir modified: /root/BitFlip/DQNwithGOAL/outputs/2023-09-07/01-38-40/wandb/run-20230907_013841-w2e2xluc/files/output.log
2023-09-07 01:42:15,151 DEBUG   HandlerThread:161757 [handler.py:handle_request():144] handle_request: status_report
2023-09-07 01:42:16,742 INFO    Thread-12 :161757 [dir_watcher.py:_on_file_modified():288] file/dir modified: /root/BitFlip/DQNwithGOAL/outputs/2023-09-07/01-38-40/wandb/run-20230907_013841-w2e2xluc/files/output.log
2023-09-07 01:42:18,743 INFO    Thread-12 :161757 [dir_watcher.py:_on_file_modified():288] file/dir modified: /root/BitFlip/DQNwithGOAL/outputs/2023-09-07/01-38-40/wandb/run-20230907_013841-w2e2xluc/files/output.log
2023-09-07 01:42:20,176 DEBUG   HandlerThread:161757 [handler.py:handle_request():144] handle_request: status_report
2023-09-07 01:42:20,744 INFO    Thread-12 :161757 [dir_watcher.py:_on_file_modified():288] file/dir modified: /root/BitFlip/DQNwithGOAL/outputs/2023-09-07/01-38-40/wandb/run-20230907_013841-w2e2xluc/files/output.log
2023-09-07 01:42:22,745 INFO    Thread-12 :161757 [dir_watcher.py:_on_file_modified():288] file/dir modified: /root/BitFlip/DQNwithGOAL/outputs/2023-09-07/01-38-40/wandb/run-20230907_013841-w2e2xluc/files/output.log
2023-09-07 01:42:24,746 INFO    Thread-12 :161757 [dir_watcher.py:_on_file_modified():288] file/dir modified: /root/BitFlip/DQNwithGOAL/outputs/2023-09-07/01-38-40/wandb/run-20230907_013841-w2e2xluc/files/output.log
2023-09-07 01:42:25,219 DEBUG   HandlerThread:161757 [handler.py:handle_request():144] handle_request: status_report
2023-09-07 01:42:26,747 INFO    Thread-12 :161757 [dir_watcher.py:_on_file_modified():288] file/dir modified: /root/BitFlip/DQNwithGOAL/outputs/2023-09-07/01-38-40/wandb/run-20230907_013841-w2e2xluc/files/output.log
2023-09-07 01:42:27,619 DEBUG   HandlerThread:161757 [handler.py:handle_request():144] handle_request: partial_history
2023-09-07 01:42:27,621 DEBUG   SenderThread:161757 [sender.py:send():379] send: history
2023-09-07 01:42:27,622 DEBUG   SenderThread:161757 [sender.py:send_request():406] send_request: summary_record
2023-09-07 01:42:27,623 INFO    SenderThread:161757 [sender.py:_save_file():1375] saving file wandb-summary.json with policy end
2023-09-07 01:42:27,748 INFO    Thread-12 :161757 [dir_watcher.py:_on_file_modified():288] file/dir modified: /root/BitFlip/DQNwithGOAL/outputs/2023-09-07/01-38-40/wandb/run-20230907_013841-w2e2xluc/files/wandb-summary.json
2023-09-07 01:42:28,199 DEBUG   HandlerThread:161757 [handler.py:handle_request():144] handle_request: stop_status
2023-09-07 01:42:28,200 DEBUG   SenderThread:161757 [sender.py:send_request():406] send_request: stop_status
2023-09-07 01:42:28,749 INFO    Thread-12 :161757 [dir_watcher.py:_on_file_modified():288] file/dir modified: /root/BitFlip/DQNwithGOAL/outputs/2023-09-07/01-38-40/wandb/run-20230907_013841-w2e2xluc/files/output.log
2023-09-07 01:42:30,262 DEBUG   HandlerThread:161757 [handler.py:handle_request():144] handle_request: status_report
2023-09-07 01:42:30,750 INFO    Thread-12 :161757 [dir_watcher.py:_on_file_modified():288] file/dir modified: /root/BitFlip/DQNwithGOAL/outputs/2023-09-07/01-38-40/wandb/run-20230907_013841-w2e2xluc/files/output.log
2023-09-07 01:42:32,751 INFO    Thread-12 :161757 [dir_watcher.py:_on_file_modified():288] file/dir modified: /root/BitFlip/DQNwithGOAL/outputs/2023-09-07/01-38-40/wandb/run-20230907_013841-w2e2xluc/files/output.log
2023-09-07 01:42:34,752 INFO    Thread-12 :161757 [dir_watcher.py:_on_file_modified():288] file/dir modified: /root/BitFlip/DQNwithGOAL/outputs/2023-09-07/01-38-40/wandb/run-20230907_013841-w2e2xluc/files/output.log
2023-09-07 01:42:35,322 DEBUG   HandlerThread:161757 [handler.py:handle_request():144] handle_request: status_report
2023-09-07 01:42:36,753 INFO    Thread-12 :161757 [dir_watcher.py:_on_file_modified():288] file/dir modified: /root/BitFlip/DQNwithGOAL/outputs/2023-09-07/01-38-40/wandb/run-20230907_013841-w2e2xluc/files/output.log
2023-09-07 01:42:38,753 INFO    Thread-12 :161757 [dir_watcher.py:_on_file_modified():288] file/dir modified: /root/BitFlip/DQNwithGOAL/outputs/2023-09-07/01-38-40/wandb/run-20230907_013841-w2e2xluc/files/output.log
2023-09-07 01:42:40,422 DEBUG   HandlerThread:161757 [handler.py:handle_request():144] handle_request: status_report
2023-09-07 01:42:40,755 INFO    Thread-12 :161757 [dir_watcher.py:_on_file_modified():288] file/dir modified: /root/BitFlip/DQNwithGOAL/outputs/2023-09-07/01-38-40/wandb/run-20230907_013841-w2e2xluc/files/output.log
2023-09-07 01:42:41,616 DEBUG   HandlerThread:161757 [handler.py:handle_request():144] handle_request: partial_history
2023-09-07 01:42:41,617 DEBUG   SenderThread:161757 [sender.py:send():379] send: history
2023-09-07 01:42:41,618 DEBUG   SenderThread:161757 [sender.py:send_request():406] send_request: summary_record
2023-09-07 01:42:41,619 INFO    SenderThread:161757 [sender.py:_save_file():1375] saving file wandb-summary.json with policy end
2023-09-07 01:42:41,755 INFO    Thread-12 :161757 [dir_watcher.py:_on_file_modified():288] file/dir modified: /root/BitFlip/DQNwithGOAL/outputs/2023-09-07/01-38-40/wandb/run-20230907_013841-w2e2xluc/files/wandb-summary.json
2023-09-07 01:42:42,756 INFO    Thread-12 :161757 [dir_watcher.py:_on_file_modified():288] file/dir modified: /root/BitFlip/DQNwithGOAL/outputs/2023-09-07/01-38-40/wandb/run-20230907_013841-w2e2xluc/files/output.log
2023-09-07 01:42:43,111 DEBUG   SenderThread:161757 [sender.py:send():379] send: stats
2023-09-07 01:42:43,199 DEBUG   HandlerThread:161757 [handler.py:handle_request():144] handle_request: stop_status
2023-09-07 01:42:43,200 DEBUG   SenderThread:161757 [sender.py:send_request():406] send_request: stop_status
2023-09-07 01:42:44,757 INFO    Thread-12 :161757 [dir_watcher.py:_on_file_modified():288] file/dir modified: /root/BitFlip/DQNwithGOAL/outputs/2023-09-07/01-38-40/wandb/run-20230907_013841-w2e2xluc/files/output.log
2023-09-07 01:42:45,506 DEBUG   HandlerThread:161757 [handler.py:handle_request():144] handle_request: status_report
2023-09-07 01:42:46,758 INFO    Thread-12 :161757 [dir_watcher.py:_on_file_modified():288] file/dir modified: /root/BitFlip/DQNwithGOAL/outputs/2023-09-07/01-38-40/wandb/run-20230907_013841-w2e2xluc/files/output.log
2023-09-07 01:42:48,759 INFO    Thread-12 :161757 [dir_watcher.py:_on_file_modified():288] file/dir modified: /root/BitFlip/DQNwithGOAL/outputs/2023-09-07/01-38-40/wandb/run-20230907_013841-w2e2xluc/files/output.log
2023-09-07 01:42:50,602 DEBUG   HandlerThread:161757 [handler.py:handle_request():144] handle_request: status_report
2023-09-07 01:42:50,760 INFO    Thread-12 :161757 [dir_watcher.py:_on_file_modified():288] file/dir modified: /root/BitFlip/DQNwithGOAL/outputs/2023-09-07/01-38-40/wandb/run-20230907_013841-w2e2xluc/files/output.log
2023-09-07 01:42:52,761 INFO    Thread-12 :161757 [dir_watcher.py:_on_file_modified():288] file/dir modified: /root/BitFlip/DQNwithGOAL/outputs/2023-09-07/01-38-40/wandb/run-20230907_013841-w2e2xluc/files/output.log
2023-09-07 01:42:54,639 DEBUG   HandlerThread:161757 [handler.py:handle_request():144] handle_request: partial_history
2023-09-07 01:42:54,642 DEBUG   SenderThread:161757 [sender.py:send():379] send: history
2023-09-07 01:42:54,642 DEBUG   SenderThread:161757 [sender.py:send_request():406] send_request: summary_record
2023-09-07 01:42:54,643 INFO    SenderThread:161757 [sender.py:_save_file():1375] saving file wandb-summary.json with policy end
2023-09-07 01:42:54,762 INFO    Thread-12 :161757 [dir_watcher.py:_on_file_modified():288] file/dir modified: /root/BitFlip/DQNwithGOAL/outputs/2023-09-07/01-38-40/wandb/run-20230907_013841-w2e2xluc/files/wandb-summary.json
2023-09-07 01:42:54,762 INFO    Thread-12 :161757 [dir_watcher.py:_on_file_modified():288] file/dir modified: /root/BitFlip/DQNwithGOAL/outputs/2023-09-07/01-38-40/wandb/run-20230907_013841-w2e2xluc/files/output.log
2023-09-07 01:42:55,678 DEBUG   HandlerThread:161757 [handler.py:handle_request():144] handle_request: status_report
2023-09-07 01:42:56,763 INFO    Thread-12 :161757 [dir_watcher.py:_on_file_modified():288] file/dir modified: /root/BitFlip/DQNwithGOAL/outputs/2023-09-07/01-38-40/wandb/run-20230907_013841-w2e2xluc/files/output.log
2023-09-07 01:42:58,199 DEBUG   HandlerThread:161757 [handler.py:handle_request():144] handle_request: stop_status
2023-09-07 01:42:58,200 DEBUG   SenderThread:161757 [sender.py:send_request():406] send_request: stop_status
2023-09-07 01:42:58,764 INFO    Thread-12 :161757 [dir_watcher.py:_on_file_modified():288] file/dir modified: /root/BitFlip/DQNwithGOAL/outputs/2023-09-07/01-38-40/wandb/run-20230907_013841-w2e2xluc/files/output.log
2023-09-07 01:43:00,712 DEBUG   HandlerThread:161757 [handler.py:handle_request():144] handle_request: status_report
2023-09-07 01:43:00,765 INFO    Thread-12 :161757 [dir_watcher.py:_on_file_modified():288] file/dir modified: /root/BitFlip/DQNwithGOAL/outputs/2023-09-07/01-38-40/wandb/run-20230907_013841-w2e2xluc/files/output.log
2023-09-07 01:43:02,767 INFO    Thread-12 :161757 [dir_watcher.py:_on_file_modified():288] file/dir modified: /root/BitFlip/DQNwithGOAL/outputs/2023-09-07/01-38-40/wandb/run-20230907_013841-w2e2xluc/files/output.log
2023-09-07 01:43:04,768 INFO    Thread-12 :161757 [dir_watcher.py:_on_file_modified():288] file/dir modified: /root/BitFlip/DQNwithGOAL/outputs/2023-09-07/01-38-40/wandb/run-20230907_013841-w2e2xluc/files/output.log
2023-09-07 01:43:05,857 DEBUG   HandlerThread:161757 [handler.py:handle_request():144] handle_request: status_report
2023-09-07 01:43:06,769 INFO    Thread-12 :161757 [dir_watcher.py:_on_file_modified():288] file/dir modified: /root/BitFlip/DQNwithGOAL/outputs/2023-09-07/01-38-40/wandb/run-20230907_013841-w2e2xluc/files/output.log
2023-09-07 01:43:08,046 DEBUG   HandlerThread:161757 [handler.py:handle_request():144] handle_request: partial_history
2023-09-07 01:43:08,048 DEBUG   SenderThread:161757 [sender.py:send():379] send: history
2023-09-07 01:43:08,048 DEBUG   SenderThread:161757 [sender.py:send_request():406] send_request: summary_record
2023-09-07 01:43:08,049 INFO    SenderThread:161757 [sender.py:_save_file():1375] saving file wandb-summary.json with policy end
2023-09-07 01:43:08,771 INFO    Thread-12 :161757 [dir_watcher.py:_on_file_modified():288] file/dir modified: /root/BitFlip/DQNwithGOAL/outputs/2023-09-07/01-38-40/wandb/run-20230907_013841-w2e2xluc/files/wandb-summary.json
2023-09-07 01:43:08,771 INFO    Thread-12 :161757 [dir_watcher.py:_on_file_modified():288] file/dir modified: /root/BitFlip/DQNwithGOAL/outputs/2023-09-07/01-38-40/wandb/run-20230907_013841-w2e2xluc/files/output.log
2023-09-07 01:43:10,772 INFO    Thread-12 :161757 [dir_watcher.py:_on_file_modified():288] file/dir modified: /root/BitFlip/DQNwithGOAL/outputs/2023-09-07/01-38-40/wandb/run-20230907_013841-w2e2xluc/files/output.log
2023-09-07 01:43:10,889 DEBUG   HandlerThread:161757 [handler.py:handle_request():144] handle_request: status_report
2023-09-07 01:43:12,773 INFO    Thread-12 :161757 [dir_watcher.py:_on_file_modified():288] file/dir modified: /root/BitFlip/DQNwithGOAL/outputs/2023-09-07/01-38-40/wandb/run-20230907_013841-w2e2xluc/files/output.log
2023-09-07 01:43:13,114 DEBUG   SenderThread:161757 [sender.py:send():379] send: stats
2023-09-07 01:43:13,199 DEBUG   HandlerThread:161757 [handler.py:handle_request():144] handle_request: stop_status
2023-09-07 01:43:13,200 DEBUG   SenderThread:161757 [sender.py:send_request():406] send_request: stop_status
2023-09-07 01:43:14,775 INFO    Thread-12 :161757 [dir_watcher.py:_on_file_modified():288] file/dir modified: /root/BitFlip/DQNwithGOAL/outputs/2023-09-07/01-38-40/wandb/run-20230907_013841-w2e2xluc/files/output.log
2023-09-07 01:43:15,953 DEBUG   HandlerThread:161757 [handler.py:handle_request():144] handle_request: status_report
2023-09-07 01:43:16,776 INFO    Thread-12 :161757 [dir_watcher.py:_on_file_modified():288] file/dir modified: /root/BitFlip/DQNwithGOAL/outputs/2023-09-07/01-38-40/wandb/run-20230907_013841-w2e2xluc/files/output.log
2023-09-07 01:43:18,777 INFO    Thread-12 :161757 [dir_watcher.py:_on_file_modified():288] file/dir modified: /root/BitFlip/DQNwithGOAL/outputs/2023-09-07/01-38-40/wandb/run-20230907_013841-w2e2xluc/files/output.log
2023-09-07 01:43:20,778 INFO    Thread-12 :161757 [dir_watcher.py:_on_file_modified():288] file/dir modified: /root/BitFlip/DQNwithGOAL/outputs/2023-09-07/01-38-40/wandb/run-20230907_013841-w2e2xluc/files/output.log
2023-09-07 01:43:21,053 DEBUG   HandlerThread:161757 [handler.py:handle_request():144] handle_request: status_report
2023-09-07 01:43:21,122 DEBUG   HandlerThread:161757 [handler.py:handle_request():144] handle_request: partial_history
2023-09-07 01:43:21,124 DEBUG   SenderThread:161757 [sender.py:send():379] send: history
2023-09-07 01:43:21,125 DEBUG   SenderThread:161757 [sender.py:send_request():406] send_request: summary_record
2023-09-07 01:43:21,125 INFO    SenderThread:161757 [sender.py:_save_file():1375] saving file wandb-summary.json with policy end
2023-09-07 01:43:21,779 INFO    Thread-12 :161757 [dir_watcher.py:_on_file_modified():288] file/dir modified: /root/BitFlip/DQNwithGOAL/outputs/2023-09-07/01-38-40/wandb/run-20230907_013841-w2e2xluc/files/wandb-summary.json
2023-09-07 01:43:22,780 INFO    Thread-12 :161757 [dir_watcher.py:_on_file_modified():288] file/dir modified: /root/BitFlip/DQNwithGOAL/outputs/2023-09-07/01-38-40/wandb/run-20230907_013841-w2e2xluc/files/output.log
2023-09-07 01:43:24,781 INFO    Thread-12 :161757 [dir_watcher.py:_on_file_modified():288] file/dir modified: /root/BitFlip/DQNwithGOAL/outputs/2023-09-07/01-38-40/wandb/run-20230907_013841-w2e2xluc/files/output.log
2023-09-07 01:43:26,139 DEBUG   HandlerThread:161757 [handler.py:handle_request():144] handle_request: status_report
2023-09-07 01:43:26,782 INFO    Thread-12 :161757 [dir_watcher.py:_on_file_modified():288] file/dir modified: /root/BitFlip/DQNwithGOAL/outputs/2023-09-07/01-38-40/wandb/run-20230907_013841-w2e2xluc/files/output.log
2023-09-07 01:43:28,200 DEBUG   HandlerThread:161757 [handler.py:handle_request():144] handle_request: stop_status
2023-09-07 01:43:28,202 DEBUG   SenderThread:161757 [sender.py:send_request():406] send_request: stop_status
2023-09-07 01:43:28,783 INFO    Thread-12 :161757 [dir_watcher.py:_on_file_modified():288] file/dir modified: /root/BitFlip/DQNwithGOAL/outputs/2023-09-07/01-38-40/wandb/run-20230907_013841-w2e2xluc/files/output.log
2023-09-07 01:43:30,785 INFO    Thread-12 :161757 [dir_watcher.py:_on_file_modified():288] file/dir modified: /root/BitFlip/DQNwithGOAL/outputs/2023-09-07/01-38-40/wandb/run-20230907_013841-w2e2xluc/files/output.log
2023-09-07 01:43:31,205 DEBUG   HandlerThread:161757 [handler.py:handle_request():144] handle_request: status_report
2023-09-07 01:43:32,786 INFO    Thread-12 :161757 [dir_watcher.py:_on_file_modified():288] file/dir modified: /root/BitFlip/DQNwithGOAL/outputs/2023-09-07/01-38-40/wandb/run-20230907_013841-w2e2xluc/files/output.log
2023-09-07 01:43:33,563 DEBUG   HandlerThread:161757 [handler.py:handle_request():144] handle_request: partial_history
2023-09-07 01:43:33,565 DEBUG   SenderThread:161757 [sender.py:send():379] send: history
2023-09-07 01:43:33,565 DEBUG   SenderThread:161757 [sender.py:send_request():406] send_request: summary_record
2023-09-07 01:43:33,566 INFO    SenderThread:161757 [sender.py:_save_file():1375] saving file wandb-summary.json with policy end
2023-09-07 01:43:33,786 INFO    Thread-12 :161757 [dir_watcher.py:_on_file_modified():288] file/dir modified: /root/BitFlip/DQNwithGOAL/outputs/2023-09-07/01-38-40/wandb/run-20230907_013841-w2e2xluc/files/wandb-summary.json
2023-09-07 01:43:34,787 INFO    Thread-12 :161757 [dir_watcher.py:_on_file_modified():288] file/dir modified: /root/BitFlip/DQNwithGOAL/outputs/2023-09-07/01-38-40/wandb/run-20230907_013841-w2e2xluc/files/output.log
2023-09-07 01:43:36,266 DEBUG   HandlerThread:161757 [handler.py:handle_request():144] handle_request: status_report
2023-09-07 01:43:36,789 INFO    Thread-12 :161757 [dir_watcher.py:_on_file_modified():288] file/dir modified: /root/BitFlip/DQNwithGOAL/outputs/2023-09-07/01-38-40/wandb/run-20230907_013841-w2e2xluc/files/output.log
2023-09-07 01:43:38,790 INFO    Thread-12 :161757 [dir_watcher.py:_on_file_modified():288] file/dir modified: /root/BitFlip/DQNwithGOAL/outputs/2023-09-07/01-38-40/wandb/run-20230907_013841-w2e2xluc/files/output.log
2023-09-07 01:43:40,791 INFO    Thread-12 :161757 [dir_watcher.py:_on_file_modified():288] file/dir modified: /root/BitFlip/DQNwithGOAL/outputs/2023-09-07/01-38-40/wandb/run-20230907_013841-w2e2xluc/files/output.log
2023-09-07 01:43:41,020 ERROR   wandb-upload_0:161757 [internal_api.py:upload_file():2496] upload_file exception https://storage.googleapis.com/wandb-production.appspot.com/chenhaojun001/BitFlip/w2e2xluc/wandb-metadata.json?Expires=1694108323&GoogleAccessId=gorilla-files-url-signer-man%40wandb-production.iam.gserviceaccount.com&Signature=tUHWr747Rlob8G4Y66LxBo59VQ9Dc%2FXN4ghuSsiG8LSXs3y84gX0nGSZYUz2tG%2FgwKj0Ew1eXbIcOSTZwizpRaB8pdaMZ05Y4sP0guxZlCfFbaTE3sxdkeLPNDNerEurRrNuwYJ5oZuF2h24lLkjP0e%2Fh6BrNf%2BfCSF76WZ3YuXeanQTlFADS%2BqM5tCiz2DlIaHlTSDwCQZSypQVsQeFcnvGz%2BaOXaqbVeNTy835PbBBXA0AhWeH5xBg3EmLOW2wbvClBk%2Bdsl3B8eayvh0Nxcvp2v5XqfIj7nUcip6TbUP4A8XKd1WoEw7JwoCUF7BFSV9CY9EnpLpMAeWNJKXGkQ%3D%3D: ('Connection aborted.', ConnectionResetError(104, 'Connection reset by peer'))
2023-09-07 01:43:41,020 ERROR   wandb-upload_0:161757 [internal_api.py:upload_file():2498] upload_file request headers: {'User-Agent': 'python-requests/2.31.0', 'Accept-Encoding': 'gzip, deflate, br', 'Accept': '*/*', 'Connection': 'keep-alive', 'Content-Length': '15229'}
2023-09-07 01:43:41,021 ERROR   wandb-upload_0:161757 [internal_api.py:upload_file():2500] upload_file response body: 
2023-09-07 01:43:41,356 DEBUG   HandlerThread:161757 [handler.py:handle_request():144] handle_request: status_report
